<?xml version="1.0" encoding="UTF-8"?>
<TestRun id="a4bc6457-b033-4e83-9741-a8c752a64f8b" name="skynryd9@LIL-MONEY-PIT 2012-03-18 20:11:27" runUser="Lil-Money-Pit\skynryd9" xmlns="http://microsoft.com/schemas/VisualStudio/TeamTest/2010">
  <TestSettings name="Local" id="edb481bb-0340-4d08-a79e-041a6ff1b069">
    <Description>These are default test settings for a local test run.</Description>
    <Deployment enabled="false" runDeploymentRoot="skynryd9_LIL-MONEY-PIT 2012-03-18 20_11_27">
      <DeploymentItem filename="C:\Development Projects\ENN\ENN\bin\Debug\UserBin\TestUserBinary.dll" />
      <DeploymentItem filename="C:\Development Projects\ENN\ENN.Framework\bin\Debug\ENN.Framework.dll" />
    </Deployment>
    <Execution hostProcessPlatform="MSIL">
      <Hosts skipUnhostableTests="false" />
      <TestTypeSpecific>
        <UnitTestRunConfig testTypeId="13cdc9d9-ddb5-4fa4-a97d-d965ccfc6d4b">
          <AssemblyResolution>
            <TestDirectory useLoadContext="true" />
          </AssemblyResolution>
        </UnitTestRunConfig>
      </TestTypeSpecific>
      <AgentRule name="Execution Agents">
      </AgentRule>
    </Execution>
  </TestSettings>
  <Times creation="2012-03-18T20:11:27.5313329-04:00" queuing="2012-03-18T20:11:27.5973367-04:00" start="2012-03-18T20:11:27.6113375-04:00" finish="2012-03-18T20:11:28.1173664-04:00" />
  <ResultSummary outcome="Completed">
    <Counters total="19" executed="19" passed="19" error="0" failed="0" timeout="0" aborted="0" inconclusive="0" passedButRunAborted="0" notRunnable="0" notExecuted="0" disconnected="0" warning="0" completed="0" inProgress="0" pending="0" />
  </ResultSummary>
  <TestDefinitions>
    <UnitTest name="getActivationFunctionTest" storage="c:\development projects\enn\testsuite\bin\debug\testsuite.dll" id="357b4346-32ed-acf9-652d-d83b6fab665a">
      <Execution id="5c4ca57a-e8fa-4ed1-89d7-f914f22cafbb" />
      <TestMethod codeBase="C:/Development Projects/ENN/TestSuite/bin/Debug/TestSuite.DLL" adapterTypeName="Microsoft.VisualStudio.TestTools.TestTypes.Unit.UnitTestAdapter, Microsoft.VisualStudio.QualityTools.Tips.UnitTest.Adapter, Version=10.0.0.0, Culture=neutral, PublicKeyToken=b03f5f7f11d50a3a" className="TestSuite.Framework.StandLibFactoryTest, TestSuite, Version=1.0.0.0, Culture=neutral, PublicKeyToken=null" name="getActivationFunctionTest" />
    </UnitTest>
    <UnitTest name="LoadText" storage="c:\development projects\enn\testsuite\bin\debug\testsuite.dll" id="895e1ad2-9637-1929-bdca-2e13d6ecdf33">
      <Execution id="9251dc97-a953-4b12-9474-4fe16e6a5c19" />
      <TestMethod codeBase="C:/Development Projects/ENN/TestSuite/bin/Debug/TestSuite.DLL" adapterTypeName="Microsoft.VisualStudio.TestTools.TestTypes.Unit.UnitTestAdapter, Microsoft.VisualStudio.QualityTools.Tips.UnitTest.Adapter, Version=10.0.0.0, Culture=neutral, PublicKeyToken=b03f5f7f11d50a3a" className="TestSuite.Framework.Tools.SettingsTest, TestSuite, Version=1.0.0.0, Culture=neutral, PublicKeyToken=null" name="LoadText" />
    </UnitTest>
    <UnitTest name="SaveLoadBinaryTest" storage="c:\development projects\enn\testsuite\bin\debug\testsuite.dll" id="38c45ed0-2293-3c74-f641-ef31e1cff933">
      <Execution id="3700ca17-9576-4bdf-a273-b1d798bdec3c" />
      <TestMethod codeBase="C:/Development Projects/ENN/TestSuite/bin/Debug/TestSuite.DLL" adapterTypeName="Microsoft.VisualStudio.TestTools.TestTypes.Unit.UnitTestAdapter, Microsoft.VisualStudio.QualityTools.Tips.UnitTest.Adapter, Version=10.0.0.0, Culture=neutral, PublicKeyToken=b03f5f7f11d50a3a" className="TestSuite.Framework.Tools.TopologyTest, TestSuite, Version=1.0.0.0, Culture=neutral, PublicKeyToken=null" name="SaveLoadBinaryTest" />
    </UnitTest>
    <UnitTest name="sumationTest" storage="c:\development projects\enn\testsuite\bin\debug\testsuite.dll" id="d7de268d-ad00-3d1a-9ef6-c7d7c6d2c881">
      <Execution id="3b523d7d-6e75-4aa8-9b2b-f9d6b0a5b950" />
      <TestMethod codeBase="C:/Development Projects/ENN/TestSuite/bin/Debug/TestSuite.DLL" adapterTypeName="Microsoft.VisualStudio.TestTools.TestTypes.Unit.UnitTestAdapter, Microsoft.VisualStudio.QualityTools.Tips.UnitTest.Adapter, Version=10.0.0.0, Culture=neutral, PublicKeyToken=b03f5f7f11d50a3a" className="TestSuite.Framework.CombinationFunctionsTest, TestSuite, Version=1.0.0.0, Culture=neutral, PublicKeyToken=null" name="sumationTest" />
    </UnitTest>
    <UnitTest name="GeneralizedLogisticTest" storage="c:\development projects\enn\testsuite\bin\debug\testsuite.dll" id="d1aa1e04-5762-55e7-0a3f-f25ed3746b8e">
      <Execution id="84447b03-0898-4a00-af7a-e60e4f2cdb9c" />
      <TestMethod codeBase="C:/Development Projects/ENN/TestSuite/bin/Debug/TestSuite.DLL" adapterTypeName="Microsoft.VisualStudio.TestTools.TestTypes.Unit.UnitTestAdapter, Microsoft.VisualStudio.QualityTools.Tips.UnitTest.Adapter, Version=10.0.0.0, Culture=neutral, PublicKeyToken=b03f5f7f11d50a3a" className="TestSuite.Framework.SigmoidFunctionsTest, TestSuite, Version=1.0.0.0, Culture=neutral, PublicKeyToken=null" name="GeneralizedLogisticTest" />
    </UnitTest>
    <UnitTest name="ModifiedLogisticTest" storage="c:\development projects\enn\testsuite\bin\debug\testsuite.dll" id="53c97187-29f3-3a29-3a8c-67e2258754c3">
      <Execution id="9f9f6cae-be4a-4bea-81e4-711c2dbbd975" />
      <TestMethod codeBase="C:/Development Projects/ENN/TestSuite/bin/Debug/TestSuite.DLL" adapterTypeName="Microsoft.VisualStudio.TestTools.TestTypes.Unit.UnitTestAdapter, Microsoft.VisualStudio.QualityTools.Tips.UnitTest.Adapter, Version=10.0.0.0, Culture=neutral, PublicKeyToken=b03f5f7f11d50a3a" className="TestSuite.Framework.SigmoidFunctionsTest, TestSuite, Version=1.0.0.0, Culture=neutral, PublicKeyToken=null" name="ModifiedLogisticTest" />
    </UnitTest>
    <UnitTest name="GeneralizedLogisticTest1" storage="c:\development projects\enn\testsuite\bin\debug\testsuite.dll" id="2c89c367-a74f-da41-08f4-450946228133">
      <Execution id="6592eb27-6c5a-4ddd-a4bc-b885a2e831de" />
      <TestMethod codeBase="C:/Development Projects/ENN/TestSuite/bin/Debug/TestSuite.DLL" adapterTypeName="Microsoft.VisualStudio.TestTools.TestTypes.Unit.UnitTestAdapter, Microsoft.VisualStudio.QualityTools.Tips.UnitTest.Adapter, Version=10.0.0.0, Culture=neutral, PublicKeyToken=b03f5f7f11d50a3a" className="TestSuite.Framework.SigmoidFunctionsTest, TestSuite, Version=1.0.0.0, Culture=neutral, PublicKeyToken=null" name="GeneralizedLogisticTest1" />
    </UnitTest>
    <UnitTest name="SaveText" storage="c:\development projects\enn\testsuite\bin\debug\testsuite.dll" id="dc7516d4-ea11-52ea-592a-675e802b27f3">
      <Execution id="dcaf8771-0740-4c24-91b0-2d48e60cb4a5" />
      <TestMethod codeBase="C:/Development Projects/ENN/TestSuite/bin/Debug/TestSuite.DLL" adapterTypeName="Microsoft.VisualStudio.TestTools.TestTypes.Unit.UnitTestAdapter, Microsoft.VisualStudio.QualityTools.Tips.UnitTest.Adapter, Version=10.0.0.0, Culture=neutral, PublicKeyToken=b03f5f7f11d50a3a" className="TestSuite.Framework.Tools.SettingsTest, TestSuite, Version=1.0.0.0, Culture=neutral, PublicKeyToken=null" name="SaveText" />
    </UnitTest>
    <UnitTest name="productionTest" storage="c:\development projects\enn\testsuite\bin\debug\testsuite.dll" id="41c561ac-f514-03ed-4f2e-66225ee0a9b3">
      <Execution id="9b9b04c8-ed0c-47e9-8a28-314d31ceab5a" />
      <TestMethod codeBase="C:/Development Projects/ENN/TestSuite/bin/Debug/TestSuite.DLL" adapterTypeName="Microsoft.VisualStudio.TestTools.TestTypes.Unit.UnitTestAdapter, Microsoft.VisualStudio.QualityTools.Tips.UnitTest.Adapter, Version=10.0.0.0, Culture=neutral, PublicKeyToken=b03f5f7f11d50a3a" className="TestSuite.Framework.CombinationFunctionsTest, TestSuite, Version=1.0.0.0, Culture=neutral, PublicKeyToken=null" name="productionTest" />
    </UnitTest>
    <UnitTest name="getCombinationFunctionTest" storage="c:\development projects\enn\testsuite\bin\debug\testsuite.dll" id="349f5a51-cd4a-74bd-4680-47d19c2c213f">
      <Execution id="60dcd65e-8e2e-4f36-a57a-fbb13f42184e" />
      <TestMethod codeBase="C:/Development Projects/ENN/TestSuite/bin/Debug/TestSuite.DLL" adapterTypeName="Microsoft.VisualStudio.TestTools.TestTypes.Unit.UnitTestAdapter, Microsoft.VisualStudio.QualityTools.Tips.UnitTest.Adapter, Version=10.0.0.0, Culture=neutral, PublicKeyToken=b03f5f7f11d50a3a" className="TestSuite.Framework.StandLibFactoryTest, TestSuite, Version=1.0.0.0, Culture=neutral, PublicKeyToken=null" name="getCombinationFunctionTest" />
    </UnitTest>
    <UnitTest name="SaveLoadBinary" storage="c:\development projects\enn\testsuite\bin\debug\testsuite.dll" id="b956f179-a280-645c-1bae-ce922e14d496">
      <Execution id="46f28445-44bc-49e2-b3a5-d125c5cb4704" />
      <TestMethod codeBase="C:/Development Projects/ENN/TestSuite/bin/Debug/TestSuite.DLL" adapterTypeName="Microsoft.VisualStudio.TestTools.TestTypes.Unit.UnitTestAdapter, Microsoft.VisualStudio.QualityTools.Tips.UnitTest.Adapter, Version=10.0.0.0, Culture=neutral, PublicKeyToken=b03f5f7f11d50a3a" className="TestSuite.Framework.Tools.SettingsTest, TestSuite, Version=1.0.0.0, Culture=neutral, PublicKeyToken=null" name="SaveLoadBinary" />
    </UnitTest>
    <UnitTest name="EqualsTest" storage="c:\development projects\enn\testsuite\bin\debug\testsuite.dll" id="5577bcbe-3b62-1f0a-eed4-fd75c6d9137e">
      <Execution id="f8df7f31-b27f-41c2-a73b-830c4c3dce6f" />
      <TestMethod codeBase="C:/Development Projects/ENN/TestSuite/bin/Debug/TestSuite.DLL" adapterTypeName="Microsoft.VisualStudio.TestTools.TestTypes.Unit.UnitTestAdapter, Microsoft.VisualStudio.QualityTools.Tips.UnitTest.Adapter, Version=10.0.0.0, Culture=neutral, PublicKeyToken=b03f5f7f11d50a3a" className="TestSuite.Framework.NetworkSettingsTest, TestSuite, Version=1.0.0.0, Culture=neutral, PublicKeyToken=null" name="EqualsTest" />
    </UnitTest>
    <UnitTest name="LoadTextTest" storage="c:\development projects\enn\testsuite\bin\debug\testsuite.dll" id="7d8ab741-01d2-0d2d-1e29-c0fcb83101fd">
      <Execution id="16479862-0387-4966-86f4-5e1fec6d9f0d" />
      <TestMethod codeBase="C:/Development Projects/ENN/TestSuite/bin/Debug/TestSuite.DLL" adapterTypeName="Microsoft.VisualStudio.TestTools.TestTypes.Unit.UnitTestAdapter, Microsoft.VisualStudio.QualityTools.Tips.UnitTest.Adapter, Version=10.0.0.0, Culture=neutral, PublicKeyToken=b03f5f7f11d50a3a" className="TestSuite.Framework.Tools.TopologyTest, TestSuite, Version=1.0.0.0, Culture=neutral, PublicKeyToken=null" name="LoadTextTest" />
    </UnitTest>
    <UnitTest name="HyperbolicTangentTest" storage="c:\development projects\enn\testsuite\bin\debug\testsuite.dll" id="6d9bec79-b5da-bc4a-5a65-b5aeaeb99bc5">
      <Execution id="133bc183-0346-4fc8-af44-b871f6bc5875" />
      <TestMethod codeBase="C:/Development Projects/ENN/TestSuite/bin/Debug/TestSuite.DLL" adapterTypeName="Microsoft.VisualStudio.TestTools.TestTypes.Unit.UnitTestAdapter, Microsoft.VisualStudio.QualityTools.Tips.UnitTest.Adapter, Version=10.0.0.0, Culture=neutral, PublicKeyToken=b03f5f7f11d50a3a" className="TestSuite.Framework.SigmoidFunctionsTest, TestSuite, Version=1.0.0.0, Culture=neutral, PublicKeyToken=null" name="HyperbolicTangentTest" />
    </UnitTest>
    <UnitTest name="EqualsTest" storage="c:\development projects\enn\testsuite\bin\debug\testsuite.dll" id="8de660a6-a5b4-4a08-e168-84d6a8847c2d">
      <Execution id="1a0605af-9376-48b2-bc58-e99815221140" />
      <TestMethod codeBase="C:/Development Projects/ENN/TestSuite/bin/Debug/TestSuite.DLL" adapterTypeName="Microsoft.VisualStudio.TestTools.TestTypes.Unit.UnitTestAdapter, Microsoft.VisualStudio.QualityTools.Tips.UnitTest.Adapter, Version=10.0.0.0, Culture=neutral, PublicKeyToken=b03f5f7f11d50a3a" className="TestSuite.Framework.NetworkTopologyTest, TestSuite, Version=1.0.0.0, Culture=neutral, PublicKeyToken=null" name="EqualsTest" />
    </UnitTest>
    <UnitTest name="SimpleAlgebraTest" storage="c:\development projects\enn\testsuite\bin\debug\testsuite.dll" id="56dba6eb-083e-0230-0e94-72afb7f4ca1f">
      <Execution id="ce3999c2-8fe2-4fa1-919d-467460e400cc" />
      <TestMethod codeBase="C:/Development Projects/ENN/TestSuite/bin/Debug/TestSuite.DLL" adapterTypeName="Microsoft.VisualStudio.TestTools.TestTypes.Unit.UnitTestAdapter, Microsoft.VisualStudio.QualityTools.Tips.UnitTest.Adapter, Version=10.0.0.0, Culture=neutral, PublicKeyToken=b03f5f7f11d50a3a" className="TestSuite.Framework.SigmoidFunctionsTest, TestSuite, Version=1.0.0.0, Culture=neutral, PublicKeyToken=null" name="SimpleAlgebraTest" />
    </UnitTest>
    <UnitTest name="SaveTextTest" storage="c:\development projects\enn\testsuite\bin\debug\testsuite.dll" id="49de5b48-9eaf-d0db-f8b0-e44b0098530f">
      <Execution id="f6500aba-3bbb-4e06-a034-77982c3f42da" />
      <TestMethod codeBase="C:/Development Projects/ENN/TestSuite/bin/Debug/TestSuite.DLL" adapterTypeName="Microsoft.VisualStudio.TestTools.TestTypes.Unit.UnitTestAdapter, Microsoft.VisualStudio.QualityTools.Tips.UnitTest.Adapter, Version=10.0.0.0, Culture=neutral, PublicKeyToken=b03f5f7f11d50a3a" className="TestSuite.Framework.Tools.TopologyTest, TestSuite, Version=1.0.0.0, Culture=neutral, PublicKeyToken=null" name="SaveTextTest" />
    </UnitTest>
    <UnitTest name="ParseListTest" storage="c:\development projects\enn\testsuite\bin\debug\testsuite.dll" id="e28af217-9e05-374a-b589-3e0e31013f06">
      <Execution id="4a5bd42c-f1c1-49fd-b9c8-ceff26f78e93" />
      <TestMethod codeBase="C:/Development Projects/ENN/TestSuite/bin/Debug/TestSuite.DLL" adapterTypeName="Microsoft.VisualStudio.TestTools.TestTypes.Unit.UnitTestAdapter, Microsoft.VisualStudio.QualityTools.Tips.UnitTest.Adapter, Version=10.0.0.0, Culture=neutral, PublicKeyToken=b03f5f7f11d50a3a" className="TestSuite.Framework.StandLibFactoryTest, TestSuite, Version=1.0.0.0, Culture=neutral, PublicKeyToken=null" name="ParseListTest" />
    </UnitTest>
    <UnitTest name="LogisticTest" storage="c:\development projects\enn\testsuite\bin\debug\testsuite.dll" id="ca9b7ca8-ec0a-3d74-80eb-bb3fce3380f1">
      <Execution id="06fea457-0150-4174-827f-58f5d6dbb66a" />
      <TestMethod codeBase="C:/Development Projects/ENN/TestSuite/bin/Debug/TestSuite.DLL" adapterTypeName="Microsoft.VisualStudio.TestTools.TestTypes.Unit.UnitTestAdapter, Microsoft.VisualStudio.QualityTools.Tips.UnitTest.Adapter, Version=10.0.0.0, Culture=neutral, PublicKeyToken=b03f5f7f11d50a3a" className="TestSuite.Framework.SigmoidFunctionsTest, TestSuite, Version=1.0.0.0, Culture=neutral, PublicKeyToken=null" name="LogisticTest" />
    </UnitTest>
  </TestDefinitions>
  <TestLists>
    <TestList name="Results Not in a List" id="8c84fa94-04c1-424b-9868-57a2d4851a1d" />
    <TestList name="All Loaded Results" id="19431567-8539-422a-85d7-44ee4e166bda" />
  </TestLists>
  <TestEntries>
    <TestEntry testId="2c89c367-a74f-da41-08f4-450946228133" executionId="6592eb27-6c5a-4ddd-a4bc-b885a2e831de" testListId="8c84fa94-04c1-424b-9868-57a2d4851a1d" />
    <TestEntry testId="349f5a51-cd4a-74bd-4680-47d19c2c213f" executionId="60dcd65e-8e2e-4f36-a57a-fbb13f42184e" testListId="8c84fa94-04c1-424b-9868-57a2d4851a1d" />
    <TestEntry testId="357b4346-32ed-acf9-652d-d83b6fab665a" executionId="5c4ca57a-e8fa-4ed1-89d7-f914f22cafbb" testListId="8c84fa94-04c1-424b-9868-57a2d4851a1d" />
    <TestEntry testId="38c45ed0-2293-3c74-f641-ef31e1cff933" executionId="3700ca17-9576-4bdf-a273-b1d798bdec3c" testListId="8c84fa94-04c1-424b-9868-57a2d4851a1d" />
    <TestEntry testId="41c561ac-f514-03ed-4f2e-66225ee0a9b3" executionId="9b9b04c8-ed0c-47e9-8a28-314d31ceab5a" testListId="8c84fa94-04c1-424b-9868-57a2d4851a1d" />
    <TestEntry testId="49de5b48-9eaf-d0db-f8b0-e44b0098530f" executionId="f6500aba-3bbb-4e06-a034-77982c3f42da" testListId="8c84fa94-04c1-424b-9868-57a2d4851a1d" />
    <TestEntry testId="53c97187-29f3-3a29-3a8c-67e2258754c3" executionId="9f9f6cae-be4a-4bea-81e4-711c2dbbd975" testListId="8c84fa94-04c1-424b-9868-57a2d4851a1d" />
    <TestEntry testId="5577bcbe-3b62-1f0a-eed4-fd75c6d9137e" executionId="f8df7f31-b27f-41c2-a73b-830c4c3dce6f" testListId="8c84fa94-04c1-424b-9868-57a2d4851a1d" />
    <TestEntry testId="56dba6eb-083e-0230-0e94-72afb7f4ca1f" executionId="ce3999c2-8fe2-4fa1-919d-467460e400cc" testListId="8c84fa94-04c1-424b-9868-57a2d4851a1d" />
    <TestEntry testId="6d9bec79-b5da-bc4a-5a65-b5aeaeb99bc5" executionId="133bc183-0346-4fc8-af44-b871f6bc5875" testListId="8c84fa94-04c1-424b-9868-57a2d4851a1d" />
    <TestEntry testId="7d8ab741-01d2-0d2d-1e29-c0fcb83101fd" executionId="16479862-0387-4966-86f4-5e1fec6d9f0d" testListId="8c84fa94-04c1-424b-9868-57a2d4851a1d" />
    <TestEntry testId="895e1ad2-9637-1929-bdca-2e13d6ecdf33" executionId="9251dc97-a953-4b12-9474-4fe16e6a5c19" testListId="8c84fa94-04c1-424b-9868-57a2d4851a1d" />
    <TestEntry testId="8de660a6-a5b4-4a08-e168-84d6a8847c2d" executionId="1a0605af-9376-48b2-bc58-e99815221140" testListId="8c84fa94-04c1-424b-9868-57a2d4851a1d" />
    <TestEntry testId="b956f179-a280-645c-1bae-ce922e14d496" executionId="46f28445-44bc-49e2-b3a5-d125c5cb4704" testListId="8c84fa94-04c1-424b-9868-57a2d4851a1d" />
    <TestEntry testId="ca9b7ca8-ec0a-3d74-80eb-bb3fce3380f1" executionId="06fea457-0150-4174-827f-58f5d6dbb66a" testListId="8c84fa94-04c1-424b-9868-57a2d4851a1d" />
    <TestEntry testId="d1aa1e04-5762-55e7-0a3f-f25ed3746b8e" executionId="84447b03-0898-4a00-af7a-e60e4f2cdb9c" testListId="8c84fa94-04c1-424b-9868-57a2d4851a1d" />
    <TestEntry testId="d7de268d-ad00-3d1a-9ef6-c7d7c6d2c881" executionId="3b523d7d-6e75-4aa8-9b2b-f9d6b0a5b950" testListId="8c84fa94-04c1-424b-9868-57a2d4851a1d" />
    <TestEntry testId="dc7516d4-ea11-52ea-592a-675e802b27f3" executionId="dcaf8771-0740-4c24-91b0-2d48e60cb4a5" testListId="8c84fa94-04c1-424b-9868-57a2d4851a1d" />
    <TestEntry testId="e28af217-9e05-374a-b589-3e0e31013f06" executionId="4a5bd42c-f1c1-49fd-b9c8-ceff26f78e93" testListId="8c84fa94-04c1-424b-9868-57a2d4851a1d" />
  </TestEntries>
  <Results>
    <UnitTestResult executionId="6592eb27-6c5a-4ddd-a4bc-b885a2e831de" testId="2c89c367-a74f-da41-08f4-450946228133" testName="GeneralizedLogisticTest1" computerName="LIL-MONEY-PIT" duration="00:00:00.0406368" startTime="2012-03-18T20:11:27.6203380-04:00" endTime="2012-03-18T20:11:27.9103546-04:00" testType="13cdc9d9-ddb5-4fa4-a97d-d965ccfc6d4b" outcome="Passed" testListId="8c84fa94-04c1-424b-9868-57a2d4851a1d" relativeResultsDirectory="6592eb27-6c5a-4ddd-a4bc-b885a2e831de">
    </UnitTestResult>
    <UnitTestResult executionId="60dcd65e-8e2e-4f36-a57a-fbb13f42184e" testId="349f5a51-cd4a-74bd-4680-47d19c2c213f" testName="getCombinationFunctionTest" computerName="LIL-MONEY-PIT" duration="00:00:00.0014174" startTime="2012-03-18T20:11:27.9123547-04:00" endTime="2012-03-18T20:11:27.9173550-04:00" testType="13cdc9d9-ddb5-4fa4-a97d-d965ccfc6d4b" outcome="Passed" testListId="8c84fa94-04c1-424b-9868-57a2d4851a1d" relativeResultsDirectory="60dcd65e-8e2e-4f36-a57a-fbb13f42184e">
    </UnitTestResult>
    <UnitTestResult executionId="5c4ca57a-e8fa-4ed1-89d7-f914f22cafbb" testId="357b4346-32ed-acf9-652d-d83b6fab665a" testName="getActivationFunctionTest" computerName="LIL-MONEY-PIT" duration="00:00:00.0011113" startTime="2012-03-18T20:11:27.9203551-04:00" endTime="2012-03-18T20:11:27.9243554-04:00" testType="13cdc9d9-ddb5-4fa4-a97d-d965ccfc6d4b" outcome="Passed" testListId="8c84fa94-04c1-424b-9868-57a2d4851a1d" relativeResultsDirectory="5c4ca57a-e8fa-4ed1-89d7-f914f22cafbb">
    </UnitTestResult>
    <UnitTestResult executionId="3700ca17-9576-4bdf-a273-b1d798bdec3c" testId="38c45ed0-2293-3c74-f641-ef31e1cff933" testName="SaveLoadBinaryTest" computerName="LIL-MONEY-PIT" duration="00:00:00.0236719" startTime="2012-03-18T20:11:27.9273555-04:00" endTime="2012-03-18T20:11:27.9543571-04:00" testType="13cdc9d9-ddb5-4fa4-a97d-d965ccfc6d4b" outcome="Passed" testListId="8c84fa94-04c1-424b-9868-57a2d4851a1d" relativeResultsDirectory="3700ca17-9576-4bdf-a273-b1d798bdec3c">
    </UnitTestResult>
    <UnitTestResult executionId="9b9b04c8-ed0c-47e9-8a28-314d31ceab5a" testId="41c561ac-f514-03ed-4f2e-66225ee0a9b3" testName="productionTest" computerName="LIL-MONEY-PIT" duration="00:00:00.0030164" startTime="2012-03-18T20:11:27.9563572-04:00" endTime="2012-03-18T20:11:27.9633576-04:00" testType="13cdc9d9-ddb5-4fa4-a97d-d965ccfc6d4b" outcome="Passed" testListId="8c84fa94-04c1-424b-9868-57a2d4851a1d" relativeResultsDirectory="9b9b04c8-ed0c-47e9-8a28-314d31ceab5a">
    </UnitTestResult>
    <UnitTestResult executionId="f6500aba-3bbb-4e06-a034-77982c3f42da" testId="49de5b48-9eaf-d0db-f8b0-e44b0098530f" testName="SaveTextTest" computerName="LIL-MONEY-PIT" duration="00:00:00.0280696" startTime="2012-03-18T20:11:27.9653577-04:00" endTime="2012-03-18T20:11:27.9973595-04:00" testType="13cdc9d9-ddb5-4fa4-a97d-d965ccfc6d4b" outcome="Passed" testListId="8c84fa94-04c1-424b-9868-57a2d4851a1d" relativeResultsDirectory="f6500aba-3bbb-4e06-a034-77982c3f42da">
    </UnitTestResult>
    <UnitTestResult executionId="9f9f6cae-be4a-4bea-81e4-711c2dbbd975" testId="53c97187-29f3-3a29-3a8c-67e2258754c3" testName="ModifiedLogisticTest" computerName="LIL-MONEY-PIT" duration="00:00:00.0005674" startTime="2012-03-18T20:11:27.9993597-04:00" endTime="2012-03-18T20:11:28.0023598-04:00" testType="13cdc9d9-ddb5-4fa4-a97d-d965ccfc6d4b" outcome="Passed" testListId="8c84fa94-04c1-424b-9868-57a2d4851a1d" relativeResultsDirectory="9f9f6cae-be4a-4bea-81e4-711c2dbbd975">
    </UnitTestResult>
    <UnitTestResult executionId="f8df7f31-b27f-41c2-a73b-830c4c3dce6f" testId="5577bcbe-3b62-1f0a-eed4-fd75c6d9137e" testName="EqualsTest" computerName="LIL-MONEY-PIT" duration="00:00:00.0056873" startTime="2012-03-18T20:11:28.0043599-04:00" endTime="2012-03-18T20:11:28.0123604-04:00" testType="13cdc9d9-ddb5-4fa4-a97d-d965ccfc6d4b" outcome="Passed" testListId="8c84fa94-04c1-424b-9868-57a2d4851a1d" relativeResultsDirectory="f8df7f31-b27f-41c2-a73b-830c4c3dce6f">
    </UnitTestResult>
    <UnitTestResult executionId="ce3999c2-8fe2-4fa1-919d-467460e400cc" testId="56dba6eb-083e-0230-0e94-72afb7f4ca1f" testName="SimpleAlgebraTest" computerName="LIL-MONEY-PIT" duration="00:00:00.0005932" startTime="2012-03-18T20:11:28.0143605-04:00" endTime="2012-03-18T20:11:28.0173607-04:00" testType="13cdc9d9-ddb5-4fa4-a97d-d965ccfc6d4b" outcome="Passed" testListId="8c84fa94-04c1-424b-9868-57a2d4851a1d" relativeResultsDirectory="ce3999c2-8fe2-4fa1-919d-467460e400cc">
    </UnitTestResult>
    <UnitTestResult executionId="133bc183-0346-4fc8-af44-b871f6bc5875" testId="6d9bec79-b5da-bc4a-5a65-b5aeaeb99bc5" testName="HyperbolicTangentTest" computerName="LIL-MONEY-PIT" duration="00:00:00.0005466" startTime="2012-03-18T20:11:28.0203609-04:00" endTime="2012-03-18T20:11:28.0233610-04:00" testType="13cdc9d9-ddb5-4fa4-a97d-d965ccfc6d4b" outcome="Passed" testListId="8c84fa94-04c1-424b-9868-57a2d4851a1d" relativeResultsDirectory="133bc183-0346-4fc8-af44-b871f6bc5875">
    </UnitTestResult>
    <UnitTestResult executionId="16479862-0387-4966-86f4-5e1fec6d9f0d" testId="7d8ab741-01d2-0d2d-1e29-c0fcb83101fd" testName="LoadTextTest" computerName="LIL-MONEY-PIT" duration="00:00:00.0009889" startTime="2012-03-18T20:11:28.0253611-04:00" endTime="2012-03-18T20:11:28.0293614-04:00" testType="13cdc9d9-ddb5-4fa4-a97d-d965ccfc6d4b" outcome="Passed" testListId="8c84fa94-04c1-424b-9868-57a2d4851a1d" relativeResultsDirectory="16479862-0387-4966-86f4-5e1fec6d9f0d">
    </UnitTestResult>
    <UnitTestResult executionId="9251dc97-a953-4b12-9474-4fe16e6a5c19" testId="895e1ad2-9637-1929-bdca-2e13d6ecdf33" testName="LoadText" computerName="LIL-MONEY-PIT" duration="00:00:00.0049008" startTime="2012-03-18T20:11:28.0313615-04:00" endTime="2012-03-18T20:11:28.0393619-04:00" testType="13cdc9d9-ddb5-4fa4-a97d-d965ccfc6d4b" outcome="Passed" testListId="8c84fa94-04c1-424b-9868-57a2d4851a1d" relativeResultsDirectory="9251dc97-a953-4b12-9474-4fe16e6a5c19">
    </UnitTestResult>
    <UnitTestResult executionId="1a0605af-9376-48b2-bc58-e99815221140" testId="8de660a6-a5b4-4a08-e168-84d6a8847c2d" testName="EqualsTest" computerName="LIL-MONEY-PIT" duration="00:00:00.0013473" startTime="2012-03-18T20:11:28.0413621-04:00" endTime="2012-03-18T20:11:28.0463623-04:00" testType="13cdc9d9-ddb5-4fa4-a97d-d965ccfc6d4b" outcome="Passed" testListId="8c84fa94-04c1-424b-9868-57a2d4851a1d" relativeResultsDirectory="1a0605af-9376-48b2-bc58-e99815221140">
    </UnitTestResult>
    <UnitTestResult executionId="46f28445-44bc-49e2-b3a5-d125c5cb4704" testId="b956f179-a280-645c-1bae-ce922e14d496" testName="SaveLoadBinary" computerName="LIL-MONEY-PIT" duration="00:00:00.0038991" startTime="2012-03-18T20:11:28.0483625-04:00" endTime="2012-03-18T20:11:28.0553629-04:00" testType="13cdc9d9-ddb5-4fa4-a97d-d965ccfc6d4b" outcome="Passed" testListId="8c84fa94-04c1-424b-9868-57a2d4851a1d" relativeResultsDirectory="46f28445-44bc-49e2-b3a5-d125c5cb4704">
    </UnitTestResult>
    <UnitTestResult executionId="06fea457-0150-4174-827f-58f5d6dbb66a" testId="ca9b7ca8-ec0a-3d74-80eb-bb3fce3380f1" testName="LogisticTest" computerName="LIL-MONEY-PIT" duration="00:00:00.0005200" startTime="2012-03-18T20:11:28.0573630-04:00" endTime="2012-03-18T20:11:28.0603631-04:00" testType="13cdc9d9-ddb5-4fa4-a97d-d965ccfc6d4b" outcome="Passed" testListId="8c84fa94-04c1-424b-9868-57a2d4851a1d" relativeResultsDirectory="06fea457-0150-4174-827f-58f5d6dbb66a">
    </UnitTestResult>
    <UnitTestResult executionId="84447b03-0898-4a00-af7a-e60e4f2cdb9c" testId="d1aa1e04-5762-55e7-0a3f-f25ed3746b8e" testName="GeneralizedLogisticTest" computerName="LIL-MONEY-PIT" duration="00:00:00.0005400" startTime="2012-03-18T20:11:28.0623633-04:00" endTime="2012-03-18T20:11:28.0663635-04:00" testType="13cdc9d9-ddb5-4fa4-a97d-d965ccfc6d4b" outcome="Passed" testListId="8c84fa94-04c1-424b-9868-57a2d4851a1d" relativeResultsDirectory="84447b03-0898-4a00-af7a-e60e4f2cdb9c">
    </UnitTestResult>
    <UnitTestResult executionId="3b523d7d-6e75-4aa8-9b2b-f9d6b0a5b950" testId="d7de268d-ad00-3d1a-9ef6-c7d7c6d2c881" testName="sumationTest" computerName="LIL-MONEY-PIT" duration="00:00:00.0008199" startTime="2012-03-18T20:11:28.0683636-04:00" endTime="2012-03-18T20:11:28.0723638-04:00" testType="13cdc9d9-ddb5-4fa4-a97d-d965ccfc6d4b" outcome="Passed" testListId="8c84fa94-04c1-424b-9868-57a2d4851a1d" relativeResultsDirectory="3b523d7d-6e75-4aa8-9b2b-f9d6b0a5b950">
    </UnitTestResult>
    <UnitTestResult executionId="dcaf8771-0740-4c24-91b0-2d48e60cb4a5" testId="dc7516d4-ea11-52ea-592a-675e802b27f3" testName="SaveText" computerName="LIL-MONEY-PIT" duration="00:00:00.0039657" startTime="2012-03-18T20:11:28.0753640-04:00" endTime="2012-03-18T20:11:28.0813643-04:00" testType="13cdc9d9-ddb5-4fa4-a97d-d965ccfc6d4b" outcome="Passed" testListId="8c84fa94-04c1-424b-9868-57a2d4851a1d" relativeResultsDirectory="dcaf8771-0740-4c24-91b0-2d48e60cb4a5">
    </UnitTestResult>
    <UnitTestResult executionId="4a5bd42c-f1c1-49fd-b9c8-ceff26f78e93" testId="e28af217-9e05-374a-b589-3e0e31013f06" testName="ParseListTest" computerName="LIL-MONEY-PIT" duration="00:00:00.0012484" startTime="2012-03-18T20:11:28.0833645-04:00" endTime="2012-03-18T20:11:28.0873647-04:00" testType="13cdc9d9-ddb5-4fa4-a97d-d965ccfc6d4b" outcome="Passed" testListId="8c84fa94-04c1-424b-9868-57a2d4851a1d" relativeResultsDirectory="4a5bd42c-f1c1-49fd-b9c8-ceff26f78e93">
    </UnitTestResult>
  </Results>
</TestRun>