<?xml version="1.0" encoding="UTF-8"?>
<TestRun id="7335a5c9-9dba-498d-a083-e836dce76329" name="skynryd9@LIL-MONEY-PIT 2012-03-18 20:09:42" runUser="Lil-Money-Pit\skynryd9" xmlns="http://microsoft.com/schemas/VisualStudio/TeamTest/2010">
  <TestSettings name="Local" id="edb481bb-0340-4d08-a79e-041a6ff1b069">
    <Description>These are default test settings for a local test run.</Description>
    <Deployment enabled="false" runDeploymentRoot="skynryd9_LIL-MONEY-PIT 2012-03-18 20_09_42">
      <DeploymentItem filename="C:\Development Projects\ENN\ENN\bin\Debug\UserBin\TestUserBinary.dll" />
      <DeploymentItem filename="C:\Development Projects\ENN\ENN.Framework\bin\Debug\ENN.Framework.dll" />
    </Deployment>
    <Execution hostProcessPlatform="MSIL">
      <Hosts skipUnhostableTests="false" />
      <TestTypeSpecific>
        <UnitTestRunConfig testTypeId="13cdc9d9-ddb5-4fa4-a97d-d965ccfc6d4b">
          <AssemblyResolution>
            <TestDirectory useLoadContext="true" />
          </AssemblyResolution>
        </UnitTestRunConfig>
      </TestTypeSpecific>
      <AgentRule name="Execution Agents">
      </AgentRule>
    </Execution>
  </TestSettings>
  <Times creation="2012-03-18T20:09:42.7920353-04:00" queuing="2012-03-18T20:09:42.8760401-04:00" start="2012-03-18T20:09:42.8880408-04:00" finish="2012-03-18T20:09:43.4680740-04:00" />
  <ResultSummary outcome="Failed">
    <Counters total="20" executed="20" passed="16" error="0" failed="4" timeout="0" aborted="0" inconclusive="0" passedButRunAborted="0" notRunnable="0" notExecuted="0" disconnected="0" warning="0" completed="0" inProgress="0" pending="0" />
  </ResultSummary>
  <TestDefinitions>
    <UnitTest name="getActivationFunctionTest" storage="c:\development projects\enn\testsuite\bin\debug\testsuite.dll" id="357b4346-32ed-acf9-652d-d83b6fab665a">
      <Execution id="6b419444-38d3-4fdc-884e-69d4558eb6d2" />
      <TestMethod codeBase="C:/Development Projects/ENN/TestSuite/bin/Debug/TestSuite.DLL" adapterTypeName="Microsoft.VisualStudio.TestTools.TestTypes.Unit.UnitTestAdapter, Microsoft.VisualStudio.QualityTools.Tips.UnitTest.Adapter, Version=10.0.0.0, Culture=neutral, PublicKeyToken=b03f5f7f11d50a3a" className="TestSuite.Framework.StandLibFactoryTest, TestSuite, Version=1.0.0.0, Culture=neutral, PublicKeyToken=null" name="getActivationFunctionTest" />
    </UnitTest>
    <UnitTest name="LoadText" storage="c:\development projects\enn\testsuite\bin\debug\testsuite.dll" id="895e1ad2-9637-1929-bdca-2e13d6ecdf33">
      <Execution id="4e73cad6-819f-4ffa-b114-a81e12bb018d" />
      <TestMethod codeBase="C:/Development Projects/ENN/TestSuite/bin/Debug/TestSuite.DLL" adapterTypeName="Microsoft.VisualStudio.TestTools.TestTypes.Unit.UnitTestAdapter, Microsoft.VisualStudio.QualityTools.Tips.UnitTest.Adapter, Version=10.0.0.0, Culture=neutral, PublicKeyToken=b03f5f7f11d50a3a" className="TestSuite.Framework.Tools.SettingsTest, TestSuite, Version=1.0.0.0, Culture=neutral, PublicKeyToken=null" name="LoadText" />
    </UnitTest>
    <UnitTest name="SaveLoadBinaryTest" storage="c:\development projects\enn\testsuite\bin\debug\testsuite.dll" id="38c45ed0-2293-3c74-f641-ef31e1cff933">
      <Execution id="35ca6e38-984c-4c5a-9125-f5957c511566" />
      <TestMethod codeBase="C:/Development Projects/ENN/TestSuite/bin/Debug/TestSuite.DLL" adapterTypeName="Microsoft.VisualStudio.TestTools.TestTypes.Unit.UnitTestAdapter, Microsoft.VisualStudio.QualityTools.Tips.UnitTest.Adapter, Version=10.0.0.0, Culture=neutral, PublicKeyToken=b03f5f7f11d50a3a" className="TestSuite.Framework.Tools.TopologyTest, TestSuite, Version=1.0.0.0, Culture=neutral, PublicKeyToken=null" name="SaveLoadBinaryTest" />
    </UnitTest>
    <UnitTest name="sumationTest" storage="c:\development projects\enn\testsuite\bin\debug\testsuite.dll" id="d7de268d-ad00-3d1a-9ef6-c7d7c6d2c881">
      <Execution id="1178875b-29a3-42f8-b53b-7e31ebd8884a" />
      <TestMethod codeBase="C:/Development Projects/ENN/TestSuite/bin/Debug/TestSuite.DLL" adapterTypeName="Microsoft.VisualStudio.TestTools.TestTypes.Unit.UnitTestAdapter, Microsoft.VisualStudio.QualityTools.Tips.UnitTest.Adapter, Version=10.0.0.0, Culture=neutral, PublicKeyToken=b03f5f7f11d50a3a" className="TestSuite.Framework.CombinationFunctionsTest, TestSuite, Version=1.0.0.0, Culture=neutral, PublicKeyToken=null" name="sumationTest" />
    </UnitTest>
    <UnitTest name="GeneralizedLogisticTest" storage="c:\development projects\enn\testsuite\bin\debug\testsuite.dll" id="d1aa1e04-5762-55e7-0a3f-f25ed3746b8e">
      <Execution id="a1d4b62b-7e8c-4aba-8822-75f99fa3524e" />
      <TestMethod codeBase="C:/Development Projects/ENN/TestSuite/bin/Debug/TestSuite.DLL" adapterTypeName="Microsoft.VisualStudio.TestTools.TestTypes.Unit.UnitTestAdapter, Microsoft.VisualStudio.QualityTools.Tips.UnitTest.Adapter, Version=10.0.0.0, Culture=neutral, PublicKeyToken=b03f5f7f11d50a3a" className="TestSuite.Framework.SigmoidFunctionsTest, TestSuite, Version=1.0.0.0, Culture=neutral, PublicKeyToken=null" name="GeneralizedLogisticTest" />
    </UnitTest>
    <UnitTest name="ModifiedLogisticTest" storage="c:\development projects\enn\testsuite\bin\debug\testsuite.dll" id="53c97187-29f3-3a29-3a8c-67e2258754c3">
      <Execution id="6e433821-382a-4374-a13c-a0d471c81e43" />
      <TestMethod codeBase="C:/Development Projects/ENN/TestSuite/bin/Debug/TestSuite.DLL" adapterTypeName="Microsoft.VisualStudio.TestTools.TestTypes.Unit.UnitTestAdapter, Microsoft.VisualStudio.QualityTools.Tips.UnitTest.Adapter, Version=10.0.0.0, Culture=neutral, PublicKeyToken=b03f5f7f11d50a3a" className="TestSuite.Framework.SigmoidFunctionsTest, TestSuite, Version=1.0.0.0, Culture=neutral, PublicKeyToken=null" name="ModifiedLogisticTest" />
    </UnitTest>
    <UnitTest name="GeneralizedLogisticTest1" storage="c:\development projects\enn\testsuite\bin\debug\testsuite.dll" id="2c89c367-a74f-da41-08f4-450946228133">
      <Execution id="d33a9f9e-3acb-4895-bd93-a1722cc6e5f6" />
      <TestMethod codeBase="C:/Development Projects/ENN/TestSuite/bin/Debug/TestSuite.DLL" adapterTypeName="Microsoft.VisualStudio.TestTools.TestTypes.Unit.UnitTestAdapter, Microsoft.VisualStudio.QualityTools.Tips.UnitTest.Adapter, Version=10.0.0.0, Culture=neutral, PublicKeyToken=b03f5f7f11d50a3a" className="TestSuite.Framework.SigmoidFunctionsTest, TestSuite, Version=1.0.0.0, Culture=neutral, PublicKeyToken=null" name="GeneralizedLogisticTest1" />
    </UnitTest>
    <UnitTest name="SaveText" storage="c:\development projects\enn\testsuite\bin\debug\testsuite.dll" id="dc7516d4-ea11-52ea-592a-675e802b27f3">
      <Execution id="d72d41fc-0a5a-44ba-a5ba-9713d21b368e" />
      <TestMethod codeBase="C:/Development Projects/ENN/TestSuite/bin/Debug/TestSuite.DLL" adapterTypeName="Microsoft.VisualStudio.TestTools.TestTypes.Unit.UnitTestAdapter, Microsoft.VisualStudio.QualityTools.Tips.UnitTest.Adapter, Version=10.0.0.0, Culture=neutral, PublicKeyToken=b03f5f7f11d50a3a" className="TestSuite.Framework.Tools.SettingsTest, TestSuite, Version=1.0.0.0, Culture=neutral, PublicKeyToken=null" name="SaveText" />
    </UnitTest>
    <UnitTest name="TrainNetworkTest" storage="c:\development projects\enn\testsuite\bin\debug\testsuite.dll" id="d60f0c70-680a-f2a7-be96-723443b7d4dc">
      <Execution id="9c76cc5d-74ab-457e-a36a-6e4d77d99ab1" />
      <TestMethod codeBase="C:/Development Projects/ENN/TestSuite/bin/Debug/TestSuite.DLL" adapterTypeName="Microsoft.VisualStudio.TestTools.TestTypes.Unit.UnitTestAdapter, Microsoft.VisualStudio.QualityTools.Tips.UnitTest.Adapter, Version=10.0.0.0, Culture=neutral, PublicKeyToken=b03f5f7f11d50a3a" className="TestSuite.Framework.HillClimbAlgoTest, TestSuite, Version=1.0.0.0, Culture=neutral, PublicKeyToken=null" name="TrainNetworkTest" />
    </UnitTest>
    <UnitTest name="productionTest" storage="c:\development projects\enn\testsuite\bin\debug\testsuite.dll" id="41c561ac-f514-03ed-4f2e-66225ee0a9b3">
      <Execution id="8943888a-2ec4-40b1-b70b-3166afc95f54" />
      <TestMethod codeBase="C:/Development Projects/ENN/TestSuite/bin/Debug/TestSuite.DLL" adapterTypeName="Microsoft.VisualStudio.TestTools.TestTypes.Unit.UnitTestAdapter, Microsoft.VisualStudio.QualityTools.Tips.UnitTest.Adapter, Version=10.0.0.0, Culture=neutral, PublicKeyToken=b03f5f7f11d50a3a" className="TestSuite.Framework.CombinationFunctionsTest, TestSuite, Version=1.0.0.0, Culture=neutral, PublicKeyToken=null" name="productionTest" />
    </UnitTest>
    <UnitTest name="getCombinationFunctionTest" storage="c:\development projects\enn\testsuite\bin\debug\testsuite.dll" id="349f5a51-cd4a-74bd-4680-47d19c2c213f">
      <Execution id="6036c6b8-8716-41f5-b84a-3205e2ce7059" />
      <TestMethod codeBase="C:/Development Projects/ENN/TestSuite/bin/Debug/TestSuite.DLL" adapterTypeName="Microsoft.VisualStudio.TestTools.TestTypes.Unit.UnitTestAdapter, Microsoft.VisualStudio.QualityTools.Tips.UnitTest.Adapter, Version=10.0.0.0, Culture=neutral, PublicKeyToken=b03f5f7f11d50a3a" className="TestSuite.Framework.StandLibFactoryTest, TestSuite, Version=1.0.0.0, Culture=neutral, PublicKeyToken=null" name="getCombinationFunctionTest" />
    </UnitTest>
    <UnitTest name="SaveLoadBinary" storage="c:\development projects\enn\testsuite\bin\debug\testsuite.dll" id="b956f179-a280-645c-1bae-ce922e14d496">
      <Execution id="41c6473e-fd40-47e8-9245-57079f7d7c62" />
      <TestMethod codeBase="C:/Development Projects/ENN/TestSuite/bin/Debug/TestSuite.DLL" adapterTypeName="Microsoft.VisualStudio.TestTools.TestTypes.Unit.UnitTestAdapter, Microsoft.VisualStudio.QualityTools.Tips.UnitTest.Adapter, Version=10.0.0.0, Culture=neutral, PublicKeyToken=b03f5f7f11d50a3a" className="TestSuite.Framework.Tools.SettingsTest, TestSuite, Version=1.0.0.0, Culture=neutral, PublicKeyToken=null" name="SaveLoadBinary" />
    </UnitTest>
    <UnitTest name="EqualsTest" storage="c:\development projects\enn\testsuite\bin\debug\testsuite.dll" id="5577bcbe-3b62-1f0a-eed4-fd75c6d9137e">
      <Execution id="d0f3b4a9-4ec6-4846-a4e8-c767151fef08" />
      <TestMethod codeBase="C:/Development Projects/ENN/TestSuite/bin/Debug/TestSuite.DLL" adapterTypeName="Microsoft.VisualStudio.TestTools.TestTypes.Unit.UnitTestAdapter, Microsoft.VisualStudio.QualityTools.Tips.UnitTest.Adapter, Version=10.0.0.0, Culture=neutral, PublicKeyToken=b03f5f7f11d50a3a" className="TestSuite.Framework.NetworkSettingsTest, TestSuite, Version=1.0.0.0, Culture=neutral, PublicKeyToken=null" name="EqualsTest" />
    </UnitTest>
    <UnitTest name="LoadTextTest" storage="c:\development projects\enn\testsuite\bin\debug\testsuite.dll" id="7d8ab741-01d2-0d2d-1e29-c0fcb83101fd">
      <Execution id="5a20fb61-3420-431b-b351-4ba8cbc24caa" />
      <TestMethod codeBase="C:/Development Projects/ENN/TestSuite/bin/Debug/TestSuite.DLL" adapterTypeName="Microsoft.VisualStudio.TestTools.TestTypes.Unit.UnitTestAdapter, Microsoft.VisualStudio.QualityTools.Tips.UnitTest.Adapter, Version=10.0.0.0, Culture=neutral, PublicKeyToken=b03f5f7f11d50a3a" className="TestSuite.Framework.Tools.TopologyTest, TestSuite, Version=1.0.0.0, Culture=neutral, PublicKeyToken=null" name="LoadTextTest" />
    </UnitTest>
    <UnitTest name="HyperbolicTangentTest" storage="c:\development projects\enn\testsuite\bin\debug\testsuite.dll" id="6d9bec79-b5da-bc4a-5a65-b5aeaeb99bc5">
      <Execution id="f81699ac-324c-4ed7-9c21-523f8e36bdf1" />
      <TestMethod codeBase="C:/Development Projects/ENN/TestSuite/bin/Debug/TestSuite.DLL" adapterTypeName="Microsoft.VisualStudio.TestTools.TestTypes.Unit.UnitTestAdapter, Microsoft.VisualStudio.QualityTools.Tips.UnitTest.Adapter, Version=10.0.0.0, Culture=neutral, PublicKeyToken=b03f5f7f11d50a3a" className="TestSuite.Framework.SigmoidFunctionsTest, TestSuite, Version=1.0.0.0, Culture=neutral, PublicKeyToken=null" name="HyperbolicTangentTest" />
    </UnitTest>
    <UnitTest name="EqualsTest" storage="c:\development projects\enn\testsuite\bin\debug\testsuite.dll" id="8de660a6-a5b4-4a08-e168-84d6a8847c2d">
      <Execution id="424a57d2-76e7-4078-b67f-c29db05f942d" />
      <TestMethod codeBase="C:/Development Projects/ENN/TestSuite/bin/Debug/TestSuite.DLL" adapterTypeName="Microsoft.VisualStudio.TestTools.TestTypes.Unit.UnitTestAdapter, Microsoft.VisualStudio.QualityTools.Tips.UnitTest.Adapter, Version=10.0.0.0, Culture=neutral, PublicKeyToken=b03f5f7f11d50a3a" className="TestSuite.Framework.NetworkTopologyTest, TestSuite, Version=1.0.0.0, Culture=neutral, PublicKeyToken=null" name="EqualsTest" />
    </UnitTest>
    <UnitTest name="SimpleAlgebraTest" storage="c:\development projects\enn\testsuite\bin\debug\testsuite.dll" id="56dba6eb-083e-0230-0e94-72afb7f4ca1f">
      <Execution id="fbbd61cf-9723-4f7e-97ea-fcdef6ac55db" />
      <TestMethod codeBase="C:/Development Projects/ENN/TestSuite/bin/Debug/TestSuite.DLL" adapterTypeName="Microsoft.VisualStudio.TestTools.TestTypes.Unit.UnitTestAdapter, Microsoft.VisualStudio.QualityTools.Tips.UnitTest.Adapter, Version=10.0.0.0, Culture=neutral, PublicKeyToken=b03f5f7f11d50a3a" className="TestSuite.Framework.SigmoidFunctionsTest, TestSuite, Version=1.0.0.0, Culture=neutral, PublicKeyToken=null" name="SimpleAlgebraTest" />
    </UnitTest>
    <UnitTest name="SaveTextTest" storage="c:\development projects\enn\testsuite\bin\debug\testsuite.dll" id="49de5b48-9eaf-d0db-f8b0-e44b0098530f">
      <Execution id="4178cd0f-10d2-45e4-bf2a-e923adbadb8f" />
      <TestMethod codeBase="C:/Development Projects/ENN/TestSuite/bin/Debug/TestSuite.DLL" adapterTypeName="Microsoft.VisualStudio.TestTools.TestTypes.Unit.UnitTestAdapter, Microsoft.VisualStudio.QualityTools.Tips.UnitTest.Adapter, Version=10.0.0.0, Culture=neutral, PublicKeyToken=b03f5f7f11d50a3a" className="TestSuite.Framework.Tools.TopologyTest, TestSuite, Version=1.0.0.0, Culture=neutral, PublicKeyToken=null" name="SaveTextTest" />
    </UnitTest>
    <UnitTest name="ParseListTest" storage="c:\development projects\enn\testsuite\bin\debug\testsuite.dll" id="e28af217-9e05-374a-b589-3e0e31013f06">
      <Execution id="1eb35a68-7676-454f-8de0-1e5a967bd6fd" />
      <TestMethod codeBase="C:/Development Projects/ENN/TestSuite/bin/Debug/TestSuite.DLL" adapterTypeName="Microsoft.VisualStudio.TestTools.TestTypes.Unit.UnitTestAdapter, Microsoft.VisualStudio.QualityTools.Tips.UnitTest.Adapter, Version=10.0.0.0, Culture=neutral, PublicKeyToken=b03f5f7f11d50a3a" className="TestSuite.Framework.StandLibFactoryTest, TestSuite, Version=1.0.0.0, Culture=neutral, PublicKeyToken=null" name="ParseListTest" />
    </UnitTest>
    <UnitTest name="LogisticTest" storage="c:\development projects\enn\testsuite\bin\debug\testsuite.dll" id="ca9b7ca8-ec0a-3d74-80eb-bb3fce3380f1">
      <Execution id="72676af5-53ae-4100-a63e-f387df4b4666" />
      <TestMethod codeBase="C:/Development Projects/ENN/TestSuite/bin/Debug/TestSuite.DLL" adapterTypeName="Microsoft.VisualStudio.TestTools.TestTypes.Unit.UnitTestAdapter, Microsoft.VisualStudio.QualityTools.Tips.UnitTest.Adapter, Version=10.0.0.0, Culture=neutral, PublicKeyToken=b03f5f7f11d50a3a" className="TestSuite.Framework.SigmoidFunctionsTest, TestSuite, Version=1.0.0.0, Culture=neutral, PublicKeyToken=null" name="LogisticTest" />
    </UnitTest>
  </TestDefinitions>
  <TestLists>
    <TestList name="Results Not in a List" id="8c84fa94-04c1-424b-9868-57a2d4851a1d" />
    <TestList name="All Loaded Results" id="19431567-8539-422a-85d7-44ee4e166bda" />
  </TestLists>
  <TestEntries>
    <TestEntry testId="2c89c367-a74f-da41-08f4-450946228133" executionId="d33a9f9e-3acb-4895-bd93-a1722cc6e5f6" testListId="8c84fa94-04c1-424b-9868-57a2d4851a1d" />
    <TestEntry testId="349f5a51-cd4a-74bd-4680-47d19c2c213f" executionId="6036c6b8-8716-41f5-b84a-3205e2ce7059" testListId="8c84fa94-04c1-424b-9868-57a2d4851a1d" />
    <TestEntry testId="357b4346-32ed-acf9-652d-d83b6fab665a" executionId="6b419444-38d3-4fdc-884e-69d4558eb6d2" testListId="8c84fa94-04c1-424b-9868-57a2d4851a1d" />
    <TestEntry testId="38c45ed0-2293-3c74-f641-ef31e1cff933" executionId="35ca6e38-984c-4c5a-9125-f5957c511566" testListId="8c84fa94-04c1-424b-9868-57a2d4851a1d" />
    <TestEntry testId="41c561ac-f514-03ed-4f2e-66225ee0a9b3" executionId="8943888a-2ec4-40b1-b70b-3166afc95f54" testListId="8c84fa94-04c1-424b-9868-57a2d4851a1d" />
    <TestEntry testId="49de5b48-9eaf-d0db-f8b0-e44b0098530f" executionId="4178cd0f-10d2-45e4-bf2a-e923adbadb8f" testListId="8c84fa94-04c1-424b-9868-57a2d4851a1d" />
    <TestEntry testId="53c97187-29f3-3a29-3a8c-67e2258754c3" executionId="6e433821-382a-4374-a13c-a0d471c81e43" testListId="8c84fa94-04c1-424b-9868-57a2d4851a1d" />
    <TestEntry testId="5577bcbe-3b62-1f0a-eed4-fd75c6d9137e" executionId="d0f3b4a9-4ec6-4846-a4e8-c767151fef08" testListId="8c84fa94-04c1-424b-9868-57a2d4851a1d" />
    <TestEntry testId="56dba6eb-083e-0230-0e94-72afb7f4ca1f" executionId="fbbd61cf-9723-4f7e-97ea-fcdef6ac55db" testListId="8c84fa94-04c1-424b-9868-57a2d4851a1d" />
    <TestEntry testId="6d9bec79-b5da-bc4a-5a65-b5aeaeb99bc5" executionId="f81699ac-324c-4ed7-9c21-523f8e36bdf1" testListId="8c84fa94-04c1-424b-9868-57a2d4851a1d" />
    <TestEntry testId="7d8ab741-01d2-0d2d-1e29-c0fcb83101fd" executionId="5a20fb61-3420-431b-b351-4ba8cbc24caa" testListId="8c84fa94-04c1-424b-9868-57a2d4851a1d" />
    <TestEntry testId="895e1ad2-9637-1929-bdca-2e13d6ecdf33" executionId="4e73cad6-819f-4ffa-b114-a81e12bb018d" testListId="8c84fa94-04c1-424b-9868-57a2d4851a1d" />
    <TestEntry testId="8de660a6-a5b4-4a08-e168-84d6a8847c2d" executionId="424a57d2-76e7-4078-b67f-c29db05f942d" testListId="8c84fa94-04c1-424b-9868-57a2d4851a1d" />
    <TestEntry testId="b956f179-a280-645c-1bae-ce922e14d496" executionId="41c6473e-fd40-47e8-9245-57079f7d7c62" testListId="8c84fa94-04c1-424b-9868-57a2d4851a1d" />
    <TestEntry testId="ca9b7ca8-ec0a-3d74-80eb-bb3fce3380f1" executionId="72676af5-53ae-4100-a63e-f387df4b4666" testListId="8c84fa94-04c1-424b-9868-57a2d4851a1d" />
    <TestEntry testId="d1aa1e04-5762-55e7-0a3f-f25ed3746b8e" executionId="a1d4b62b-7e8c-4aba-8822-75f99fa3524e" testListId="8c84fa94-04c1-424b-9868-57a2d4851a1d" />
    <TestEntry testId="d60f0c70-680a-f2a7-be96-723443b7d4dc" executionId="9c76cc5d-74ab-457e-a36a-6e4d77d99ab1" testListId="8c84fa94-04c1-424b-9868-57a2d4851a1d" />
    <TestEntry testId="d7de268d-ad00-3d1a-9ef6-c7d7c6d2c881" executionId="1178875b-29a3-42f8-b53b-7e31ebd8884a" testListId="8c84fa94-04c1-424b-9868-57a2d4851a1d" />
    <TestEntry testId="dc7516d4-ea11-52ea-592a-675e802b27f3" executionId="d72d41fc-0a5a-44ba-a5ba-9713d21b368e" testListId="8c84fa94-04c1-424b-9868-57a2d4851a1d" />
    <TestEntry testId="e28af217-9e05-374a-b589-3e0e31013f06" executionId="1eb35a68-7676-454f-8de0-1e5a967bd6fd" testListId="8c84fa94-04c1-424b-9868-57a2d4851a1d" />
  </TestEntries>
  <Results>
    <UnitTestResult executionId="d33a9f9e-3acb-4895-bd93-a1722cc6e5f6" testId="2c89c367-a74f-da41-08f4-450946228133" testName="GeneralizedLogisticTest1" computerName="LIL-MONEY-PIT" duration="00:00:00.0427017" startTime="2012-03-18T20:09:42.8980414-04:00" endTime="2012-03-18T20:09:43.2070591-04:00" testType="13cdc9d9-ddb5-4fa4-a97d-d965ccfc6d4b" outcome="Passed" testListId="8c84fa94-04c1-424b-9868-57a2d4851a1d" relativeResultsDirectory="d33a9f9e-3acb-4895-bd93-a1722cc6e5f6">
    </UnitTestResult>
    <UnitTestResult executionId="6036c6b8-8716-41f5-b84a-3205e2ce7059" testId="349f5a51-cd4a-74bd-4680-47d19c2c213f" testName="getCombinationFunctionTest" computerName="LIL-MONEY-PIT" duration="00:00:00.0012945" startTime="2012-03-18T20:09:43.2090592-04:00" endTime="2012-03-18T20:09:43.2140595-04:00" testType="13cdc9d9-ddb5-4fa4-a97d-d965ccfc6d4b" outcome="Passed" testListId="8c84fa94-04c1-424b-9868-57a2d4851a1d" relativeResultsDirectory="6036c6b8-8716-41f5-b84a-3205e2ce7059">
    </UnitTestResult>
    <UnitTestResult executionId="6b419444-38d3-4fdc-884e-69d4558eb6d2" testId="357b4346-32ed-acf9-652d-d83b6fab665a" testName="getActivationFunctionTest" computerName="LIL-MONEY-PIT" duration="00:00:00.0012226" startTime="2012-03-18T20:09:43.2160596-04:00" endTime="2012-03-18T20:09:43.2200598-04:00" testType="13cdc9d9-ddb5-4fa4-a97d-d965ccfc6d4b" outcome="Passed" testListId="8c84fa94-04c1-424b-9868-57a2d4851a1d" relativeResultsDirectory="6b419444-38d3-4fdc-884e-69d4558eb6d2">
    </UnitTestResult>
    <UnitTestResult executionId="35ca6e38-984c-4c5a-9125-f5957c511566" testId="38c45ed0-2293-3c74-f641-ef31e1cff933" testName="SaveLoadBinaryTest" computerName="LIL-MONEY-PIT" duration="00:00:00.0226006" startTime="2012-03-18T20:09:43.2230600-04:00" endTime="2012-03-18T20:09:43.2480614-04:00" testType="13cdc9d9-ddb5-4fa4-a97d-d965ccfc6d4b" outcome="Passed" testListId="8c84fa94-04c1-424b-9868-57a2d4851a1d" relativeResultsDirectory="35ca6e38-984c-4c5a-9125-f5957c511566">
    </UnitTestResult>
    <UnitTestResult executionId="8943888a-2ec4-40b1-b70b-3166afc95f54" testId="41c561ac-f514-03ed-4f2e-66225ee0a9b3" testName="productionTest" computerName="LIL-MONEY-PIT" duration="00:00:00.0010182" startTime="2012-03-18T20:09:43.2510616-04:00" endTime="2012-03-18T20:09:43.2550618-04:00" testType="13cdc9d9-ddb5-4fa4-a97d-d965ccfc6d4b" outcome="Passed" testListId="8c84fa94-04c1-424b-9868-57a2d4851a1d" relativeResultsDirectory="8943888a-2ec4-40b1-b70b-3166afc95f54">
    </UnitTestResult>
    <UnitTestResult executionId="4178cd0f-10d2-45e4-bf2a-e923adbadb8f" testId="49de5b48-9eaf-d0db-f8b0-e44b0098530f" testName="SaveTextTest" computerName="LIL-MONEY-PIT" duration="00:00:00.0271989" startTime="2012-03-18T20:09:43.2570619-04:00" endTime="2012-03-18T20:09:43.2870637-04:00" testType="13cdc9d9-ddb5-4fa4-a97d-d965ccfc6d4b" outcome="Passed" testListId="8c84fa94-04c1-424b-9868-57a2d4851a1d" relativeResultsDirectory="4178cd0f-10d2-45e4-bf2a-e923adbadb8f">
    </UnitTestResult>
    <UnitTestResult executionId="6e433821-382a-4374-a13c-a0d471c81e43" testId="53c97187-29f3-3a29-3a8c-67e2258754c3" testName="ModifiedLogisticTest" computerName="LIL-MONEY-PIT" duration="00:00:00.0005447" startTime="2012-03-18T20:09:43.2890638-04:00" endTime="2012-03-18T20:09:43.2930640-04:00" testType="13cdc9d9-ddb5-4fa4-a97d-d965ccfc6d4b" outcome="Passed" testListId="8c84fa94-04c1-424b-9868-57a2d4851a1d" relativeResultsDirectory="6e433821-382a-4374-a13c-a0d471c81e43">
    </UnitTestResult>
    <UnitTestResult executionId="d0f3b4a9-4ec6-4846-a4e8-c767151fef08" testId="5577bcbe-3b62-1f0a-eed4-fd75c6d9137e" testName="EqualsTest" computerName="LIL-MONEY-PIT" duration="00:00:00.0047634" startTime="2012-03-18T20:09:43.2950641-04:00" endTime="2012-03-18T20:09:43.3030646-04:00" testType="13cdc9d9-ddb5-4fa4-a97d-d965ccfc6d4b" outcome="Passed" testListId="8c84fa94-04c1-424b-9868-57a2d4851a1d" relativeResultsDirectory="d0f3b4a9-4ec6-4846-a4e8-c767151fef08">
    </UnitTestResult>
    <UnitTestResult executionId="fbbd61cf-9723-4f7e-97ea-fcdef6ac55db" testId="56dba6eb-083e-0230-0e94-72afb7f4ca1f" testName="SimpleAlgebraTest" computerName="LIL-MONEY-PIT" duration="00:00:00.0005647" startTime="2012-03-18T20:09:43.3060647-04:00" endTime="2012-03-18T20:09:43.3100650-04:00" testType="13cdc9d9-ddb5-4fa4-a97d-d965ccfc6d4b" outcome="Passed" testListId="8c84fa94-04c1-424b-9868-57a2d4851a1d" relativeResultsDirectory="fbbd61cf-9723-4f7e-97ea-fcdef6ac55db">
    </UnitTestResult>
    <UnitTestResult executionId="f81699ac-324c-4ed7-9c21-523f8e36bdf1" testId="6d9bec79-b5da-bc4a-5a65-b5aeaeb99bc5" testName="HyperbolicTangentTest" computerName="LIL-MONEY-PIT" duration="00:00:00.0005100" startTime="2012-03-18T20:09:43.3120651-04:00" endTime="2012-03-18T20:09:43.3160653-04:00" testType="13cdc9d9-ddb5-4fa4-a97d-d965ccfc6d4b" outcome="Passed" testListId="8c84fa94-04c1-424b-9868-57a2d4851a1d" relativeResultsDirectory="f81699ac-324c-4ed7-9c21-523f8e36bdf1">
    </UnitTestResult>
    <UnitTestResult executionId="5a20fb61-3420-431b-b351-4ba8cbc24caa" testId="7d8ab741-01d2-0d2d-1e29-c0fcb83101fd" testName="LoadTextTest" computerName="LIL-MONEY-PIT" duration="00:00:00.0011883" startTime="2012-03-18T20:09:43.3180654-04:00" endTime="2012-03-18T20:09:43.3230657-04:00" testType="13cdc9d9-ddb5-4fa4-a97d-d965ccfc6d4b" outcome="Passed" testListId="8c84fa94-04c1-424b-9868-57a2d4851a1d" relativeResultsDirectory="5a20fb61-3420-431b-b351-4ba8cbc24caa">
    </UnitTestResult>
    <UnitTestResult executionId="4e73cad6-819f-4ffa-b114-a81e12bb018d" testId="895e1ad2-9637-1929-bdca-2e13d6ecdf33" testName="LoadText" computerName="LIL-MONEY-PIT" duration="00:00:00.0314187" startTime="2012-03-18T20:09:43.3250658-04:00" endTime="2012-03-18T20:09:43.3600678-04:00" testType="13cdc9d9-ddb5-4fa4-a97d-d965ccfc6d4b" outcome="Failed" testListId="8c84fa94-04c1-424b-9868-57a2d4851a1d" relativeResultsDirectory="4e73cad6-819f-4ffa-b114-a81e12bb018d">
      <Output>
        <ErrorInfo>
          <Message>Test method TestSuite.Framework.Tools.SettingsTest.LoadText threw exception: 
System.ArgumentException: An item with the same key has already been added.</Message>
          <StackTrace>    at System.Collections.Generic.Dictionary`2.Insert(TKey key, TValue value, Boolean add)
   at TestSuite.Framework.Tools.SettingsTest.SetBaseSetting() in C:\Development Projects\ENN\TestSuite\Framework\Tools\SettingsTest.cs:line 89
   at TestSuite.Framework.Tools.SettingsTest.LoadText() in C:\Development Projects\ENN\TestSuite\Framework\Tools\SettingsTest.cs:line 46
</StackTrace>
        </ErrorInfo>
      </Output>
    </UnitTestResult>
    <UnitTestResult executionId="424a57d2-76e7-4078-b67f-c29db05f942d" testId="8de660a6-a5b4-4a08-e168-84d6a8847c2d" testName="EqualsTest" computerName="LIL-MONEY-PIT" duration="00:00:00.0060418" startTime="2012-03-18T20:09:43.3640681-04:00" endTime="2012-03-18T20:09:43.3740686-04:00" testType="13cdc9d9-ddb5-4fa4-a97d-d965ccfc6d4b" outcome="Passed" testListId="8c84fa94-04c1-424b-9868-57a2d4851a1d" relativeResultsDirectory="424a57d2-76e7-4078-b67f-c29db05f942d">
    </UnitTestResult>
    <UnitTestResult executionId="41c6473e-fd40-47e8-9245-57079f7d7c62" testId="b956f179-a280-645c-1bae-ce922e14d496" testName="SaveLoadBinary" computerName="LIL-MONEY-PIT" duration="00:00:00.0025903" startTime="2012-03-18T20:09:43.3770688-04:00" endTime="2012-03-18T20:09:43.3830691-04:00" testType="13cdc9d9-ddb5-4fa4-a97d-d965ccfc6d4b" outcome="Failed" testListId="8c84fa94-04c1-424b-9868-57a2d4851a1d" relativeResultsDirectory="41c6473e-fd40-47e8-9245-57079f7d7c62">
      <Output>
        <ErrorInfo>
          <Message>Test method TestSuite.Framework.Tools.SettingsTest.SaveLoadBinary threw exception: 
System.ArgumentException: An item with the same key has already been added.</Message>
          <StackTrace>    at System.Collections.Generic.Dictionary`2.Insert(TKey key, TValue value, Boolean add)
   at TestSuite.Framework.Tools.SettingsTest.SetBaseSetting() in C:\Development Projects\ENN\TestSuite\Framework\Tools\SettingsTest.cs:line 89
   at TestSuite.Framework.Tools.SettingsTest.SaveLoadBinary() in C:\Development Projects\ENN\TestSuite\Framework\Tools\SettingsTest.cs:line 65
</StackTrace>
        </ErrorInfo>
      </Output>
    </UnitTestResult>
    <UnitTestResult executionId="72676af5-53ae-4100-a63e-f387df4b4666" testId="ca9b7ca8-ec0a-3d74-80eb-bb3fce3380f1" testName="LogisticTest" computerName="LIL-MONEY-PIT" duration="00:00:00.0006320" startTime="2012-03-18T20:09:43.3860693-04:00" endTime="2012-03-18T20:09:43.3900695-04:00" testType="13cdc9d9-ddb5-4fa4-a97d-d965ccfc6d4b" outcome="Passed" testListId="8c84fa94-04c1-424b-9868-57a2d4851a1d" relativeResultsDirectory="72676af5-53ae-4100-a63e-f387df4b4666">
    </UnitTestResult>
    <UnitTestResult executionId="a1d4b62b-7e8c-4aba-8822-75f99fa3524e" testId="d1aa1e04-5762-55e7-0a3f-f25ed3746b8e" testName="GeneralizedLogisticTest" computerName="LIL-MONEY-PIT" duration="00:00:00.0004704" startTime="2012-03-18T20:09:43.3930697-04:00" endTime="2012-03-18T20:09:43.3970699-04:00" testType="13cdc9d9-ddb5-4fa4-a97d-d965ccfc6d4b" outcome="Passed" testListId="8c84fa94-04c1-424b-9868-57a2d4851a1d" relativeResultsDirectory="a1d4b62b-7e8c-4aba-8822-75f99fa3524e">
    </UnitTestResult>
    <UnitTestResult executionId="9c76cc5d-74ab-457e-a36a-6e4d77d99ab1" testId="d60f0c70-680a-f2a7-be96-723443b7d4dc" testName="TrainNetworkTest" computerName="LIL-MONEY-PIT" duration="00:00:00.0046787" startTime="2012-03-18T20:09:43.4000701-04:00" endTime="2012-03-18T20:09:43.4090706-04:00" testType="13cdc9d9-ddb5-4fa4-a97d-d965ccfc6d4b" outcome="Failed" testListId="8c84fa94-04c1-424b-9868-57a2d4851a1d" relativeResultsDirectory="9c76cc5d-74ab-457e-a36a-6e4d77d99ab1">
      <Output>
        <ErrorInfo>
          <Message>Test method TestSuite.Framework.HillClimbAlgoTest.TrainNetworkTest threw exception: 
System.NullReferenceException: Object reference not set to an instance of an object.</Message>
          <StackTrace>    at ENN.Framework.HillClimbAlgo.TrainNetwork(NetworkTopology&amp; topology, Single error) in C:\Development Projects\ENN\ENN.Framework\HillClimbAlgo.cs:line 95
   at TestSuite.Framework.HillClimbAlgoTest.TrainNetworkTest() in C:\Development Projects\ENN\TestSuite\Framework\HillClimbAlgoTest.cs:line 39
</StackTrace>
        </ErrorInfo>
      </Output>
    </UnitTestResult>
    <UnitTestResult executionId="1178875b-29a3-42f8-b53b-7e31ebd8884a" testId="d7de268d-ad00-3d1a-9ef6-c7d7c6d2c881" testName="sumationTest" computerName="LIL-MONEY-PIT" duration="00:00:00.0010066" startTime="2012-03-18T20:09:43.4110707-04:00" endTime="2012-03-18T20:09:43.4170711-04:00" testType="13cdc9d9-ddb5-4fa4-a97d-d965ccfc6d4b" outcome="Passed" testListId="8c84fa94-04c1-424b-9868-57a2d4851a1d" relativeResultsDirectory="1178875b-29a3-42f8-b53b-7e31ebd8884a">
    </UnitTestResult>
    <UnitTestResult executionId="d72d41fc-0a5a-44ba-a5ba-9713d21b368e" testId="dc7516d4-ea11-52ea-592a-675e802b27f3" testName="SaveText" computerName="LIL-MONEY-PIT" duration="00:00:00.0028994" startTime="2012-03-18T20:09:43.4200713-04:00" endTime="2012-03-18T20:09:43.4260716-04:00" testType="13cdc9d9-ddb5-4fa4-a97d-d965ccfc6d4b" outcome="Failed" testListId="8c84fa94-04c1-424b-9868-57a2d4851a1d" relativeResultsDirectory="d72d41fc-0a5a-44ba-a5ba-9713d21b368e">
      <Output>
        <ErrorInfo>
          <Message>Test method TestSuite.Framework.Tools.SettingsTest.SaveText threw exception: 
System.ArgumentException: An item with the same key has already been added.</Message>
          <StackTrace>    at System.Collections.Generic.Dictionary`2.Insert(TKey key, TValue value, Boolean add)
   at TestSuite.Framework.Tools.SettingsTest.SetBaseSetting() in C:\Development Projects\ENN\TestSuite\Framework\Tools\SettingsTest.cs:line 89
   at TestSuite.Framework.Tools.SettingsTest.SaveText() in C:\Development Projects\ENN\TestSuite\Framework\Tools\SettingsTest.cs:line 54
</StackTrace>
        </ErrorInfo>
      </Output>
    </UnitTestResult>
    <UnitTestResult executionId="1eb35a68-7676-454f-8de0-1e5a967bd6fd" testId="e28af217-9e05-374a-b589-3e0e31013f06" testName="ParseListTest" computerName="LIL-MONEY-PIT" duration="00:00:00.0009115" startTime="2012-03-18T20:09:43.4290718-04:00" endTime="2012-03-18T20:09:43.4350721-04:00" testType="13cdc9d9-ddb5-4fa4-a97d-d965ccfc6d4b" outcome="Passed" testListId="8c84fa94-04c1-424b-9868-57a2d4851a1d" relativeResultsDirectory="1eb35a68-7676-454f-8de0-1e5a967bd6fd">
    </UnitTestResult>
  </Results>
</TestRun>