<?xml version="1.0" encoding="UTF-8"?>
<TestRun id="1791d22d-a5a2-44d2-b7ae-6e95277445fa" name="skynryd9@LIL-MONEY-PIT 2012-02-01 20:36:26" runUser="Lil-Money-Pit\skynryd9" xmlns="http://microsoft.com/schemas/VisualStudio/TeamTest/2010">
  <TestSettings name="Local" id="edb481bb-0340-4d08-a79e-041a6ff1b069">
    <Description>These are default test settings for a local test run.</Description>
    <Deployment enabled="false" runDeploymentRoot="skynryd9_LIL-MONEY-PIT 2012-02-01 20_36_26">
      <DeploymentItem filename="C:\Development Projects\ENN\ENN\bin\Debug\UserBin\TestUserBinary.dll" />
      <DeploymentItem filename="C:\Development Projects\ENN\ENN.Framework\bin\Debug\ENN.Framework.dll" />
    </Deployment>
    <Execution>
      <TestTypeSpecific />
      <AgentRule name="Execution Agents">
      </AgentRule>
    </Execution>
  </TestSettings>
  <Times creation="2012-02-01T20:36:26.5794750-05:00" queuing="2012-02-01T20:36:26.7764863-05:00" start="2012-02-01T20:36:26.8144884-05:00" finish="2012-02-01T20:36:27.1315066-05:00" />
  <ResultSummary outcome="Completed">
    <Counters total="1" executed="1" passed="1" error="0" failed="0" timeout="0" aborted="0" inconclusive="0" passedButRunAborted="0" notRunnable="0" notExecuted="0" disconnected="0" warning="0" completed="0" inProgress="0" pending="0" />
  </ResultSummary>
  <TestDefinitions>
    <UnitTest name="GetValuesTest" storage="c:\development projects\enn\testsuite\bin\debug\testsuite.dll" id="54e0d563-4b58-59ab-2558-9128b3f4fd71">
      <Execution id="a4bba757-a7fd-4ef0-8d29-f252946db3ac" />
      <TestMethod codeBase="C:/Development Projects/ENN/TestSuite/bin/Debug/TestSuite.DLL" adapterTypeName="Microsoft.VisualStudio.TestTools.TestTypes.Unit.UnitTestAdapter, Microsoft.VisualStudio.QualityTools.Tips.UnitTest.Adapter, Version=10.0.0.0, Culture=neutral, PublicKeyToken=b03f5f7f11d50a3a" className="TestSuite.Runtime.BasicInputLayerTest, TestSuite, Version=1.0.0.0, Culture=neutral, PublicKeyToken=null" name="GetValuesTest" />
    </UnitTest>
  </TestDefinitions>
  <TestLists>
    <TestList name="Results Not in a List" id="8c84fa94-04c1-424b-9868-57a2d4851a1d" />
    <TestList name="All Loaded Results" id="19431567-8539-422a-85d7-44ee4e166bda" />
  </TestLists>
  <TestEntries>
    <TestEntry testId="54e0d563-4b58-59ab-2558-9128b3f4fd71" executionId="a4bba757-a7fd-4ef0-8d29-f252946db3ac" testListId="8c84fa94-04c1-424b-9868-57a2d4851a1d" />
  </TestEntries>
  <Results>
    <UnitTestResult executionId="a4bba757-a7fd-4ef0-8d29-f252946db3ac" testId="54e0d563-4b58-59ab-2558-9128b3f4fd71" testName="GetValuesTest" computerName="LIL-MONEY-PIT" duration="00:00:00.0123447" startTime="2012-02-01T20:36:26.8254891-05:00" endTime="2012-02-01T20:36:27.0665029-05:00" testType="13cdc9d9-ddb5-4fa4-a97d-d965ccfc6d4b" outcome="Passed" testListId="8c84fa94-04c1-424b-9868-57a2d4851a1d" relativeResultsDirectory="a4bba757-a7fd-4ef0-8d29-f252946db3ac">
    </UnitTestResult>
  </Results>
</TestRun>