<?xml version="1.0" encoding="UTF-8"?>
<TestRun id="6468068b-fd84-4548-94db-caa6076c1760" name="skynryd9@LIL-MONEY-PIT 2012-01-26 23:57:31" runUser="Lil-Money-Pit\skynryd9" xmlns="http://microsoft.com/schemas/VisualStudio/TeamTest/2010">
  <TestSettings name="Local" id="edb481bb-0340-4d08-a79e-041a6ff1b069">
    <Description>These are default test settings for a local test run.</Description>
    <Deployment enabled="false" runDeploymentRoot="skynryd9_LIL-MONEY-PIT 2012-01-26 23_57_31">
      <DeploymentItem filename="C:\Development Projects\ENN\ENN\bin\Debug\UserBin\TestUserBinary.dll" />
      <DeploymentItem filename="C:\Development Projects\ENN\ENN.Framework\bin\Debug\ENN.Framework.dll" />
    </Deployment>
    <Execution>
      <TestTypeSpecific />
      <AgentRule name="Execution Agents">
      </AgentRule>
    </Execution>
  </TestSettings>
  <Times creation="2012-01-26T23:57:31.3966883-05:00" queuing="2012-01-26T23:57:31.6117006-05:00" start="2012-01-26T23:57:31.6407022-05:00" finish="2012-01-26T23:57:32.0637264-05:00" />
  <ResultSummary outcome="Failed">
    <Counters total="7" executed="7" passed="6" error="0" failed="1" timeout="0" aborted="0" inconclusive="0" passedButRunAborted="0" notRunnable="0" notExecuted="0" disconnected="0" warning="0" completed="0" inProgress="0" pending="0" />
  </ResultSummary>
  <TestDefinitions>
    <UnitTest name="SaveBinary" storage="c:\development projects\enn\testsuite\bin\debug\testsuite.dll" id="2b646a67-1fef-7913-755f-b25bbfd6c4ea">
      <Execution id="b96e9e37-19eb-4e84-9da7-3fffd29e0141" />
      <TestMethod codeBase="C:/Development Projects/ENN/TestSuite/bin/Debug/TestSuite.DLL" adapterTypeName="Microsoft.VisualStudio.TestTools.TestTypes.Unit.UnitTestAdapter, Microsoft.VisualStudio.QualityTools.Tips.UnitTest.Adapter, Version=10.0.0.0, Culture=neutral, PublicKeyToken=b03f5f7f11d50a3a" className="TestSuite.Runtime.Tools.SettingsTest, TestSuite, Version=1.0.0.0, Culture=neutral, PublicKeyToken=null" name="SaveBinary" />
    </UnitTest>
    <UnitTest name="LoadText" storage="c:\development projects\enn\testsuite\bin\debug\testsuite.dll" id="251000d6-201c-3225-045e-6c6286bebe71">
      <Execution id="88ba3c3d-1465-4cd1-b11b-86d62d187af6" />
      <TestMethod codeBase="C:/Development Projects/ENN/TestSuite/bin/Debug/TestSuite.DLL" adapterTypeName="Microsoft.VisualStudio.TestTools.TestTypes.Unit.UnitTestAdapter, Microsoft.VisualStudio.QualityTools.Tips.UnitTest.Adapter, Version=10.0.0.0, Culture=neutral, PublicKeyToken=b03f5f7f11d50a3a" className="TestSuite.Runtime.Tools.SettingsTest, TestSuite, Version=1.0.0.0, Culture=neutral, PublicKeyToken=null" name="LoadText" />
    </UnitTest>
    <UnitTest name="LoadBinary" storage="c:\development projects\enn\testsuite\bin\debug\testsuite.dll" id="40106dd3-beba-9df5-cc22-1a96a2f12a80">
      <Execution id="83fd1d28-5c30-4089-a305-b1005a0f1099" />
      <TestMethod codeBase="C:/Development Projects/ENN/TestSuite/bin/Debug/TestSuite.DLL" adapterTypeName="Microsoft.VisualStudio.TestTools.TestTypes.Unit.UnitTestAdapter, Microsoft.VisualStudio.QualityTools.Tips.UnitTest.Adapter, Version=10.0.0.0, Culture=neutral, PublicKeyToken=b03f5f7f11d50a3a" className="TestSuite.Runtime.Tools.SettingsTest, TestSuite, Version=1.0.0.0, Culture=neutral, PublicKeyToken=null" name="LoadBinary" />
    </UnitTest>
    <UnitTest name="SaveTextTest" storage="c:\development projects\enn\testsuite\bin\debug\testsuite.dll" id="5fe0a59d-da3d-e0ca-00f1-7f42f1b72b3d">
      <Execution id="7900dfc1-d8b5-431f-8090-782a4937c9c3" />
      <TestMethod codeBase="C:/Development Projects/ENN/TestSuite/bin/Debug/TestSuite.DLL" adapterTypeName="Microsoft.VisualStudio.TestTools.TestTypes.Unit.UnitTestAdapter, Microsoft.VisualStudio.QualityTools.Tips.UnitTest.Adapter, Version=10.0.0.0, Culture=neutral, PublicKeyToken=b03f5f7f11d50a3a" className="TestSuite.Runtime.Tools.TopologyTest, TestSuite, Version=1.0.0.0, Culture=neutral, PublicKeyToken=null" name="SaveTextTest" />
    </UnitTest>
    <UnitTest name="SaveLoadBinaryTest" storage="c:\development projects\enn\testsuite\bin\debug\testsuite.dll" id="7809094d-33f4-45e7-b7ae-cef1ad197ec5">
      <Execution id="d6fb3a39-29e1-4767-8031-1e0b32b7b308" />
      <TestMethod codeBase="C:/Development Projects/ENN/TestSuite/bin/Debug/TestSuite.DLL" adapterTypeName="Microsoft.VisualStudio.TestTools.TestTypes.Unit.UnitTestAdapter, Microsoft.VisualStudio.QualityTools.Tips.UnitTest.Adapter, Version=10.0.0.0, Culture=neutral, PublicKeyToken=b03f5f7f11d50a3a" className="TestSuite.Runtime.Tools.TopologyTest, TestSuite, Version=1.0.0.0, Culture=neutral, PublicKeyToken=null" name="SaveLoadBinaryTest" />
    </UnitTest>
    <UnitTest name="LoadTextTest" storage="c:\development projects\enn\testsuite\bin\debug\testsuite.dll" id="91413c2e-76dd-9dca-f643-52fa9133df7b">
      <Execution id="39dab78e-fce3-49b9-a48b-69c8e19371f0" />
      <TestMethod codeBase="C:/Development Projects/ENN/TestSuite/bin/Debug/TestSuite.DLL" adapterTypeName="Microsoft.VisualStudio.TestTools.TestTypes.Unit.UnitTestAdapter, Microsoft.VisualStudio.QualityTools.Tips.UnitTest.Adapter, Version=10.0.0.0, Culture=neutral, PublicKeyToken=b03f5f7f11d50a3a" className="TestSuite.Runtime.Tools.TopologyTest, TestSuite, Version=1.0.0.0, Culture=neutral, PublicKeyToken=null" name="LoadTextTest" />
    </UnitTest>
    <UnitTest name="SaveText" storage="c:\development projects\enn\testsuite\bin\debug\testsuite.dll" id="d1ed5f65-7462-12a5-4bb7-93f22baf2269">
      <Execution id="0bcb82b4-f8a2-4de2-9271-16992ef698f1" />
      <TestMethod codeBase="C:/Development Projects/ENN/TestSuite/bin/Debug/TestSuite.DLL" adapterTypeName="Microsoft.VisualStudio.TestTools.TestTypes.Unit.UnitTestAdapter, Microsoft.VisualStudio.QualityTools.Tips.UnitTest.Adapter, Version=10.0.0.0, Culture=neutral, PublicKeyToken=b03f5f7f11d50a3a" className="TestSuite.Runtime.Tools.SettingsTest, TestSuite, Version=1.0.0.0, Culture=neutral, PublicKeyToken=null" name="SaveText" />
    </UnitTest>
  </TestDefinitions>
  <TestLists>
    <TestList name="Results Not in a List" id="8c84fa94-04c1-424b-9868-57a2d4851a1d" />
    <TestList name="All Loaded Results" id="19431567-8539-422a-85d7-44ee4e166bda" />
  </TestLists>
  <TestEntries>
    <TestEntry testId="251000d6-201c-3225-045e-6c6286bebe71" executionId="88ba3c3d-1465-4cd1-b11b-86d62d187af6" testListId="8c84fa94-04c1-424b-9868-57a2d4851a1d" />
    <TestEntry testId="2b646a67-1fef-7913-755f-b25bbfd6c4ea" executionId="b96e9e37-19eb-4e84-9da7-3fffd29e0141" testListId="8c84fa94-04c1-424b-9868-57a2d4851a1d" />
    <TestEntry testId="40106dd3-beba-9df5-cc22-1a96a2f12a80" executionId="83fd1d28-5c30-4089-a305-b1005a0f1099" testListId="8c84fa94-04c1-424b-9868-57a2d4851a1d" />
    <TestEntry testId="5fe0a59d-da3d-e0ca-00f1-7f42f1b72b3d" executionId="7900dfc1-d8b5-431f-8090-782a4937c9c3" testListId="8c84fa94-04c1-424b-9868-57a2d4851a1d" />
    <TestEntry testId="7809094d-33f4-45e7-b7ae-cef1ad197ec5" executionId="d6fb3a39-29e1-4767-8031-1e0b32b7b308" testListId="8c84fa94-04c1-424b-9868-57a2d4851a1d" />
    <TestEntry testId="91413c2e-76dd-9dca-f643-52fa9133df7b" executionId="39dab78e-fce3-49b9-a48b-69c8e19371f0" testListId="8c84fa94-04c1-424b-9868-57a2d4851a1d" />
    <TestEntry testId="d1ed5f65-7462-12a5-4bb7-93f22baf2269" executionId="0bcb82b4-f8a2-4de2-9271-16992ef698f1" testListId="8c84fa94-04c1-424b-9868-57a2d4851a1d" />
  </TestEntries>
  <Results>
    <UnitTestResult executionId="88ba3c3d-1465-4cd1-b11b-86d62d187af6" testId="251000d6-201c-3225-045e-6c6286bebe71" testName="LoadText" computerName="LIL-MONEY-PIT" duration="00:00:00.0458645" startTime="2012-01-26T23:57:31.6547030-05:00" endTime="2012-01-26T23:57:31.9247185-05:00" testType="13cdc9d9-ddb5-4fa4-a97d-d965ccfc6d4b" outcome="Failed" testListId="8c84fa94-04c1-424b-9868-57a2d4851a1d" relativeResultsDirectory="88ba3c3d-1465-4cd1-b11b-86d62d187af6">
      <Output>
        <ErrorInfo>
          <Message>Assert.AreEqual failed. Expected:&lt;Mode: Computational
Network Type: Evolving
User Binary Location: UserBin\TestUserBinary.dll
User Binary Name: TestBinary
Use User Binary: True
Default Input Layer: BasicInputLayer
Default Node: BasicNode
Default Node Layer: BasicNodeLayer
Default OutputLayer: BasicOutputLayer
Timing Enabled: False
Training Measurement: 10000
Training Level: 0.9
&gt;. Actual:&lt;Mode: Computational
Network Type: Evolving
User Binary Location: UserBin\TestUserBinary.dll
User Binary Name: TestBinary
Use User Binary: False
Default Input Layer: BasicInputLayer
Default Node: BasicNode
Default Node Layer: BasicNodeLayer
Default OutputLayer: BasicOutputLayer
Timing Enabled: True
Training Measurement: 10000
Training Level: 0.9
useuserbinary: true
version: 1.0
&gt;. </Message>
          <StackTrace>   at TestSuite.Runtime.Tools.SettingsTest.LoadText() in C:\Development Projects\ENN\TestSuite\Runtime\Tools\SettingsTest.cs:line 47
</StackTrace>
        </ErrorInfo>
      </Output>
    </UnitTestResult>
    <UnitTestResult executionId="b96e9e37-19eb-4e84-9da7-3fffd29e0141" testId="2b646a67-1fef-7913-755f-b25bbfd6c4ea" testName="SaveBinary" computerName="LIL-MONEY-PIT" duration="00:00:00.0001924" startTime="2012-01-26T23:57:31.9277187-05:00" endTime="2012-01-26T23:57:31.9337190-05:00" testType="13cdc9d9-ddb5-4fa4-a97d-d965ccfc6d4b" outcome="Passed" testListId="8c84fa94-04c1-424b-9868-57a2d4851a1d" relativeResultsDirectory="b96e9e37-19eb-4e84-9da7-3fffd29e0141">
    </UnitTestResult>
    <UnitTestResult executionId="83fd1d28-5c30-4089-a305-b1005a0f1099" testId="40106dd3-beba-9df5-cc22-1a96a2f12a80" testName="LoadBinary" computerName="LIL-MONEY-PIT" duration="00:00:00.0001482" startTime="2012-01-26T23:57:31.9347191-05:00" endTime="2012-01-26T23:57:31.9377192-05:00" testType="13cdc9d9-ddb5-4fa4-a97d-d965ccfc6d4b" outcome="Passed" testListId="8c84fa94-04c1-424b-9868-57a2d4851a1d" relativeResultsDirectory="83fd1d28-5c30-4089-a305-b1005a0f1099">
    </UnitTestResult>
    <UnitTestResult executionId="7900dfc1-d8b5-431f-8090-782a4937c9c3" testId="5fe0a59d-da3d-e0ca-00f1-7f42f1b72b3d" testName="SaveTextTest" computerName="LIL-MONEY-PIT" duration="00:00:00.0268649" startTime="2012-01-26T23:57:31.9397194-05:00" endTime="2012-01-26T23:57:31.9697211-05:00" testType="13cdc9d9-ddb5-4fa4-a97d-d965ccfc6d4b" outcome="Passed" testListId="8c84fa94-04c1-424b-9868-57a2d4851a1d" relativeResultsDirectory="7900dfc1-d8b5-431f-8090-782a4937c9c3">
    </UnitTestResult>
    <UnitTestResult executionId="d6fb3a39-29e1-4767-8031-1e0b32b7b308" testId="7809094d-33f4-45e7-b7ae-cef1ad197ec5" testName="SaveLoadBinaryTest" computerName="LIL-MONEY-PIT" duration="00:00:00.0087219" startTime="2012-01-26T23:57:31.9717212-05:00" endTime="2012-01-26T23:57:31.9827218-05:00" testType="13cdc9d9-ddb5-4fa4-a97d-d965ccfc6d4b" outcome="Passed" testListId="8c84fa94-04c1-424b-9868-57a2d4851a1d" relativeResultsDirectory="d6fb3a39-29e1-4767-8031-1e0b32b7b308">
    </UnitTestResult>
    <UnitTestResult executionId="39dab78e-fce3-49b9-a48b-69c8e19371f0" testId="91413c2e-76dd-9dca-f643-52fa9133df7b" testName="LoadTextTest" computerName="LIL-MONEY-PIT" duration="00:00:00.0005770" startTime="2012-01-26T23:57:31.9847219-05:00" endTime="2012-01-26T23:57:31.9877221-05:00" testType="13cdc9d9-ddb5-4fa4-a97d-d965ccfc6d4b" outcome="Passed" testListId="8c84fa94-04c1-424b-9868-57a2d4851a1d" relativeResultsDirectory="39dab78e-fce3-49b9-a48b-69c8e19371f0">
    </UnitTestResult>
    <UnitTestResult executionId="0bcb82b4-f8a2-4de2-9271-16992ef698f1" testId="d1ed5f65-7462-12a5-4bb7-93f22baf2269" testName="SaveText" computerName="LIL-MONEY-PIT" duration="00:00:00.0001297" startTime="2012-01-26T23:57:31.9897222-05:00" endTime="2012-01-26T23:57:31.9917223-05:00" testType="13cdc9d9-ddb5-4fa4-a97d-d965ccfc6d4b" outcome="Passed" testListId="8c84fa94-04c1-424b-9868-57a2d4851a1d" relativeResultsDirectory="0bcb82b4-f8a2-4de2-9271-16992ef698f1">
    </UnitTestResult>
  </Results>
</TestRun>