<?xml version="1.0" encoding="UTF-8"?>
<TestRun id="c5a3c12e-7d29-4e53-be0d-e041edcf3dc7" name="skynryd9@LIL-MONEY-PIT 2012-02-21 16:44:47" runUser="Lil-Money-Pit\skynryd9" xmlns="http://microsoft.com/schemas/VisualStudio/TeamTest/2010">
  <TestSettings name="Local" id="edb481bb-0340-4d08-a79e-041a6ff1b069">
    <Description>These are default test settings for a local test run.</Description>
    <Deployment enabled="false" runDeploymentRoot="skynryd9_LIL-MONEY-PIT 2012-02-21 16_44_47">
      <DeploymentItem filename="C:\Development Projects\ENN\ENN\bin\Debug\UserBin\TestUserBinary.dll" />
      <DeploymentItem filename="C:\Development Projects\ENN\ENN.Framework\bin\Debug\ENN.Framework.dll" />
    </Deployment>
    <Execution hostProcessPlatform="MSIL">
      <Hosts skipUnhostableTests="false" />
      <TestTypeSpecific>
        <UnitTestRunConfig testTypeId="13cdc9d9-ddb5-4fa4-a97d-d965ccfc6d4b">
          <AssemblyResolution>
            <TestDirectory useLoadContext="true" />
          </AssemblyResolution>
        </UnitTestRunConfig>
      </TestTypeSpecific>
      <AgentRule name="Execution Agents">
      </AgentRule>
    </Execution>
  </TestSettings>
  <Times creation="2012-02-21T16:44:47.4596358-05:00" queuing="2012-02-21T16:44:48.4286912-05:00" start="2012-02-21T16:44:48.5106959-05:00" finish="2012-02-21T16:46:37.6989411-05:00" />
  <ResultSummary outcome="Error">
    <Counters total="70" executed="3" error="0" failed="0" timeout="0" aborted="1" inconclusive="2" passedButRunAborted="0" notRunnable="0" notExecuted="67" disconnected="0" warning="0" passed="0" completed="0" inProgress="0" pending="0" />
    <RunInfos>
      <RunInfo computerName="LIL-MONEY-PIT" outcome="Error" timestamp="2012-02-21T16:46:37.6909406-05:00">
        <Text>Test host process exited unexpectedly.</Text>
      </RunInfo>
    </RunInfos>
  </ResultSummary>
  <TestDefinitions>
    <UnitTest name="GetValuesTest" storage="c:\development projects\enn\testsuite\bin\debug\testsuite.dll" id="430f1830-9fb9-6f5a-5bbd-8746f440b9db">
      <Execution id="d385ac9a-6ced-4f33-8318-80a5087bd127" />
      <TestMethod codeBase="C:/Development Projects/ENN/TestSuite/bin/Debug/TestSuite.DLL" adapterTypeName="Microsoft.VisualStudio.TestTools.TestTypes.Unit.UnitTestAdapter, Microsoft.VisualStudio.QualityTools.Tips.UnitTest.Adapter, Version=10.0.0.0, Culture=neutral, PublicKeyToken=b03f5f7f11d50a3a" className="TestSuite.Framework.ThreadedHiddenLayerTest, TestSuite, Version=1.0.0.0, Culture=neutral, PublicKeyToken=null" name="GetValuesTest" />
    </UnitTest>
    <UnitTest name="TrainNetworkTest" storage="c:\development projects\enn\testsuite\bin\debug\testsuite.dll" id="d60f0c70-680a-f2a7-be96-723443b7d4dc">
      <Execution id="b750bf12-9b75-48cf-bd45-d24f2e175909" />
      <TestMethod codeBase="C:/Development Projects/ENN/TestSuite/bin/Debug/TestSuite.DLL" adapterTypeName="Microsoft.VisualStudio.TestTools.TestTypes.Unit.UnitTestAdapter, Microsoft.VisualStudio.QualityTools.Tips.UnitTest.Adapter, Version=10.0.0.0, Culture=neutral, PublicKeyToken=b03f5f7f11d50a3a" className="TestSuite.Framework.HillClimbAlgoTest, TestSuite, Version=1.0.0.0, Culture=neutral, PublicKeyToken=null" name="TrainNetworkTest" />
    </UnitTest>
    <UnitTest name="NetworkSettingsConstructorTest" storage="c:\development projects\enn\testsuite\bin\debug\testsuite.dll" id="573b324d-2394-0284-242e-658089f98732">
      <Execution id="ab9be10d-044d-47eb-ae09-f0ea7c72e0a0" />
      <TestMethod codeBase="C:/Development Projects/ENN/TestSuite/bin/Debug/TestSuite.DLL" adapterTypeName="Microsoft.VisualStudio.TestTools.TestTypes.Unit.UnitTestAdapter, Microsoft.VisualStudio.QualityTools.Tips.UnitTest.Adapter, Version=10.0.0.0, Culture=neutral, PublicKeyToken=b03f5f7f11d50a3a" className="TestSuite.Framework.NetworkSettingsTest, TestSuite, Version=1.0.0.0, Culture=neutral, PublicKeyToken=null" name="NetworkSettingsConstructorTest" />
    </UnitTest>
    <UnitTest name="StandLibFactoryConstructorTest" storage="c:\development projects\enn\testsuite\bin\debug\testsuite.dll" id="3c9d6005-6c63-77c2-b4e0-1c2eb9238c86">
      <Execution id="4ee2f0ce-5671-4200-a3d2-4137073a5cd2" />
      <TestMethod codeBase="C:/Development Projects/ENN/TestSuite/bin/Debug/TestSuite.DLL" adapterTypeName="Microsoft.VisualStudio.TestTools.TestTypes.Unit.UnitTestAdapter, Microsoft.VisualStudio.QualityTools.Tips.UnitTest.Adapter, Version=10.0.0.0, Culture=neutral, PublicKeyToken=b03f5f7f11d50a3a" className="TestSuite.Framework.StandLibFactoryTest, TestSuite, Version=1.0.0.0, Culture=neutral, PublicKeyToken=null" name="StandLibFactoryConstructorTest" />
    </UnitTest>
    <UnitTest name="OtherTest" storage="c:\development projects\enn\testsuite\bin\debug\testsuite.dll" id="b5e3a755-a2ab-152d-aa80-c4911fd65e0b">
      <Execution id="bbfde38a-7ad8-4708-b351-8acdff701c7d" />
      <TestMethod codeBase="C:/Development Projects/ENN/TestSuite/bin/Debug/TestSuite.DLL" adapterTypeName="Microsoft.VisualStudio.TestTools.TestTypes.Unit.UnitTestAdapter, Microsoft.VisualStudio.QualityTools.Tips.UnitTest.Adapter, Version=10.0.0.0, Culture=neutral, PublicKeyToken=b03f5f7f11d50a3a" className="TestSuite.Framework.NetworkSettingsTest, TestSuite, Version=1.0.0.0, Culture=neutral, PublicKeyToken=null" name="OtherTest" />
    </UnitTest>
    <UnitTest name="ThreadedHiddenLayerConstructorTest" storage="c:\development projects\enn\testsuite\bin\debug\testsuite.dll" id="b5ae595f-7dca-73d7-1bda-f09e7ea52bd4">
      <Execution id="d94f7ea0-ae80-4e72-ad75-4e05f2dd5d2f" />
      <TestMethod codeBase="C:/Development Projects/ENN/TestSuite/bin/Debug/TestSuite.DLL" adapterTypeName="Microsoft.VisualStudio.TestTools.TestTypes.Unit.UnitTestAdapter, Microsoft.VisualStudio.QualityTools.Tips.UnitTest.Adapter, Version=10.0.0.0, Culture=neutral, PublicKeyToken=b03f5f7f11d50a3a" className="TestSuite.Framework.ThreadedHiddenLayerTest, TestSuite, Version=1.0.0.0, Culture=neutral, PublicKeyToken=null" name="ThreadedHiddenLayerConstructorTest" />
    </UnitTest>
    <UnitTest name="getActivationFunctionTest" storage="c:\development projects\enn\testsuite\bin\debug\testsuite.dll" id="357b4346-32ed-acf9-652d-d83b6fab665a">
      <Execution id="a1bd180c-75c3-48f0-9fb7-25d9ba4b7e97" />
      <TestMethod codeBase="C:/Development Projects/ENN/TestSuite/bin/Debug/TestSuite.DLL" adapterTypeName="Microsoft.VisualStudio.TestTools.TestTypes.Unit.UnitTestAdapter, Microsoft.VisualStudio.QualityTools.Tips.UnitTest.Adapter, Version=10.0.0.0, Culture=neutral, PublicKeyToken=b03f5f7f11d50a3a" className="TestSuite.Framework.StandLibFactoryTest, TestSuite, Version=1.0.0.0, Culture=neutral, PublicKeyToken=null" name="getActivationFunctionTest" />
    </UnitTest>
    <UnitTest name="EnableTimingTest" storage="c:\development projects\enn\testsuite\bin\debug\testsuite.dll" id="2b901e5f-9814-1f85-ba74-9596bce4ae77">
      <Execution id="a75f65b5-3848-462d-a65a-92a5524e846e" />
      <TestMethod codeBase="C:/Development Projects/ENN/TestSuite/bin/Debug/TestSuite.DLL" adapterTypeName="Microsoft.VisualStudio.TestTools.TestTypes.Unit.UnitTestAdapter, Microsoft.VisualStudio.QualityTools.Tips.UnitTest.Adapter, Version=10.0.0.0, Culture=neutral, PublicKeyToken=b03f5f7f11d50a3a" className="TestSuite.Framework.NetworkSettingsTest, TestSuite, Version=1.0.0.0, Culture=neutral, PublicKeyToken=null" name="EnableTimingTest" />
    </UnitTest>
    <UnitTest name="HyperbolicTangentTest" storage="c:\development projects\enn\testsuite\bin\debug\testsuite.dll" id="6d9bec79-b5da-bc4a-5a65-b5aeaeb99bc5">
      <Execution id="ea252315-3d01-48d3-aebd-a7810965e5c7" />
      <TestMethod codeBase="C:/Development Projects/ENN/TestSuite/bin/Debug/TestSuite.DLL" adapterTypeName="Microsoft.VisualStudio.TestTools.TestTypes.Unit.UnitTestAdapter, Microsoft.VisualStudio.QualityTools.Tips.UnitTest.Adapter, Version=10.0.0.0, Culture=neutral, PublicKeyToken=b03f5f7f11d50a3a" className="TestSuite.Framework.SigmoidFunctionsTest, TestSuite, Version=1.0.0.0, Culture=neutral, PublicKeyToken=null" name="HyperbolicTangentTest" />
    </UnitTest>
    <UnitTest name="GeneralizedLogisticTest" storage="c:\development projects\enn\testsuite\bin\debug\testsuite.dll" id="d1aa1e04-5762-55e7-0a3f-f25ed3746b8e">
      <Execution id="1f9e6963-9f00-4df2-a1e3-fc837f586210" />
      <TestMethod codeBase="C:/Development Projects/ENN/TestSuite/bin/Debug/TestSuite.DLL" adapterTypeName="Microsoft.VisualStudio.TestTools.TestTypes.Unit.UnitTestAdapter, Microsoft.VisualStudio.QualityTools.Tips.UnitTest.Adapter, Version=10.0.0.0, Culture=neutral, PublicKeyToken=b03f5f7f11d50a3a" className="TestSuite.Framework.SigmoidFunctionsTest, TestSuite, Version=1.0.0.0, Culture=neutral, PublicKeyToken=null" name="GeneralizedLogisticTest" />
    </UnitTest>
    <UnitTest name="StartNetworkTest" storage="c:\development projects\enn\testsuite\bin\debug\testsuite.dll" id="4d46c574-4e3e-c892-575b-4964cedc723f">
      <Execution id="f575edbb-0d63-4550-a003-4b0c2459060a" />
      <TestMethod codeBase="C:/Development Projects/ENN/TestSuite/bin/Debug/TestSuite.DLL" adapterTypeName="Microsoft.VisualStudio.TestTools.TestTypes.Unit.UnitTestAdapter, Microsoft.VisualStudio.QualityTools.Tips.UnitTest.Adapter, Version=10.0.0.0, Culture=neutral, PublicKeyToken=b03f5f7f11d50a3a" className="TestSuite.Framework.NeuralNetworkTest, TestSuite, Version=1.0.0.0, Culture=neutral, PublicKeyToken=null" name="StartNetworkTest" />
    </UnitTest>
    <UnitTest name="GeneralizedLogisticTest1" storage="c:\development projects\enn\testsuite\bin\debug\testsuite.dll" id="2c89c367-a74f-da41-08f4-450946228133">
      <Execution id="f2b7a1ff-8994-4be6-836d-8d37f9bae9d2" />
      <TestMethod codeBase="C:/Development Projects/ENN/TestSuite/bin/Debug/TestSuite.DLL" adapterTypeName="Microsoft.VisualStudio.TestTools.TestTypes.Unit.UnitTestAdapter, Microsoft.VisualStudio.QualityTools.Tips.UnitTest.Adapter, Version=10.0.0.0, Culture=neutral, PublicKeyToken=b03f5f7f11d50a3a" className="TestSuite.Framework.SigmoidFunctionsTest, TestSuite, Version=1.0.0.0, Culture=neutral, PublicKeyToken=null" name="GeneralizedLogisticTest1" />
    </UnitTest>
    <UnitTest name="DefaultOutputLayerTest" storage="c:\development projects\enn\testsuite\bin\debug\testsuite.dll" id="a8823d1a-dea7-22d8-3b80-cec046111d72">
      <Execution id="7fd877ca-7016-47af-95d0-bae4272a0f45" />
      <TestMethod codeBase="C:/Development Projects/ENN/TestSuite/bin/Debug/TestSuite.DLL" adapterTypeName="Microsoft.VisualStudio.TestTools.TestTypes.Unit.UnitTestAdapter, Microsoft.VisualStudio.QualityTools.Tips.UnitTest.Adapter, Version=10.0.0.0, Culture=neutral, PublicKeyToken=b03f5f7f11d50a3a" className="TestSuite.Framework.NetworkSettingsTest, TestSuite, Version=1.0.0.0, Culture=neutral, PublicKeyToken=null" name="DefaultOutputLayerTest" />
    </UnitTest>
    <UnitTest name="SaveLoadBinaryTest" storage="c:\development projects\enn\testsuite\bin\debug\testsuite.dll" id="38c45ed0-2293-3c74-f641-ef31e1cff933">
      <Execution id="dc6ea4e9-3f9f-4d71-8744-df8b9645c0ff" />
      <TestMethod codeBase="C:/Development Projects/ENN/TestSuite/bin/Debug/TestSuite.DLL" adapterTypeName="Microsoft.VisualStudio.TestTools.TestTypes.Unit.UnitTestAdapter, Microsoft.VisualStudio.QualityTools.Tips.UnitTest.Adapter, Version=10.0.0.0, Culture=neutral, PublicKeyToken=b03f5f7f11d50a3a" className="TestSuite.Framework.Tools.TopologyTest, TestSuite, Version=1.0.0.0, Culture=neutral, PublicKeyToken=null" name="SaveLoadBinaryTest" />
    </UnitTest>
    <UnitTest name="HillClimbAlgoConstructorTest" storage="c:\development projects\enn\testsuite\bin\debug\testsuite.dll" id="bd6134f3-8c29-55c3-d0c7-c2fb216d01d4">
      <Execution id="917e5a8a-8944-4d11-bcaf-6bafb4404a1d" />
      <TestMethod codeBase="C:/Development Projects/ENN/TestSuite/bin/Debug/TestSuite.DLL" adapterTypeName="Microsoft.VisualStudio.TestTools.TestTypes.Unit.UnitTestAdapter, Microsoft.VisualStudio.QualityTools.Tips.UnitTest.Adapter, Version=10.0.0.0, Culture=neutral, PublicKeyToken=b03f5f7f11d50a3a" className="TestSuite.Framework.HillClimbAlgoTest, TestSuite, Version=1.0.0.0, Culture=neutral, PublicKeyToken=null" name="HillClimbAlgoConstructorTest" />
    </UnitTest>
    <UnitTest name="GetValueTest" storage="c:\development projects\enn\testsuite\bin\debug\testsuite.dll" id="7ddb6d66-d4cc-b85e-ceb4-dacdc7709908">
      <Execution id="ee4af115-199b-4d74-83ce-4efa54f45a59" />
      <TestMethod codeBase="C:/Development Projects/ENN/TestSuite/bin/Debug/TestSuite.DLL" adapterTypeName="Microsoft.VisualStudio.TestTools.TestTypes.Unit.UnitTestAdapter, Microsoft.VisualStudio.QualityTools.Tips.UnitTest.Adapter, Version=10.0.0.0, Culture=neutral, PublicKeyToken=b03f5f7f11d50a3a" className="TestSuite.Framework.BasicOutputLayerTest, TestSuite, Version=1.0.0.0, Culture=neutral, PublicKeyToken=null" name="GetValueTest" />
    </UnitTest>
    <UnitTest name="EqualsTest" storage="c:\development projects\enn\testsuite\bin\debug\testsuite.dll" id="604a034f-362e-5faa-f734-caee2f5177cf">
      <Execution id="0fec4194-55e4-4034-a1f1-2ff87e6b0422" />
      <TestMethod codeBase="C:/Development Projects/ENN/TestSuite/bin/Debug/TestSuite.DLL" adapterTypeName="Microsoft.VisualStudio.TestTools.TestTypes.Unit.UnitTestAdapter, Microsoft.VisualStudio.QualityTools.Tips.UnitTest.Adapter, Version=10.0.0.0, Culture=neutral, PublicKeyToken=b03f5f7f11d50a3a" className="TestSuite.Framework.BasicLayerTest, TestSuite, Version=1.0.0.0, Culture=neutral, PublicKeyToken=null" name="EqualsTest" />
    </UnitTest>
    <UnitTest name="GetValueTest" storage="c:\development projects\enn\testsuite\bin\debug\testsuite.dll" id="ed6cbf7c-1892-3c38-82a7-ffa09ec69e5a">
      <Execution id="4778dd03-4f78-436a-b8ec-1ba86d8a08ae" />
      <TestMethod codeBase="C:/Development Projects/ENN/TestSuite/bin/Debug/TestSuite.DLL" adapterTypeName="Microsoft.VisualStudio.TestTools.TestTypes.Unit.UnitTestAdapter, Microsoft.VisualStudio.QualityTools.Tips.UnitTest.Adapter, Version=10.0.0.0, Culture=neutral, PublicKeyToken=b03f5f7f11d50a3a" className="TestSuite.Framework.BasicNodeTest, TestSuite, Version=1.0.0.0, Culture=neutral, PublicKeyToken=null" name="GetValueTest" />
    </UnitTest>
    <UnitTest name="TrainingAlgorithmTest" storage="c:\development projects\enn\testsuite\bin\debug\testsuite.dll" id="1f504a14-9109-8935-fb3d-3e0cc9acaced">
      <Execution id="f7446f8d-09e8-4858-bf22-f6f51c061ba4" />
      <TestMethod codeBase="C:/Development Projects/ENN/TestSuite/bin/Debug/TestSuite.DLL" adapterTypeName="Microsoft.VisualStudio.TestTools.TestTypes.Unit.UnitTestAdapter, Microsoft.VisualStudio.QualityTools.Tips.UnitTest.Adapter, Version=10.0.0.0, Culture=neutral, PublicKeyToken=b03f5f7f11d50a3a" className="TestSuite.Framework.NetworkTopologyTest, TestSuite, Version=1.0.0.0, Culture=neutral, PublicKeyToken=null" name="TrainingAlgorithmTest" />
    </UnitTest>
    <UnitTest name="DefaultFactoryTest" storage="c:\development projects\enn\testsuite\bin\debug\testsuite.dll" id="b4ff2759-93e7-a8a5-d6b3-d10da4893f5a">
      <Execution id="49cb07a1-588a-45e1-8d69-53261426833c" />
      <TestMethod codeBase="C:/Development Projects/ENN/TestSuite/bin/Debug/TestSuite.DLL" adapterTypeName="Microsoft.VisualStudio.TestTools.TestTypes.Unit.UnitTestAdapter, Microsoft.VisualStudio.QualityTools.Tips.UnitTest.Adapter, Version=10.0.0.0, Culture=neutral, PublicKeyToken=b03f5f7f11d50a3a" className="TestSuite.Framework.NetworkSettingsTest, TestSuite, Version=1.0.0.0, Culture=neutral, PublicKeyToken=null" name="DefaultFactoryTest" />
    </UnitTest>
    <UnitTest name="EqualsTest" storage="c:\development projects\enn\testsuite\bin\debug\testsuite.dll" id="8de660a6-a5b4-4a08-e168-84d6a8847c2d">
      <Execution id="dcc1c9da-8492-4472-8bbb-7a00080aa96a" />
      <TestMethod codeBase="C:/Development Projects/ENN/TestSuite/bin/Debug/TestSuite.DLL" adapterTypeName="Microsoft.VisualStudio.TestTools.TestTypes.Unit.UnitTestAdapter, Microsoft.VisualStudio.QualityTools.Tips.UnitTest.Adapter, Version=10.0.0.0, Culture=neutral, PublicKeyToken=b03f5f7f11d50a3a" className="TestSuite.Framework.NetworkTopologyTest, TestSuite, Version=1.0.0.0, Culture=neutral, PublicKeyToken=null" name="EqualsTest" />
    </UnitTest>
    <UnitTest name="EqualsTest" storage="c:\development projects\enn\testsuite\bin\debug\testsuite.dll" id="6a52bd04-93c0-3f97-3dd3-da1b2d4c5d7d">
      <Execution id="f1453bc1-00f1-4703-9670-75b0cddecb32" />
      <TestMethod codeBase="C:/Development Projects/ENN/TestSuite/bin/Debug/TestSuite.DLL" adapterTypeName="Microsoft.VisualStudio.TestTools.TestTypes.Unit.UnitTestAdapter, Microsoft.VisualStudio.QualityTools.Tips.UnitTest.Adapter, Version=10.0.0.0, Culture=neutral, PublicKeyToken=b03f5f7f11d50a3a" className="TestSuite.Framework.BasicOutputLayerTest, TestSuite, Version=1.0.0.0, Culture=neutral, PublicKeyToken=null" name="EqualsTest" />
    </UnitTest>
    <UnitTest name="getCombinationFunctionTest" storage="c:\development projects\enn\testsuite\bin\debug\testsuite.dll" id="349f5a51-cd4a-74bd-4680-47d19c2c213f">
      <Execution id="946c1002-b225-491a-980d-5e9b0f3d990e" />
      <TestMethod codeBase="C:/Development Projects/ENN/TestSuite/bin/Debug/TestSuite.DLL" adapterTypeName="Microsoft.VisualStudio.TestTools.TestTypes.Unit.UnitTestAdapter, Microsoft.VisualStudio.QualityTools.Tips.UnitTest.Adapter, Version=10.0.0.0, Culture=neutral, PublicKeyToken=b03f5f7f11d50a3a" className="TestSuite.Framework.StandLibFactoryTest, TestSuite, Version=1.0.0.0, Culture=neutral, PublicKeyToken=null" name="getCombinationFunctionTest" />
    </UnitTest>
    <UnitTest name="TrainingAccuracyTest" storage="c:\development projects\enn\testsuite\bin\debug\testsuite.dll" id="8c397046-78ee-c33d-3e4c-44a5719d553d">
      <Execution id="0993c5d9-aeaf-4aa4-b785-487d7f95a53a" />
      <TestMethod codeBase="C:/Development Projects/ENN/TestSuite/bin/Debug/TestSuite.DLL" adapterTypeName="Microsoft.VisualStudio.TestTools.TestTypes.Unit.UnitTestAdapter, Microsoft.VisualStudio.QualityTools.Tips.UnitTest.Adapter, Version=10.0.0.0, Culture=neutral, PublicKeyToken=b03f5f7f11d50a3a" className="TestSuite.Framework.NetworkSettingsTest, TestSuite, Version=1.0.0.0, Culture=neutral, PublicKeyToken=null" name="TrainingAccuracyTest" />
    </UnitTest>
    <UnitTest name="HiddenLayersTest" storage="c:\development projects\enn\testsuite\bin\debug\testsuite.dll" id="ba1cb5ab-f487-d922-92d1-b5c0b8d6512f">
      <Execution id="f71c87bc-3ad0-4be7-8854-67535d82d6a4" />
      <TestMethod codeBase="C:/Development Projects/ENN/TestSuite/bin/Debug/TestSuite.DLL" adapterTypeName="Microsoft.VisualStudio.TestTools.TestTypes.Unit.UnitTestAdapter, Microsoft.VisualStudio.QualityTools.Tips.UnitTest.Adapter, Version=10.0.0.0, Culture=neutral, PublicKeyToken=b03f5f7f11d50a3a" className="TestSuite.Framework.NetworkTopologyTest, TestSuite, Version=1.0.0.0, Culture=neutral, PublicKeyToken=null" name="HiddenLayersTest" />
    </UnitTest>
    <UnitTest name="SaveText" storage="c:\development projects\enn\testsuite\bin\debug\testsuite.dll" id="dc7516d4-ea11-52ea-592a-675e802b27f3">
      <Execution id="4005c391-e231-47cd-92c3-9b8f2553297f" />
      <TestMethod codeBase="C:/Development Projects/ENN/TestSuite/bin/Debug/TestSuite.DLL" adapterTypeName="Microsoft.VisualStudio.TestTools.TestTypes.Unit.UnitTestAdapter, Microsoft.VisualStudio.QualityTools.Tips.UnitTest.Adapter, Version=10.0.0.0, Culture=neutral, PublicKeyToken=b03f5f7f11d50a3a" className="TestSuite.Framework.Tools.SettingsTest, TestSuite, Version=1.0.0.0, Culture=neutral, PublicKeyToken=null" name="SaveText" />
    </UnitTest>
    <UnitTest name="EqualsTest" storage="c:\development projects\enn\testsuite\bin\debug\testsuite.dll" id="b5af2dd1-ef3f-eec7-b120-54c52453cde4">
      <Execution id="d8daab77-c50c-4828-9ec5-004a3d2fde46" />
      <TestMethod codeBase="C:/Development Projects/ENN/TestSuite/bin/Debug/TestSuite.DLL" adapterTypeName="Microsoft.VisualStudio.TestTools.TestTypes.Unit.UnitTestAdapter, Microsoft.VisualStudio.QualityTools.Tips.UnitTest.Adapter, Version=10.0.0.0, Culture=neutral, PublicKeyToken=b03f5f7f11d50a3a" className="TestSuite.Framework.HillClimbAlgoTest, TestSuite, Version=1.0.0.0, Culture=neutral, PublicKeyToken=null" name="EqualsTest" />
    </UnitTest>
    <UnitTest name="PostProcessorTest" storage="c:\development projects\enn\testsuite\bin\debug\testsuite.dll" id="6c48ec72-9487-035f-80b3-d8b19112a2d9">
      <Execution id="cd01ee98-9bf9-45f8-8a79-9bbd1aa003d9" />
      <TestMethod codeBase="C:/Development Projects/ENN/TestSuite/bin/Debug/TestSuite.DLL" adapterTypeName="Microsoft.VisualStudio.TestTools.TestTypes.Unit.UnitTestAdapter, Microsoft.VisualStudio.QualityTools.Tips.UnitTest.Adapter, Version=10.0.0.0, Culture=neutral, PublicKeyToken=b03f5f7f11d50a3a" className="TestSuite.Framework.NetworkTopologyTest, TestSuite, Version=1.0.0.0, Culture=neutral, PublicKeyToken=null" name="PostProcessorTest" />
    </UnitTest>
    <UnitTest name="MetaDataTest" storage="c:\development projects\enn\testsuite\bin\debug\testsuite.dll" id="54ea49d7-872c-276b-d1ac-f03e032aae87">
      <Execution id="ed0e8e6d-984e-41e4-b384-9a50d9303bd7" />
      <TestMethod codeBase="C:/Development Projects/ENN/TestSuite/bin/Debug/TestSuite.DLL" adapterTypeName="Microsoft.VisualStudio.TestTools.TestTypes.Unit.UnitTestAdapter, Microsoft.VisualStudio.QualityTools.Tips.UnitTest.Adapter, Version=10.0.0.0, Culture=neutral, PublicKeyToken=b03f5f7f11d50a3a" className="TestSuite.Framework.NetworkTopologyTest, TestSuite, Version=1.0.0.0, Culture=neutral, PublicKeyToken=null" name="MetaDataTest" />
    </UnitTest>
    <UnitTest name="SetSettingsTest" storage="c:\development projects\enn\testsuite\bin\debug\testsuite.dll" id="680a45b5-4f49-a5c2-34cb-d26f2ad2185b">
      <Execution id="352e3e58-8360-44d5-a3b3-5231f7727de2" />
      <TestMethod codeBase="C:/Development Projects/ENN/TestSuite/bin/Debug/TestSuite.DLL" adapterTypeName="Microsoft.VisualStudio.TestTools.TestTypes.Unit.UnitTestAdapter, Microsoft.VisualStudio.QualityTools.Tips.UnitTest.Adapter, Version=10.0.0.0, Culture=neutral, PublicKeyToken=b03f5f7f11d50a3a" className="TestSuite.Framework.HillClimbAlgoTest, TestSuite, Version=1.0.0.0, Culture=neutral, PublicKeyToken=null" name="SetSettingsTest" />
    </UnitTest>
    <UnitTest name="NetworkTypeTest" storage="c:\development projects\enn\testsuite\bin\debug\testsuite.dll" id="a1ceb0d7-e762-54e4-c7d1-02628c8188ab">
      <Execution id="29366ff0-3c7f-459a-b19e-b1e18b4fae6d" />
      <TestMethod codeBase="C:/Development Projects/ENN/TestSuite/bin/Debug/TestSuite.DLL" adapterTypeName="Microsoft.VisualStudio.TestTools.TestTypes.Unit.UnitTestAdapter, Microsoft.VisualStudio.QualityTools.Tips.UnitTest.Adapter, Version=10.0.0.0, Culture=neutral, PublicKeyToken=b03f5f7f11d50a3a" className="TestSuite.Framework.NetworkSettingsTest, TestSuite, Version=1.0.0.0, Culture=neutral, PublicKeyToken=null" name="NetworkTypeTest" />
    </UnitTest>
    <UnitTest name="OutputLayerTest" storage="c:\development projects\enn\testsuite\bin\debug\testsuite.dll" id="99f0b5b4-0a2a-3205-9152-e1a3e644b886">
      <Execution id="a5bd710f-b63d-4b8d-b313-f74d3872c119" />
      <TestMethod codeBase="C:/Development Projects/ENN/TestSuite/bin/Debug/TestSuite.DLL" adapterTypeName="Microsoft.VisualStudio.TestTools.TestTypes.Unit.UnitTestAdapter, Microsoft.VisualStudio.QualityTools.Tips.UnitTest.Adapter, Version=10.0.0.0, Culture=neutral, PublicKeyToken=b03f5f7f11d50a3a" className="TestSuite.Framework.NetworkTopologyTest, TestSuite, Version=1.0.0.0, Culture=neutral, PublicKeyToken=null" name="OutputLayerTest" />
    </UnitTest>
    <UnitTest name="PreProcessorTest" storage="c:\development projects\enn\testsuite\bin\debug\testsuite.dll" id="1b724367-d2c1-3107-fa6a-cfdd80613097">
      <Execution id="95e92857-d382-483b-ba46-26e74a17a753" />
      <TestMethod codeBase="C:/Development Projects/ENN/TestSuite/bin/Debug/TestSuite.DLL" adapterTypeName="Microsoft.VisualStudio.TestTools.TestTypes.Unit.UnitTestAdapter, Microsoft.VisualStudio.QualityTools.Tips.UnitTest.Adapter, Version=10.0.0.0, Culture=neutral, PublicKeyToken=b03f5f7f11d50a3a" className="TestSuite.Framework.NetworkTopologyTest, TestSuite, Version=1.0.0.0, Culture=neutral, PublicKeyToken=null" name="PreProcessorTest" />
    </UnitTest>
    <UnitTest name="TrainingPreProcessorTest" storage="c:\development projects\enn\testsuite\bin\debug\testsuite.dll" id="f1ce82b4-23b4-e9e2-a855-4dfbf8340573">
      <Execution id="b3417620-d76e-47d9-96e7-cfbcaf4df871" />
      <TestMethod codeBase="C:/Development Projects/ENN/TestSuite/bin/Debug/TestSuite.DLL" adapterTypeName="Microsoft.VisualStudio.TestTools.TestTypes.Unit.UnitTestAdapter, Microsoft.VisualStudio.QualityTools.Tips.UnitTest.Adapter, Version=10.0.0.0, Culture=neutral, PublicKeyToken=b03f5f7f11d50a3a" className="TestSuite.Framework.NetworkTopologyTest, TestSuite, Version=1.0.0.0, Culture=neutral, PublicKeyToken=null" name="TrainingPreProcessorTest" />
    </UnitTest>
    <UnitTest name="ModeTest" storage="c:\development projects\enn\testsuite\bin\debug\testsuite.dll" id="8fa4a54a-bae6-94d8-d573-1647c12d4824">
      <Execution id="c71ee720-da05-4684-98ac-2ac47bccbb4e" />
      <TestMethod codeBase="C:/Development Projects/ENN/TestSuite/bin/Debug/TestSuite.DLL" adapterTypeName="Microsoft.VisualStudio.TestTools.TestTypes.Unit.UnitTestAdapter, Microsoft.VisualStudio.QualityTools.Tips.UnitTest.Adapter, Version=10.0.0.0, Culture=neutral, PublicKeyToken=b03f5f7f11d50a3a" className="TestSuite.Framework.NetworkSettingsTest, TestSuite, Version=1.0.0.0, Culture=neutral, PublicKeyToken=null" name="ModeTest" />
    </UnitTest>
    <UnitTest name="DefaultNodeTest" storage="c:\development projects\enn\testsuite\bin\debug\testsuite.dll" id="3c3ed5b7-5e6a-8138-0b65-4fd13679f387">
      <Execution id="11ad883a-f30a-4f29-84da-317a51294c7f" />
      <TestMethod codeBase="C:/Development Projects/ENN/TestSuite/bin/Debug/TestSuite.DLL" adapterTypeName="Microsoft.VisualStudio.TestTools.TestTypes.Unit.UnitTestAdapter, Microsoft.VisualStudio.QualityTools.Tips.UnitTest.Adapter, Version=10.0.0.0, Culture=neutral, PublicKeyToken=b03f5f7f11d50a3a" className="TestSuite.Framework.NetworkSettingsTest, TestSuite, Version=1.0.0.0, Culture=neutral, PublicKeyToken=null" name="DefaultNodeTest" />
    </UnitTest>
    <UnitTest name="sumationTest" storage="c:\development projects\enn\testsuite\bin\debug\testsuite.dll" id="d7de268d-ad00-3d1a-9ef6-c7d7c6d2c881">
      <Execution id="7fba8fbb-7ded-45f5-a70c-9de940d1622b" />
      <TestMethod codeBase="C:/Development Projects/ENN/TestSuite/bin/Debug/TestSuite.DLL" adapterTypeName="Microsoft.VisualStudio.TestTools.TestTypes.Unit.UnitTestAdapter, Microsoft.VisualStudio.QualityTools.Tips.UnitTest.Adapter, Version=10.0.0.0, Culture=neutral, PublicKeyToken=b03f5f7f11d50a3a" className="TestSuite.Framework.CombinationFunctionsTest, TestSuite, Version=1.0.0.0, Culture=neutral, PublicKeyToken=null" name="sumationTest" />
    </UnitTest>
    <UnitTest name="ParseListTest" storage="c:\development projects\enn\testsuite\bin\debug\testsuite.dll" id="e28af217-9e05-374a-b589-3e0e31013f06">
      <Execution id="214da1a6-0838-46e6-b60b-c46619afc911" />
      <TestMethod codeBase="C:/Development Projects/ENN/TestSuite/bin/Debug/TestSuite.DLL" adapterTypeName="Microsoft.VisualStudio.TestTools.TestTypes.Unit.UnitTestAdapter, Microsoft.VisualStudio.QualityTools.Tips.UnitTest.Adapter, Version=10.0.0.0, Culture=neutral, PublicKeyToken=b03f5f7f11d50a3a" className="TestSuite.Framework.StandLibFactoryTest, TestSuite, Version=1.0.0.0, Culture=neutral, PublicKeyToken=null" name="ParseListTest" />
    </UnitTest>
    <UnitTest name="GetValueTest" storage="c:\development projects\enn\testsuite\bin\debug\testsuite.dll" id="855130ce-84bf-1161-1eee-aae8000252b2">
      <Execution id="0ab70422-9352-4aaf-b891-15f0976cb811" />
      <TestMethod codeBase="C:/Development Projects/ENN/TestSuite/bin/Debug/TestSuite.DLL" adapterTypeName="Microsoft.VisualStudio.TestTools.TestTypes.Unit.UnitTestAdapter, Microsoft.VisualStudio.QualityTools.Tips.UnitTest.Adapter, Version=10.0.0.0, Culture=neutral, PublicKeyToken=b03f5f7f11d50a3a" className="TestSuite.Framework.CustomizableNodeTest, TestSuite, Version=1.0.0.0, Culture=neutral, PublicKeyToken=null" name="GetValueTest" />
    </UnitTest>
    <UnitTest name="NetworkTopologyConstructorTest" storage="c:\development projects\enn\testsuite\bin\debug\testsuite.dll" id="90d4d793-c175-7e4f-a953-2c15482e9127">
      <Execution id="4ab81635-843e-4d97-a308-db77240c6a36" />
      <TestMethod codeBase="C:/Development Projects/ENN/TestSuite/bin/Debug/TestSuite.DLL" adapterTypeName="Microsoft.VisualStudio.TestTools.TestTypes.Unit.UnitTestAdapter, Microsoft.VisualStudio.QualityTools.Tips.UnitTest.Adapter, Version=10.0.0.0, Culture=neutral, PublicKeyToken=b03f5f7f11d50a3a" className="TestSuite.Framework.NetworkTopologyTest, TestSuite, Version=1.0.0.0, Culture=neutral, PublicKeyToken=null" name="NetworkTopologyConstructorTest" />
    </UnitTest>
    <UnitTest name="LoadText" storage="c:\development projects\enn\testsuite\bin\debug\testsuite.dll" id="895e1ad2-9637-1929-bdca-2e13d6ecdf33">
      <Execution id="6b615d1c-d701-48a9-a2ab-0113e25b0916" />
      <TestMethod codeBase="C:/Development Projects/ENN/TestSuite/bin/Debug/TestSuite.DLL" adapterTypeName="Microsoft.VisualStudio.TestTools.TestTypes.Unit.UnitTestAdapter, Microsoft.VisualStudio.QualityTools.Tips.UnitTest.Adapter, Version=10.0.0.0, Culture=neutral, PublicKeyToken=b03f5f7f11d50a3a" className="TestSuite.Framework.Tools.SettingsTest, TestSuite, Version=1.0.0.0, Culture=neutral, PublicKeyToken=null" name="LoadText" />
    </UnitTest>
    <UnitTest name="BasicLayerConstructorTest" storage="c:\development projects\enn\testsuite\bin\debug\testsuite.dll" id="07b21b41-3269-6cca-bc3e-6dc3a61f0299">
      <Execution id="d27e2daa-3cb6-421c-a79f-cfdfe9aa5874" />
      <TestMethod codeBase="C:/Development Projects/ENN/TestSuite/bin/Debug/TestSuite.DLL" adapterTypeName="Microsoft.VisualStudio.TestTools.TestTypes.Unit.UnitTestAdapter, Microsoft.VisualStudio.QualityTools.Tips.UnitTest.Adapter, Version=10.0.0.0, Culture=neutral, PublicKeyToken=b03f5f7f11d50a3a" className="TestSuite.Framework.BasicLayerTest, TestSuite, Version=1.0.0.0, Culture=neutral, PublicKeyToken=null" name="BasicLayerConstructorTest" />
    </UnitTest>
    <UnitTest name="EqualsTest" storage="c:\development projects\enn\testsuite\bin\debug\testsuite.dll" id="020f297e-a2c1-3a64-4acc-60c7b6d21770">
      <Execution id="5eac1837-d2a6-4923-9faf-93aaf67627a4" />
      <TestMethod codeBase="C:/Development Projects/ENN/TestSuite/bin/Debug/TestSuite.DLL" adapterTypeName="Microsoft.VisualStudio.TestTools.TestTypes.Unit.UnitTestAdapter, Microsoft.VisualStudio.QualityTools.Tips.UnitTest.Adapter, Version=10.0.0.0, Culture=neutral, PublicKeyToken=b03f5f7f11d50a3a" className="TestSuite.Framework.CustomizableNodeTest, TestSuite, Version=1.0.0.0, Culture=neutral, PublicKeyToken=null" name="EqualsTest" />
    </UnitTest>
    <UnitTest name="ModifiedLogisticTest" storage="c:\development projects\enn\testsuite\bin\debug\testsuite.dll" id="53c97187-29f3-3a29-3a8c-67e2258754c3">
      <Execution id="664b80e8-024d-49d9-b093-94fed8750946" />
      <TestMethod codeBase="C:/Development Projects/ENN/TestSuite/bin/Debug/TestSuite.DLL" adapterTypeName="Microsoft.VisualStudio.TestTools.TestTypes.Unit.UnitTestAdapter, Microsoft.VisualStudio.QualityTools.Tips.UnitTest.Adapter, Version=10.0.0.0, Culture=neutral, PublicKeyToken=b03f5f7f11d50a3a" className="TestSuite.Framework.SigmoidFunctionsTest, TestSuite, Version=1.0.0.0, Culture=neutral, PublicKeyToken=null" name="ModifiedLogisticTest" />
    </UnitTest>
    <UnitTest name="CombinationFunctionsConstructorTest" storage="c:\development projects\enn\testsuite\bin\debug\testsuite.dll" id="814adc11-a284-0739-1c15-5af3c44473d8">
      <Execution id="8344d5ab-798d-44bd-a66b-ac05b42f2837" />
      <TestMethod codeBase="C:/Development Projects/ENN/TestSuite/bin/Debug/TestSuite.DLL" adapterTypeName="Microsoft.VisualStudio.TestTools.TestTypes.Unit.UnitTestAdapter, Microsoft.VisualStudio.QualityTools.Tips.UnitTest.Adapter, Version=10.0.0.0, Culture=neutral, PublicKeyToken=b03f5f7f11d50a3a" className="TestSuite.Framework.CombinationFunctionsTest, TestSuite, Version=1.0.0.0, Culture=neutral, PublicKeyToken=null" name="CombinationFunctionsConstructorTest" />
    </UnitTest>
    <UnitTest name="productionTest" storage="c:\development projects\enn\testsuite\bin\debug\testsuite.dll" id="41c561ac-f514-03ed-4f2e-66225ee0a9b3">
      <Execution id="7c7af560-060c-4dab-81bf-6882db1a4357" />
      <TestMethod codeBase="C:/Development Projects/ENN/TestSuite/bin/Debug/TestSuite.DLL" adapterTypeName="Microsoft.VisualStudio.TestTools.TestTypes.Unit.UnitTestAdapter, Microsoft.VisualStudio.QualityTools.Tips.UnitTest.Adapter, Version=10.0.0.0, Culture=neutral, PublicKeyToken=b03f5f7f11d50a3a" className="TestSuite.Framework.CombinationFunctionsTest, TestSuite, Version=1.0.0.0, Culture=neutral, PublicKeyToken=null" name="productionTest" />
    </UnitTest>
    <UnitTest name="SaveTextTest" storage="c:\development projects\enn\testsuite\bin\debug\testsuite.dll" id="49de5b48-9eaf-d0db-f8b0-e44b0098530f">
      <Execution id="edd050b1-cec5-4774-af4d-b26c5396c775" />
      <TestMethod codeBase="C:/Development Projects/ENN/TestSuite/bin/Debug/TestSuite.DLL" adapterTypeName="Microsoft.VisualStudio.TestTools.TestTypes.Unit.UnitTestAdapter, Microsoft.VisualStudio.QualityTools.Tips.UnitTest.Adapter, Version=10.0.0.0, Culture=neutral, PublicKeyToken=b03f5f7f11d50a3a" className="TestSuite.Framework.Tools.TopologyTest, TestSuite, Version=1.0.0.0, Culture=neutral, PublicKeyToken=null" name="SaveTextTest" />
    </UnitTest>
    <UnitTest name="LogisticTest" storage="c:\development projects\enn\testsuite\bin\debug\testsuite.dll" id="ca9b7ca8-ec0a-3d74-80eb-bb3fce3380f1">
      <Execution id="21e00474-b062-4290-a48f-a121a31b666f" />
      <TestMethod codeBase="C:/Development Projects/ENN/TestSuite/bin/Debug/TestSuite.DLL" adapterTypeName="Microsoft.VisualStudio.TestTools.TestTypes.Unit.UnitTestAdapter, Microsoft.VisualStudio.QualityTools.Tips.UnitTest.Adapter, Version=10.0.0.0, Culture=neutral, PublicKeyToken=b03f5f7f11d50a3a" className="TestSuite.Framework.SigmoidFunctionsTest, TestSuite, Version=1.0.0.0, Culture=neutral, PublicKeyToken=null" name="LogisticTest" />
    </UnitTest>
    <UnitTest name="LoadTextTest" storage="c:\development projects\enn\testsuite\bin\debug\testsuite.dll" id="7d8ab741-01d2-0d2d-1e29-c0fcb83101fd">
      <Execution id="582359d9-6a5d-4585-b82e-69fb2f6bdba9" />
      <TestMethod codeBase="C:/Development Projects/ENN/TestSuite/bin/Debug/TestSuite.DLL" adapterTypeName="Microsoft.VisualStudio.TestTools.TestTypes.Unit.UnitTestAdapter, Microsoft.VisualStudio.QualityTools.Tips.UnitTest.Adapter, Version=10.0.0.0, Culture=neutral, PublicKeyToken=b03f5f7f11d50a3a" className="TestSuite.Framework.Tools.TopologyTest, TestSuite, Version=1.0.0.0, Culture=neutral, PublicKeyToken=null" name="LoadTextTest" />
    </UnitTest>
    <UnitTest name="MetaDataTest" storage="c:\development projects\enn\testsuite\bin\debug\testsuite.dll" id="47b48568-fe23-aa9f-4797-84c392c55991">
      <Execution id="2bb171b4-b76a-4234-8066-0f0a098e7451" />
      <TestMethod codeBase="C:/Development Projects/ENN/TestSuite/bin/Debug/TestSuite.DLL" adapterTypeName="Microsoft.VisualStudio.TestTools.TestTypes.Unit.UnitTestAdapter, Microsoft.VisualStudio.QualityTools.Tips.UnitTest.Adapter, Version=10.0.0.0, Culture=neutral, PublicKeyToken=b03f5f7f11d50a3a" className="TestSuite.Framework.BasicLayerTest, TestSuite, Version=1.0.0.0, Culture=neutral, PublicKeyToken=null" name="MetaDataTest" />
    </UnitTest>
    <UnitTest name="GetValuesTest" storage="c:\development projects\enn\testsuite\bin\debug\testsuite.dll" id="f053d416-9380-8069-ef40-6a7789ba8040">
      <Execution id="07a229ba-a38d-4432-a6fc-63bb44ee67ce" />
      <TestMethod codeBase="C:/Development Projects/ENN/TestSuite/bin/Debug/TestSuite.DLL" adapterTypeName="Microsoft.VisualStudio.TestTools.TestTypes.Unit.UnitTestAdapter, Microsoft.VisualStudio.QualityTools.Tips.UnitTest.Adapter, Version=10.0.0.0, Culture=neutral, PublicKeyToken=b03f5f7f11d50a3a" className="TestSuite.Framework.BasicLayerTest, TestSuite, Version=1.0.0.0, Culture=neutral, PublicKeyToken=null" name="GetValuesTest" />
    </UnitTest>
    <UnitTest name="ToStringTest" storage="c:\development projects\enn\testsuite\bin\debug\testsuite.dll" id="e000e601-a400-b77b-7cbe-e16a1fb8bf43">
      <Execution id="63e901f8-7609-4228-93e0-932e3664227e" />
      <TestMethod codeBase="C:/Development Projects/ENN/TestSuite/bin/Debug/TestSuite.DLL" adapterTypeName="Microsoft.VisualStudio.TestTools.TestTypes.Unit.UnitTestAdapter, Microsoft.VisualStudio.QualityTools.Tips.UnitTest.Adapter, Version=10.0.0.0, Culture=neutral, PublicKeyToken=b03f5f7f11d50a3a" className="TestSuite.Framework.NetworkSettingsTest, TestSuite, Version=1.0.0.0, Culture=neutral, PublicKeyToken=null" name="ToStringTest" />
    </UnitTest>
    <UnitTest name="ComputeDecisionTest" storage="c:\development projects\enn\testsuite\bin\debug\testsuite.dll" id="b6e27dc1-3f73-d482-30bb-5034e06d0f49">
      <Execution id="521fce0c-adc8-4a49-8c82-08ca0ecfb459" />
      <TestMethod codeBase="C:/Development Projects/ENN/TestSuite/bin/Debug/TestSuite.DLL" adapterTypeName="Microsoft.VisualStudio.TestTools.TestTypes.Unit.UnitTestAdapter, Microsoft.VisualStudio.QualityTools.Tips.UnitTest.Adapter, Version=10.0.0.0, Culture=neutral, PublicKeyToken=b03f5f7f11d50a3a" className="TestSuite.Framework.NeuralNetworkTest, TestSuite, Version=1.0.0.0, Culture=neutral, PublicKeyToken=null" name="ComputeDecisionTest" />
    </UnitTest>
    <UnitTest name="ToStringTest" storage="c:\development projects\enn\testsuite\bin\debug\testsuite.dll" id="ea95e44c-ad70-2fd7-0521-02dea5e03db6">
      <Execution id="1df0520d-e6d1-4702-b062-f2bc07a09596" />
      <TestMethod codeBase="C:/Development Projects/ENN/TestSuite/bin/Debug/TestSuite.DLL" adapterTypeName="Microsoft.VisualStudio.TestTools.TestTypes.Unit.UnitTestAdapter, Microsoft.VisualStudio.QualityTools.Tips.UnitTest.Adapter, Version=10.0.0.0, Culture=neutral, PublicKeyToken=b03f5f7f11d50a3a" className="TestSuite.Framework.NetworkTopologyTest, TestSuite, Version=1.0.0.0, Culture=neutral, PublicKeyToken=null" name="ToStringTest" />
    </UnitTest>
    <UnitTest name="TrainingIterationsTest" storage="c:\development projects\enn\testsuite\bin\debug\testsuite.dll" id="c598b3e8-9ef4-dda5-2cbb-7eb6dc003da3">
      <Execution id="e872b763-db66-4bbf-9570-2666c2c6b95e" />
      <TestMethod codeBase="C:/Development Projects/ENN/TestSuite/bin/Debug/TestSuite.DLL" adapterTypeName="Microsoft.VisualStudio.TestTools.TestTypes.Unit.UnitTestAdapter, Microsoft.VisualStudio.QualityTools.Tips.UnitTest.Adapter, Version=10.0.0.0, Culture=neutral, PublicKeyToken=b03f5f7f11d50a3a" className="TestSuite.Framework.NetworkSettingsTest, TestSuite, Version=1.0.0.0, Culture=neutral, PublicKeyToken=null" name="TrainingIterationsTest" />
    </UnitTest>
    <UnitTest name="SaveLoadBinary" storage="c:\development projects\enn\testsuite\bin\debug\testsuite.dll" id="b956f179-a280-645c-1bae-ce922e14d496">
      <Execution id="b1d5fdfd-d3e0-49e6-acb7-31b6a2dca160" />
      <TestMethod codeBase="C:/Development Projects/ENN/TestSuite/bin/Debug/TestSuite.DLL" adapterTypeName="Microsoft.VisualStudio.TestTools.TestTypes.Unit.UnitTestAdapter, Microsoft.VisualStudio.QualityTools.Tips.UnitTest.Adapter, Version=10.0.0.0, Culture=neutral, PublicKeyToken=b03f5f7f11d50a3a" className="TestSuite.Framework.Tools.SettingsTest, TestSuite, Version=1.0.0.0, Culture=neutral, PublicKeyToken=null" name="SaveLoadBinary" />
    </UnitTest>
    <UnitTest name="DefaultHiddenLayerTest" storage="c:\development projects\enn\testsuite\bin\debug\testsuite.dll" id="37a9f4d0-d84b-2633-12b6-49d19baece9d">
      <Execution id="6f342c0a-9bd3-4585-8141-3a69bff7c7da" />
      <TestMethod codeBase="C:/Development Projects/ENN/TestSuite/bin/Debug/TestSuite.DLL" adapterTypeName="Microsoft.VisualStudio.TestTools.TestTypes.Unit.UnitTestAdapter, Microsoft.VisualStudio.QualityTools.Tips.UnitTest.Adapter, Version=10.0.0.0, Culture=neutral, PublicKeyToken=b03f5f7f11d50a3a" className="TestSuite.Framework.NetworkSettingsTest, TestSuite, Version=1.0.0.0, Culture=neutral, PublicKeyToken=null" name="DefaultHiddenLayerTest" />
    </UnitTest>
    <UnitTest name="InputLayerTest" storage="c:\development projects\enn\testsuite\bin\debug\testsuite.dll" id="aff7f15c-9745-8d57-d62e-e6de87a6f68c">
      <Execution id="1ca7d590-237b-4b26-aae2-57f074ec05c1" />
      <TestMethod codeBase="C:/Development Projects/ENN/TestSuite/bin/Debug/TestSuite.DLL" adapterTypeName="Microsoft.VisualStudio.TestTools.TestTypes.Unit.UnitTestAdapter, Microsoft.VisualStudio.QualityTools.Tips.UnitTest.Adapter, Version=10.0.0.0, Culture=neutral, PublicKeyToken=b03f5f7f11d50a3a" className="TestSuite.Framework.NetworkTopologyTest, TestSuite, Version=1.0.0.0, Culture=neutral, PublicKeyToken=null" name="InputLayerTest" />
    </UnitTest>
    <UnitTest name="EqualsTest" storage="c:\development projects\enn\testsuite\bin\debug\testsuite.dll" id="18a77028-9543-64bf-e55c-fd2f334a9adb">
      <Execution id="2a1dff70-f189-400d-97e8-7421a228155b" />
      <TestMethod codeBase="C:/Development Projects/ENN/TestSuite/bin/Debug/TestSuite.DLL" adapterTypeName="Microsoft.VisualStudio.TestTools.TestTypes.Unit.UnitTestAdapter, Microsoft.VisualStudio.QualityTools.Tips.UnitTest.Adapter, Version=10.0.0.0, Culture=neutral, PublicKeyToken=b03f5f7f11d50a3a" className="TestSuite.Framework.BasicNodeTest, TestSuite, Version=1.0.0.0, Culture=neutral, PublicKeyToken=null" name="EqualsTest" />
    </UnitTest>
    <UnitTest name="NeuralNetworkConstructorTest" storage="c:\development projects\enn\testsuite\bin\debug\testsuite.dll" id="cf73ff44-a6c5-1e64-628c-f9b7f15247dd">
      <Execution id="3b5ebc3f-482a-41ed-944e-dad289a2f939" />
      <TestMethod codeBase="C:/Development Projects/ENN/TestSuite/bin/Debug/TestSuite.DLL" adapterTypeName="Microsoft.VisualStudio.TestTools.TestTypes.Unit.UnitTestAdapter, Microsoft.VisualStudio.QualityTools.Tips.UnitTest.Adapter, Version=10.0.0.0, Culture=neutral, PublicKeyToken=b03f5f7f11d50a3a" className="TestSuite.Framework.NeuralNetworkTest, TestSuite, Version=1.0.0.0, Culture=neutral, PublicKeyToken=null" name="NeuralNetworkConstructorTest" />
    </UnitTest>
    <UnitTest name="EqualsTest" storage="c:\development projects\enn\testsuite\bin\debug\testsuite.dll" id="304bcf55-bb27-4a03-1c77-ecdeae3bc051">
      <Execution id="70342472-827e-442c-a4ed-f0bb06fd16d9" />
      <TestMethod codeBase="C:/Development Projects/ENN/TestSuite/bin/Debug/TestSuite.DLL" adapterTypeName="Microsoft.VisualStudio.TestTools.TestTypes.Unit.UnitTestAdapter, Microsoft.VisualStudio.QualityTools.Tips.UnitTest.Adapter, Version=10.0.0.0, Culture=neutral, PublicKeyToken=b03f5f7f11d50a3a" className="TestSuite.Framework.BasicInputLayerTest, TestSuite, Version=1.0.0.0, Culture=neutral, PublicKeyToken=null" name="EqualsTest" />
    </UnitTest>
    <UnitTest name="TrainNetworkTest" storage="c:\development projects\enn\testsuite\bin\debug\testsuite.dll" id="583e1b08-512f-1567-2515-8af7db8880c1">
      <Execution id="0594c7e3-be92-48ed-8161-0966b75da212" />
      <TestMethod codeBase="C:/Development Projects/ENN/TestSuite/bin/Debug/TestSuite.DLL" adapterTypeName="Microsoft.VisualStudio.TestTools.TestTypes.Unit.UnitTestAdapter, Microsoft.VisualStudio.QualityTools.Tips.UnitTest.Adapter, Version=10.0.0.0, Culture=neutral, PublicKeyToken=b03f5f7f11d50a3a" className="TestSuite.Framework.NeuralNetworkTest, TestSuite, Version=1.0.0.0, Culture=neutral, PublicKeyToken=null" name="TrainNetworkTest" />
    </UnitTest>
    <UnitTest name="GetValuesTest" storage="c:\development projects\enn\testsuite\bin\debug\testsuite.dll" id="919fcb5c-9129-e4af-6da8-58234650b9d0">
      <Execution id="55f0778b-db2c-4dd6-a94c-52e5ebf35356" />
      <TestMethod codeBase="C:/Development Projects/ENN/TestSuite/bin/Debug/TestSuite.DLL" adapterTypeName="Microsoft.VisualStudio.TestTools.TestTypes.Unit.UnitTestAdapter, Microsoft.VisualStudio.QualityTools.Tips.UnitTest.Adapter, Version=10.0.0.0, Culture=neutral, PublicKeyToken=b03f5f7f11d50a3a" className="TestSuite.Framework.BasicInputLayerTest, TestSuite, Version=1.0.0.0, Culture=neutral, PublicKeyToken=null" name="GetValuesTest" />
    </UnitTest>
    <UnitTest name="TraininPoolTest" storage="c:\development projects\enn\testsuite\bin\debug\testsuite.dll" id="27e69bba-5d02-273a-8090-be69ec325e3e">
      <Execution id="c2973615-7318-4213-a6bc-4effd6d15672" />
      <TestMethod codeBase="C:/Development Projects/ENN/TestSuite/bin/Debug/TestSuite.DLL" adapterTypeName="Microsoft.VisualStudio.TestTools.TestTypes.Unit.UnitTestAdapter, Microsoft.VisualStudio.QualityTools.Tips.UnitTest.Adapter, Version=10.0.0.0, Culture=neutral, PublicKeyToken=b03f5f7f11d50a3a" className="TestSuite.Framework.NetworkSettingsTest, TestSuite, Version=1.0.0.0, Culture=neutral, PublicKeyToken=null" name="TraininPoolTest" />
    </UnitTest>
    <UnitTest name="CreateUserObjectTest" storage="c:\development projects\enn\testsuite\bin\debug\testsuite.dll" id="86183e70-5869-ac26-e602-fe6fdc8564f6">
      <DeploymentItems>
        <DeploymentItem filename="ENN.Framework.dll" />
      </DeploymentItems>
      <Execution id="82bd7f6f-b2ae-4b0e-be14-415fac3aba7b" />
      <TestMethod codeBase="C:/Development Projects/ENN/TestSuite/bin/Debug/TestSuite.DLL" adapterTypeName="Microsoft.VisualStudio.TestTools.TestTypes.Unit.UnitTestAdapter, Microsoft.VisualStudio.QualityTools.Tips.UnitTest.Adapter, Version=10.0.0.0, Culture=neutral, PublicKeyToken=b03f5f7f11d50a3a" className="TestSuite.Framework.StandLibFactoryTest, TestSuite, Version=1.0.0.0, Culture=neutral, PublicKeyToken=null" name="CreateUserObjectTest" />
    </UnitTest>
    <UnitTest name="WeightsTest" storage="c:\development projects\enn\testsuite\bin\debug\testsuite.dll" id="75f6c7d5-9e5a-8f55-82e3-7c8fe7e13944">
      <Execution id="00abebe2-885f-4240-a35b-b9b38fcac943" />
      <TestMethod codeBase="C:/Development Projects/ENN/TestSuite/bin/Debug/TestSuite.DLL" adapterTypeName="Microsoft.VisualStudio.TestTools.TestTypes.Unit.UnitTestAdapter, Microsoft.VisualStudio.QualityTools.Tips.UnitTest.Adapter, Version=10.0.0.0, Culture=neutral, PublicKeyToken=b03f5f7f11d50a3a" className="TestSuite.Framework.BasicNodeTest, TestSuite, Version=1.0.0.0, Culture=neutral, PublicKeyToken=null" name="WeightsTest" />
    </UnitTest>
    <UnitTest name="EqualsTest" storage="c:\development projects\enn\testsuite\bin\debug\testsuite.dll" id="5577bcbe-3b62-1f0a-eed4-fd75c6d9137e">
      <Execution id="3969c092-7333-4fbc-818a-44b24af0069b" />
      <TestMethod codeBase="C:/Development Projects/ENN/TestSuite/bin/Debug/TestSuite.DLL" adapterTypeName="Microsoft.VisualStudio.TestTools.TestTypes.Unit.UnitTestAdapter, Microsoft.VisualStudio.QualityTools.Tips.UnitTest.Adapter, Version=10.0.0.0, Culture=neutral, PublicKeyToken=b03f5f7f11d50a3a" className="TestSuite.Framework.NetworkSettingsTest, TestSuite, Version=1.0.0.0, Culture=neutral, PublicKeyToken=null" name="EqualsTest" />
    </UnitTest>
    <UnitTest name="DefaultInputLayerTest" storage="c:\development projects\enn\testsuite\bin\debug\testsuite.dll" id="18bf7b2a-4736-099f-9f87-d6165f9a1d8f">
      <Execution id="ab1f67a6-6e6b-40ce-a059-f57adfc14b3d" />
      <TestMethod codeBase="C:/Development Projects/ENN/TestSuite/bin/Debug/TestSuite.DLL" adapterTypeName="Microsoft.VisualStudio.TestTools.TestTypes.Unit.UnitTestAdapter, Microsoft.VisualStudio.QualityTools.Tips.UnitTest.Adapter, Version=10.0.0.0, Culture=neutral, PublicKeyToken=b03f5f7f11d50a3a" className="TestSuite.Framework.NetworkSettingsTest, TestSuite, Version=1.0.0.0, Culture=neutral, PublicKeyToken=null" name="DefaultInputLayerTest" />
    </UnitTest>
    <UnitTest name="SimpleAlgebraTest" storage="c:\development projects\enn\testsuite\bin\debug\testsuite.dll" id="56dba6eb-083e-0230-0e94-72afb7f4ca1f">
      <Execution id="d35e5962-1931-495d-9e74-0ef11700ff88" />
      <TestMethod codeBase="C:/Development Projects/ENN/TestSuite/bin/Debug/TestSuite.DLL" adapterTypeName="Microsoft.VisualStudio.TestTools.TestTypes.Unit.UnitTestAdapter, Microsoft.VisualStudio.QualityTools.Tips.UnitTest.Adapter, Version=10.0.0.0, Culture=neutral, PublicKeyToken=b03f5f7f11d50a3a" className="TestSuite.Framework.SigmoidFunctionsTest, TestSuite, Version=1.0.0.0, Culture=neutral, PublicKeyToken=null" name="SimpleAlgebraTest" />
    </UnitTest>
    <UnitTest name="MetaDataTest" storage="c:\development projects\enn\testsuite\bin\debug\testsuite.dll" id="f8957ebd-9c0b-9da1-0906-83765d4b5fea">
      <Execution id="4653cfc3-a734-4181-849b-d8e1c4ae67ec" />
      <TestMethod codeBase="C:/Development Projects/ENN/TestSuite/bin/Debug/TestSuite.DLL" adapterTypeName="Microsoft.VisualStudio.TestTools.TestTypes.Unit.UnitTestAdapter, Microsoft.VisualStudio.QualityTools.Tips.UnitTest.Adapter, Version=10.0.0.0, Culture=neutral, PublicKeyToken=b03f5f7f11d50a3a" className="TestSuite.Framework.BasicNodeTest, TestSuite, Version=1.0.0.0, Culture=neutral, PublicKeyToken=null" name="MetaDataTest" />
    </UnitTest>
  </TestDefinitions>
  <TestLists>
    <TestList name="Results Not in a List" id="8c84fa94-04c1-424b-9868-57a2d4851a1d" />
    <TestList name="All Loaded Results" id="19431567-8539-422a-85d7-44ee4e166bda" />
  </TestLists>
  <TestEntries>
    <TestEntry testId="020f297e-a2c1-3a64-4acc-60c7b6d21770" executionId="5eac1837-d2a6-4923-9faf-93aaf67627a4" testListId="8c84fa94-04c1-424b-9868-57a2d4851a1d" />
    <TestEntry testId="07b21b41-3269-6cca-bc3e-6dc3a61f0299" executionId="d27e2daa-3cb6-421c-a79f-cfdfe9aa5874" testListId="8c84fa94-04c1-424b-9868-57a2d4851a1d" />
    <TestEntry testId="18a77028-9543-64bf-e55c-fd2f334a9adb" executionId="2a1dff70-f189-400d-97e8-7421a228155b" testListId="8c84fa94-04c1-424b-9868-57a2d4851a1d" />
    <TestEntry testId="18bf7b2a-4736-099f-9f87-d6165f9a1d8f" executionId="ab1f67a6-6e6b-40ce-a059-f57adfc14b3d" testListId="8c84fa94-04c1-424b-9868-57a2d4851a1d" />
    <TestEntry testId="1b724367-d2c1-3107-fa6a-cfdd80613097" executionId="95e92857-d382-483b-ba46-26e74a17a753" testListId="8c84fa94-04c1-424b-9868-57a2d4851a1d" />
    <TestEntry testId="1f504a14-9109-8935-fb3d-3e0cc9acaced" executionId="f7446f8d-09e8-4858-bf22-f6f51c061ba4" testListId="8c84fa94-04c1-424b-9868-57a2d4851a1d" />
    <TestEntry testId="27e69bba-5d02-273a-8090-be69ec325e3e" executionId="c2973615-7318-4213-a6bc-4effd6d15672" testListId="8c84fa94-04c1-424b-9868-57a2d4851a1d" />
    <TestEntry testId="2b901e5f-9814-1f85-ba74-9596bce4ae77" executionId="a75f65b5-3848-462d-a65a-92a5524e846e" testListId="8c84fa94-04c1-424b-9868-57a2d4851a1d" />
    <TestEntry testId="2c89c367-a74f-da41-08f4-450946228133" executionId="f2b7a1ff-8994-4be6-836d-8d37f9bae9d2" testListId="8c84fa94-04c1-424b-9868-57a2d4851a1d" />
    <TestEntry testId="304bcf55-bb27-4a03-1c77-ecdeae3bc051" executionId="70342472-827e-442c-a4ed-f0bb06fd16d9" testListId="8c84fa94-04c1-424b-9868-57a2d4851a1d" />
    <TestEntry testId="349f5a51-cd4a-74bd-4680-47d19c2c213f" executionId="946c1002-b225-491a-980d-5e9b0f3d990e" testListId="8c84fa94-04c1-424b-9868-57a2d4851a1d" />
    <TestEntry testId="357b4346-32ed-acf9-652d-d83b6fab665a" executionId="a1bd180c-75c3-48f0-9fb7-25d9ba4b7e97" testListId="8c84fa94-04c1-424b-9868-57a2d4851a1d" />
    <TestEntry testId="37a9f4d0-d84b-2633-12b6-49d19baece9d" executionId="6f342c0a-9bd3-4585-8141-3a69bff7c7da" testListId="8c84fa94-04c1-424b-9868-57a2d4851a1d" />
    <TestEntry testId="38c45ed0-2293-3c74-f641-ef31e1cff933" executionId="dc6ea4e9-3f9f-4d71-8744-df8b9645c0ff" testListId="8c84fa94-04c1-424b-9868-57a2d4851a1d" />
    <TestEntry testId="3c3ed5b7-5e6a-8138-0b65-4fd13679f387" executionId="11ad883a-f30a-4f29-84da-317a51294c7f" testListId="8c84fa94-04c1-424b-9868-57a2d4851a1d" />
    <TestEntry testId="3c9d6005-6c63-77c2-b4e0-1c2eb9238c86" executionId="4ee2f0ce-5671-4200-a3d2-4137073a5cd2" testListId="8c84fa94-04c1-424b-9868-57a2d4851a1d" />
    <TestEntry testId="41c561ac-f514-03ed-4f2e-66225ee0a9b3" executionId="7c7af560-060c-4dab-81bf-6882db1a4357" testListId="8c84fa94-04c1-424b-9868-57a2d4851a1d" />
    <TestEntry testId="430f1830-9fb9-6f5a-5bbd-8746f440b9db" executionId="d385ac9a-6ced-4f33-8318-80a5087bd127" testListId="8c84fa94-04c1-424b-9868-57a2d4851a1d" />
    <TestEntry testId="47b48568-fe23-aa9f-4797-84c392c55991" executionId="2bb171b4-b76a-4234-8066-0f0a098e7451" testListId="8c84fa94-04c1-424b-9868-57a2d4851a1d" />
    <TestEntry testId="49de5b48-9eaf-d0db-f8b0-e44b0098530f" executionId="edd050b1-cec5-4774-af4d-b26c5396c775" testListId="8c84fa94-04c1-424b-9868-57a2d4851a1d" />
    <TestEntry testId="4d46c574-4e3e-c892-575b-4964cedc723f" executionId="f575edbb-0d63-4550-a003-4b0c2459060a" testListId="8c84fa94-04c1-424b-9868-57a2d4851a1d" />
    <TestEntry testId="53c97187-29f3-3a29-3a8c-67e2258754c3" executionId="664b80e8-024d-49d9-b093-94fed8750946" testListId="8c84fa94-04c1-424b-9868-57a2d4851a1d" />
    <TestEntry testId="54ea49d7-872c-276b-d1ac-f03e032aae87" executionId="ed0e8e6d-984e-41e4-b384-9a50d9303bd7" testListId="8c84fa94-04c1-424b-9868-57a2d4851a1d" />
    <TestEntry testId="5577bcbe-3b62-1f0a-eed4-fd75c6d9137e" executionId="3969c092-7333-4fbc-818a-44b24af0069b" testListId="8c84fa94-04c1-424b-9868-57a2d4851a1d" />
    <TestEntry testId="56dba6eb-083e-0230-0e94-72afb7f4ca1f" executionId="d35e5962-1931-495d-9e74-0ef11700ff88" testListId="8c84fa94-04c1-424b-9868-57a2d4851a1d" />
    <TestEntry testId="573b324d-2394-0284-242e-658089f98732" executionId="ab9be10d-044d-47eb-ae09-f0ea7c72e0a0" testListId="8c84fa94-04c1-424b-9868-57a2d4851a1d" />
    <TestEntry testId="583e1b08-512f-1567-2515-8af7db8880c1" executionId="0594c7e3-be92-48ed-8161-0966b75da212" testListId="8c84fa94-04c1-424b-9868-57a2d4851a1d" />
    <TestEntry testId="604a034f-362e-5faa-f734-caee2f5177cf" executionId="0fec4194-55e4-4034-a1f1-2ff87e6b0422" testListId="8c84fa94-04c1-424b-9868-57a2d4851a1d" />
    <TestEntry testId="680a45b5-4f49-a5c2-34cb-d26f2ad2185b" executionId="352e3e58-8360-44d5-a3b3-5231f7727de2" testListId="8c84fa94-04c1-424b-9868-57a2d4851a1d" />
    <TestEntry testId="6a52bd04-93c0-3f97-3dd3-da1b2d4c5d7d" executionId="f1453bc1-00f1-4703-9670-75b0cddecb32" testListId="8c84fa94-04c1-424b-9868-57a2d4851a1d" />
    <TestEntry testId="6c48ec72-9487-035f-80b3-d8b19112a2d9" executionId="cd01ee98-9bf9-45f8-8a79-9bbd1aa003d9" testListId="8c84fa94-04c1-424b-9868-57a2d4851a1d" />
    <TestEntry testId="6d9bec79-b5da-bc4a-5a65-b5aeaeb99bc5" executionId="ea252315-3d01-48d3-aebd-a7810965e5c7" testListId="8c84fa94-04c1-424b-9868-57a2d4851a1d" />
    <TestEntry testId="75f6c7d5-9e5a-8f55-82e3-7c8fe7e13944" executionId="00abebe2-885f-4240-a35b-b9b38fcac943" testListId="8c84fa94-04c1-424b-9868-57a2d4851a1d" />
    <TestEntry testId="7d8ab741-01d2-0d2d-1e29-c0fcb83101fd" executionId="582359d9-6a5d-4585-b82e-69fb2f6bdba9" testListId="8c84fa94-04c1-424b-9868-57a2d4851a1d" />
    <TestEntry testId="7ddb6d66-d4cc-b85e-ceb4-dacdc7709908" executionId="ee4af115-199b-4d74-83ce-4efa54f45a59" testListId="8c84fa94-04c1-424b-9868-57a2d4851a1d" />
    <TestEntry testId="814adc11-a284-0739-1c15-5af3c44473d8" executionId="8344d5ab-798d-44bd-a66b-ac05b42f2837" testListId="8c84fa94-04c1-424b-9868-57a2d4851a1d" />
    <TestEntry testId="855130ce-84bf-1161-1eee-aae8000252b2" executionId="0ab70422-9352-4aaf-b891-15f0976cb811" testListId="8c84fa94-04c1-424b-9868-57a2d4851a1d" />
    <TestEntry testId="86183e70-5869-ac26-e602-fe6fdc8564f6" executionId="82bd7f6f-b2ae-4b0e-be14-415fac3aba7b" testListId="8c84fa94-04c1-424b-9868-57a2d4851a1d" />
    <TestEntry testId="895e1ad2-9637-1929-bdca-2e13d6ecdf33" executionId="6b615d1c-d701-48a9-a2ab-0113e25b0916" testListId="8c84fa94-04c1-424b-9868-57a2d4851a1d" />
    <TestEntry testId="8c397046-78ee-c33d-3e4c-44a5719d553d" executionId="0993c5d9-aeaf-4aa4-b785-487d7f95a53a" testListId="8c84fa94-04c1-424b-9868-57a2d4851a1d" />
    <TestEntry testId="8de660a6-a5b4-4a08-e168-84d6a8847c2d" executionId="dcc1c9da-8492-4472-8bbb-7a00080aa96a" testListId="8c84fa94-04c1-424b-9868-57a2d4851a1d" />
    <TestEntry testId="8fa4a54a-bae6-94d8-d573-1647c12d4824" executionId="c71ee720-da05-4684-98ac-2ac47bccbb4e" testListId="8c84fa94-04c1-424b-9868-57a2d4851a1d" />
    <TestEntry testId="90d4d793-c175-7e4f-a953-2c15482e9127" executionId="4ab81635-843e-4d97-a308-db77240c6a36" testListId="8c84fa94-04c1-424b-9868-57a2d4851a1d" />
    <TestEntry testId="919fcb5c-9129-e4af-6da8-58234650b9d0" executionId="55f0778b-db2c-4dd6-a94c-52e5ebf35356" testListId="8c84fa94-04c1-424b-9868-57a2d4851a1d" />
    <TestEntry testId="99f0b5b4-0a2a-3205-9152-e1a3e644b886" executionId="a5bd710f-b63d-4b8d-b313-f74d3872c119" testListId="8c84fa94-04c1-424b-9868-57a2d4851a1d" />
    <TestEntry testId="a1ceb0d7-e762-54e4-c7d1-02628c8188ab" executionId="29366ff0-3c7f-459a-b19e-b1e18b4fae6d" testListId="8c84fa94-04c1-424b-9868-57a2d4851a1d" />
    <TestEntry testId="a8823d1a-dea7-22d8-3b80-cec046111d72" executionId="7fd877ca-7016-47af-95d0-bae4272a0f45" testListId="8c84fa94-04c1-424b-9868-57a2d4851a1d" />
    <TestEntry testId="aff7f15c-9745-8d57-d62e-e6de87a6f68c" executionId="1ca7d590-237b-4b26-aae2-57f074ec05c1" testListId="8c84fa94-04c1-424b-9868-57a2d4851a1d" />
    <TestEntry testId="b4ff2759-93e7-a8a5-d6b3-d10da4893f5a" executionId="49cb07a1-588a-45e1-8d69-53261426833c" testListId="8c84fa94-04c1-424b-9868-57a2d4851a1d" />
    <TestEntry testId="b5ae595f-7dca-73d7-1bda-f09e7ea52bd4" executionId="d94f7ea0-ae80-4e72-ad75-4e05f2dd5d2f" testListId="8c84fa94-04c1-424b-9868-57a2d4851a1d" />
    <TestEntry testId="b5af2dd1-ef3f-eec7-b120-54c52453cde4" executionId="d8daab77-c50c-4828-9ec5-004a3d2fde46" testListId="8c84fa94-04c1-424b-9868-57a2d4851a1d" />
    <TestEntry testId="b5e3a755-a2ab-152d-aa80-c4911fd65e0b" executionId="bbfde38a-7ad8-4708-b351-8acdff701c7d" testListId="8c84fa94-04c1-424b-9868-57a2d4851a1d" />
    <TestEntry testId="b6e27dc1-3f73-d482-30bb-5034e06d0f49" executionId="521fce0c-adc8-4a49-8c82-08ca0ecfb459" testListId="8c84fa94-04c1-424b-9868-57a2d4851a1d" />
    <TestEntry testId="b956f179-a280-645c-1bae-ce922e14d496" executionId="b1d5fdfd-d3e0-49e6-acb7-31b6a2dca160" testListId="8c84fa94-04c1-424b-9868-57a2d4851a1d" />
    <TestEntry testId="ba1cb5ab-f487-d922-92d1-b5c0b8d6512f" executionId="f71c87bc-3ad0-4be7-8854-67535d82d6a4" testListId="8c84fa94-04c1-424b-9868-57a2d4851a1d" />
    <TestEntry testId="bd6134f3-8c29-55c3-d0c7-c2fb216d01d4" executionId="917e5a8a-8944-4d11-bcaf-6bafb4404a1d" testListId="8c84fa94-04c1-424b-9868-57a2d4851a1d" />
    <TestEntry testId="c598b3e8-9ef4-dda5-2cbb-7eb6dc003da3" executionId="e872b763-db66-4bbf-9570-2666c2c6b95e" testListId="8c84fa94-04c1-424b-9868-57a2d4851a1d" />
    <TestEntry testId="ca9b7ca8-ec0a-3d74-80eb-bb3fce3380f1" executionId="21e00474-b062-4290-a48f-a121a31b666f" testListId="8c84fa94-04c1-424b-9868-57a2d4851a1d" />
    <TestEntry testId="cf73ff44-a6c5-1e64-628c-f9b7f15247dd" executionId="3b5ebc3f-482a-41ed-944e-dad289a2f939" testListId="8c84fa94-04c1-424b-9868-57a2d4851a1d" />
    <TestEntry testId="d1aa1e04-5762-55e7-0a3f-f25ed3746b8e" executionId="1f9e6963-9f00-4df2-a1e3-fc837f586210" testListId="8c84fa94-04c1-424b-9868-57a2d4851a1d" />
    <TestEntry testId="d60f0c70-680a-f2a7-be96-723443b7d4dc" executionId="b750bf12-9b75-48cf-bd45-d24f2e175909" testListId="8c84fa94-04c1-424b-9868-57a2d4851a1d" />
    <TestEntry testId="d7de268d-ad00-3d1a-9ef6-c7d7c6d2c881" executionId="7fba8fbb-7ded-45f5-a70c-9de940d1622b" testListId="8c84fa94-04c1-424b-9868-57a2d4851a1d" />
    <TestEntry testId="dc7516d4-ea11-52ea-592a-675e802b27f3" executionId="4005c391-e231-47cd-92c3-9b8f2553297f" testListId="8c84fa94-04c1-424b-9868-57a2d4851a1d" />
    <TestEntry testId="e000e601-a400-b77b-7cbe-e16a1fb8bf43" executionId="63e901f8-7609-4228-93e0-932e3664227e" testListId="8c84fa94-04c1-424b-9868-57a2d4851a1d" />
    <TestEntry testId="e28af217-9e05-374a-b589-3e0e31013f06" executionId="214da1a6-0838-46e6-b60b-c46619afc911" testListId="8c84fa94-04c1-424b-9868-57a2d4851a1d" />
    <TestEntry testId="ea95e44c-ad70-2fd7-0521-02dea5e03db6" executionId="1df0520d-e6d1-4702-b062-f2bc07a09596" testListId="8c84fa94-04c1-424b-9868-57a2d4851a1d" />
    <TestEntry testId="ed6cbf7c-1892-3c38-82a7-ffa09ec69e5a" executionId="4778dd03-4f78-436a-b8ec-1ba86d8a08ae" testListId="8c84fa94-04c1-424b-9868-57a2d4851a1d" />
    <TestEntry testId="f053d416-9380-8069-ef40-6a7789ba8040" executionId="07a229ba-a38d-4432-a6fc-63bb44ee67ce" testListId="8c84fa94-04c1-424b-9868-57a2d4851a1d" />
    <TestEntry testId="f1ce82b4-23b4-e9e2-a855-4dfbf8340573" executionId="b3417620-d76e-47d9-96e7-cfbcaf4df871" testListId="8c84fa94-04c1-424b-9868-57a2d4851a1d" />
    <TestEntry testId="f8957ebd-9c0b-9da1-0906-83765d4b5fea" executionId="4653cfc3-a734-4181-849b-d8e1c4ae67ec" testListId="8c84fa94-04c1-424b-9868-57a2d4851a1d" />
  </TestEntries>
  <Results>
    <UnitTestResult executionId="5eac1837-d2a6-4923-9faf-93aaf67627a4" testId="020f297e-a2c1-3a64-4acc-60c7b6d21770" testName="EqualsTest" computerName="LIL-MONEY-PIT" duration="00:00:03.1394651" startTime="2012-02-21T16:44:48.5686992-05:00" endTime="2012-02-21T16:44:52.2299086-05:00" testType="13cdc9d9-ddb5-4fa4-a97d-d965ccfc6d4b" outcome="Inconclusive" testListId="8c84fa94-04c1-424b-9868-57a2d4851a1d" relativeResultsDirectory="5eac1837-d2a6-4923-9faf-93aaf67627a4">
      <Output>
        <ErrorInfo>
          <Message>Assert.Inconclusive failed. Verify the correctness of this test method.</Message>
          <StackTrace>   at TestSuite.Framework.CustomizableNodeTest.EqualsTest() in C:\Development Projects\ENN\TestSuite\Framework\Nodes\CustomizableNodeTest.cs:line 43
</StackTrace>
        </ErrorInfo>
      </Output>
    </UnitTestResult>
    <UnitTestResult executionId="d27e2daa-3cb6-421c-a79f-cfdfe9aa5874" testId="07b21b41-3269-6cca-bc3e-6dc3a61f0299" testName="BasicLayerConstructorTest" computerName="LIL-MONEY-PIT" duration="00:00:01.0573947" startTime="2012-02-21T16:44:52.2799115-05:00" endTime="2012-02-21T16:44:53.3449724-05:00" testType="13cdc9d9-ddb5-4fa4-a97d-d965ccfc6d4b" outcome="Inconclusive" testListId="8c84fa94-04c1-424b-9868-57a2d4851a1d" relativeResultsDirectory="d27e2daa-3cb6-421c-a79f-cfdfe9aa5874">
      <Output>
        <ErrorInfo>
          <Message>Assert.Inconclusive failed. TODO: Implement code to verify target</Message>
          <StackTrace>   at TestSuite.Framework.BasicLayerTest.BasicLayerConstructorTest() in C:\Development Projects\ENN\TestSuite\Framework\Layers\BasicLayerTest.cs:line 38
</StackTrace>
        </ErrorInfo>
      </Output>
    </UnitTestResult>
    <UnitTestResult executionId="2a1dff70-f189-400d-97e8-7421a228155b" testId="18a77028-9543-64bf-e55c-fd2f334a9adb" testName="EqualsTest" computerName="LIL-MONEY-PIT" duration="00:01:44.3319674" startTime="2012-02-21T16:44:53.3609733-05:00" endTime="2012-02-21T16:46:37.6929407-05:00" testType="13cdc9d9-ddb5-4fa4-a97d-d965ccfc6d4b" outcome="Aborted" testListId="8c84fa94-04c1-424b-9868-57a2d4851a1d" relativeResultsDirectory="2a1dff70-f189-400d-97e8-7421a228155b">
    </UnitTestResult>
    <UnitTestResult executionId="ab1f67a6-6e6b-40ce-a059-f57adfc14b3d" testId="18bf7b2a-4736-099f-9f87-d6165f9a1d8f" testName="DefaultInputLayerTest" computerName="LIL-MONEY-PIT" testType="13cdc9d9-ddb5-4fa4-a97d-d965ccfc6d4b" outcome="NotExecuted" testListId="8c84fa94-04c1-424b-9868-57a2d4851a1d" relativeResultsDirectory="ab1f67a6-6e6b-40ce-a059-f57adfc14b3d">
    </UnitTestResult>
    <UnitTestResult executionId="95e92857-d382-483b-ba46-26e74a17a753" testId="1b724367-d2c1-3107-fa6a-cfdd80613097" testName="PreProcessorTest" computerName="LIL-MONEY-PIT" testType="13cdc9d9-ddb5-4fa4-a97d-d965ccfc6d4b" outcome="NotExecuted" testListId="8c84fa94-04c1-424b-9868-57a2d4851a1d" relativeResultsDirectory="95e92857-d382-483b-ba46-26e74a17a753">
    </UnitTestResult>
    <UnitTestResult executionId="f7446f8d-09e8-4858-bf22-f6f51c061ba4" testId="1f504a14-9109-8935-fb3d-3e0cc9acaced" testName="TrainingAlgorithmTest" computerName="LIL-MONEY-PIT" testType="13cdc9d9-ddb5-4fa4-a97d-d965ccfc6d4b" outcome="NotExecuted" testListId="8c84fa94-04c1-424b-9868-57a2d4851a1d" relativeResultsDirectory="f7446f8d-09e8-4858-bf22-f6f51c061ba4">
    </UnitTestResult>
    <UnitTestResult executionId="c2973615-7318-4213-a6bc-4effd6d15672" testId="27e69bba-5d02-273a-8090-be69ec325e3e" testName="TraininPoolTest" computerName="LIL-MONEY-PIT" testType="13cdc9d9-ddb5-4fa4-a97d-d965ccfc6d4b" outcome="NotExecuted" testListId="8c84fa94-04c1-424b-9868-57a2d4851a1d" relativeResultsDirectory="c2973615-7318-4213-a6bc-4effd6d15672">
    </UnitTestResult>
    <UnitTestResult executionId="a75f65b5-3848-462d-a65a-92a5524e846e" testId="2b901e5f-9814-1f85-ba74-9596bce4ae77" testName="EnableTimingTest" computerName="LIL-MONEY-PIT" testType="13cdc9d9-ddb5-4fa4-a97d-d965ccfc6d4b" outcome="NotExecuted" testListId="8c84fa94-04c1-424b-9868-57a2d4851a1d" relativeResultsDirectory="a75f65b5-3848-462d-a65a-92a5524e846e">
    </UnitTestResult>
    <UnitTestResult executionId="f2b7a1ff-8994-4be6-836d-8d37f9bae9d2" testId="2c89c367-a74f-da41-08f4-450946228133" testName="GeneralizedLogisticTest1" computerName="LIL-MONEY-PIT" testType="13cdc9d9-ddb5-4fa4-a97d-d965ccfc6d4b" outcome="NotExecuted" testListId="8c84fa94-04c1-424b-9868-57a2d4851a1d" relativeResultsDirectory="f2b7a1ff-8994-4be6-836d-8d37f9bae9d2">
    </UnitTestResult>
    <UnitTestResult executionId="70342472-827e-442c-a4ed-f0bb06fd16d9" testId="304bcf55-bb27-4a03-1c77-ecdeae3bc051" testName="EqualsTest" computerName="LIL-MONEY-PIT" testType="13cdc9d9-ddb5-4fa4-a97d-d965ccfc6d4b" outcome="NotExecuted" testListId="8c84fa94-04c1-424b-9868-57a2d4851a1d" relativeResultsDirectory="70342472-827e-442c-a4ed-f0bb06fd16d9">
    </UnitTestResult>
    <UnitTestResult executionId="946c1002-b225-491a-980d-5e9b0f3d990e" testId="349f5a51-cd4a-74bd-4680-47d19c2c213f" testName="getCombinationFunctionTest" computerName="LIL-MONEY-PIT" testType="13cdc9d9-ddb5-4fa4-a97d-d965ccfc6d4b" outcome="NotExecuted" testListId="8c84fa94-04c1-424b-9868-57a2d4851a1d" relativeResultsDirectory="946c1002-b225-491a-980d-5e9b0f3d990e">
    </UnitTestResult>
    <UnitTestResult executionId="a1bd180c-75c3-48f0-9fb7-25d9ba4b7e97" testId="357b4346-32ed-acf9-652d-d83b6fab665a" testName="getActivationFunctionTest" computerName="LIL-MONEY-PIT" testType="13cdc9d9-ddb5-4fa4-a97d-d965ccfc6d4b" outcome="NotExecuted" testListId="8c84fa94-04c1-424b-9868-57a2d4851a1d" relativeResultsDirectory="a1bd180c-75c3-48f0-9fb7-25d9ba4b7e97">
    </UnitTestResult>
    <UnitTestResult executionId="6f342c0a-9bd3-4585-8141-3a69bff7c7da" testId="37a9f4d0-d84b-2633-12b6-49d19baece9d" testName="DefaultHiddenLayerTest" computerName="LIL-MONEY-PIT" testType="13cdc9d9-ddb5-4fa4-a97d-d965ccfc6d4b" outcome="NotExecuted" testListId="8c84fa94-04c1-424b-9868-57a2d4851a1d" relativeResultsDirectory="6f342c0a-9bd3-4585-8141-3a69bff7c7da">
    </UnitTestResult>
    <UnitTestResult executionId="dc6ea4e9-3f9f-4d71-8744-df8b9645c0ff" testId="38c45ed0-2293-3c74-f641-ef31e1cff933" testName="SaveLoadBinaryTest" computerName="LIL-MONEY-PIT" testType="13cdc9d9-ddb5-4fa4-a97d-d965ccfc6d4b" outcome="NotExecuted" testListId="8c84fa94-04c1-424b-9868-57a2d4851a1d" relativeResultsDirectory="dc6ea4e9-3f9f-4d71-8744-df8b9645c0ff">
    </UnitTestResult>
    <UnitTestResult executionId="11ad883a-f30a-4f29-84da-317a51294c7f" testId="3c3ed5b7-5e6a-8138-0b65-4fd13679f387" testName="DefaultNodeTest" computerName="LIL-MONEY-PIT" testType="13cdc9d9-ddb5-4fa4-a97d-d965ccfc6d4b" outcome="NotExecuted" testListId="8c84fa94-04c1-424b-9868-57a2d4851a1d" relativeResultsDirectory="11ad883a-f30a-4f29-84da-317a51294c7f">
    </UnitTestResult>
    <UnitTestResult executionId="4ee2f0ce-5671-4200-a3d2-4137073a5cd2" testId="3c9d6005-6c63-77c2-b4e0-1c2eb9238c86" testName="StandLibFactoryConstructorTest" computerName="LIL-MONEY-PIT" testType="13cdc9d9-ddb5-4fa4-a97d-d965ccfc6d4b" outcome="NotExecuted" testListId="8c84fa94-04c1-424b-9868-57a2d4851a1d" relativeResultsDirectory="4ee2f0ce-5671-4200-a3d2-4137073a5cd2">
    </UnitTestResult>
    <UnitTestResult executionId="7c7af560-060c-4dab-81bf-6882db1a4357" testId="41c561ac-f514-03ed-4f2e-66225ee0a9b3" testName="productionTest" computerName="LIL-MONEY-PIT" testType="13cdc9d9-ddb5-4fa4-a97d-d965ccfc6d4b" outcome="NotExecuted" testListId="8c84fa94-04c1-424b-9868-57a2d4851a1d" relativeResultsDirectory="7c7af560-060c-4dab-81bf-6882db1a4357">
    </UnitTestResult>
    <UnitTestResult executionId="d385ac9a-6ced-4f33-8318-80a5087bd127" testId="430f1830-9fb9-6f5a-5bbd-8746f440b9db" testName="GetValuesTest" computerName="LIL-MONEY-PIT" testType="13cdc9d9-ddb5-4fa4-a97d-d965ccfc6d4b" outcome="NotExecuted" testListId="8c84fa94-04c1-424b-9868-57a2d4851a1d" relativeResultsDirectory="d385ac9a-6ced-4f33-8318-80a5087bd127">
    </UnitTestResult>
    <UnitTestResult executionId="2bb171b4-b76a-4234-8066-0f0a098e7451" testId="47b48568-fe23-aa9f-4797-84c392c55991" testName="MetaDataTest" computerName="LIL-MONEY-PIT" testType="13cdc9d9-ddb5-4fa4-a97d-d965ccfc6d4b" outcome="NotExecuted" testListId="8c84fa94-04c1-424b-9868-57a2d4851a1d" relativeResultsDirectory="2bb171b4-b76a-4234-8066-0f0a098e7451">
    </UnitTestResult>
    <UnitTestResult executionId="edd050b1-cec5-4774-af4d-b26c5396c775" testId="49de5b48-9eaf-d0db-f8b0-e44b0098530f" testName="SaveTextTest" computerName="LIL-MONEY-PIT" testType="13cdc9d9-ddb5-4fa4-a97d-d965ccfc6d4b" outcome="NotExecuted" testListId="8c84fa94-04c1-424b-9868-57a2d4851a1d" relativeResultsDirectory="edd050b1-cec5-4774-af4d-b26c5396c775">
    </UnitTestResult>
    <UnitTestResult executionId="f575edbb-0d63-4550-a003-4b0c2459060a" testId="4d46c574-4e3e-c892-575b-4964cedc723f" testName="StartNetworkTest" computerName="LIL-MONEY-PIT" testType="13cdc9d9-ddb5-4fa4-a97d-d965ccfc6d4b" outcome="NotExecuted" testListId="8c84fa94-04c1-424b-9868-57a2d4851a1d" relativeResultsDirectory="f575edbb-0d63-4550-a003-4b0c2459060a">
    </UnitTestResult>
    <UnitTestResult executionId="664b80e8-024d-49d9-b093-94fed8750946" testId="53c97187-29f3-3a29-3a8c-67e2258754c3" testName="ModifiedLogisticTest" computerName="LIL-MONEY-PIT" testType="13cdc9d9-ddb5-4fa4-a97d-d965ccfc6d4b" outcome="NotExecuted" testListId="8c84fa94-04c1-424b-9868-57a2d4851a1d" relativeResultsDirectory="664b80e8-024d-49d9-b093-94fed8750946">
    </UnitTestResult>
    <UnitTestResult executionId="ed0e8e6d-984e-41e4-b384-9a50d9303bd7" testId="54ea49d7-872c-276b-d1ac-f03e032aae87" testName="MetaDataTest" computerName="LIL-MONEY-PIT" testType="13cdc9d9-ddb5-4fa4-a97d-d965ccfc6d4b" outcome="NotExecuted" testListId="8c84fa94-04c1-424b-9868-57a2d4851a1d" relativeResultsDirectory="ed0e8e6d-984e-41e4-b384-9a50d9303bd7">
    </UnitTestResult>
    <UnitTestResult executionId="3969c092-7333-4fbc-818a-44b24af0069b" testId="5577bcbe-3b62-1f0a-eed4-fd75c6d9137e" testName="EqualsTest" computerName="LIL-MONEY-PIT" testType="13cdc9d9-ddb5-4fa4-a97d-d965ccfc6d4b" outcome="NotExecuted" testListId="8c84fa94-04c1-424b-9868-57a2d4851a1d" relativeResultsDirectory="3969c092-7333-4fbc-818a-44b24af0069b">
    </UnitTestResult>
    <UnitTestResult executionId="d35e5962-1931-495d-9e74-0ef11700ff88" testId="56dba6eb-083e-0230-0e94-72afb7f4ca1f" testName="SimpleAlgebraTest" computerName="LIL-MONEY-PIT" testType="13cdc9d9-ddb5-4fa4-a97d-d965ccfc6d4b" outcome="NotExecuted" testListId="8c84fa94-04c1-424b-9868-57a2d4851a1d" relativeResultsDirectory="d35e5962-1931-495d-9e74-0ef11700ff88">
    </UnitTestResult>
    <UnitTestResult executionId="ab9be10d-044d-47eb-ae09-f0ea7c72e0a0" testId="573b324d-2394-0284-242e-658089f98732" testName="NetworkSettingsConstructorTest" computerName="LIL-MONEY-PIT" testType="13cdc9d9-ddb5-4fa4-a97d-d965ccfc6d4b" outcome="NotExecuted" testListId="8c84fa94-04c1-424b-9868-57a2d4851a1d" relativeResultsDirectory="ab9be10d-044d-47eb-ae09-f0ea7c72e0a0">
    </UnitTestResult>
    <UnitTestResult executionId="0594c7e3-be92-48ed-8161-0966b75da212" testId="583e1b08-512f-1567-2515-8af7db8880c1" testName="TrainNetworkTest" computerName="LIL-MONEY-PIT" testType="13cdc9d9-ddb5-4fa4-a97d-d965ccfc6d4b" outcome="NotExecuted" testListId="8c84fa94-04c1-424b-9868-57a2d4851a1d" relativeResultsDirectory="0594c7e3-be92-48ed-8161-0966b75da212">
    </UnitTestResult>
    <UnitTestResult executionId="0fec4194-55e4-4034-a1f1-2ff87e6b0422" testId="604a034f-362e-5faa-f734-caee2f5177cf" testName="EqualsTest" computerName="LIL-MONEY-PIT" testType="13cdc9d9-ddb5-4fa4-a97d-d965ccfc6d4b" outcome="NotExecuted" testListId="8c84fa94-04c1-424b-9868-57a2d4851a1d" relativeResultsDirectory="0fec4194-55e4-4034-a1f1-2ff87e6b0422">
    </UnitTestResult>
    <UnitTestResult executionId="352e3e58-8360-44d5-a3b3-5231f7727de2" testId="680a45b5-4f49-a5c2-34cb-d26f2ad2185b" testName="SetSettingsTest" computerName="LIL-MONEY-PIT" testType="13cdc9d9-ddb5-4fa4-a97d-d965ccfc6d4b" outcome="NotExecuted" testListId="8c84fa94-04c1-424b-9868-57a2d4851a1d" relativeResultsDirectory="352e3e58-8360-44d5-a3b3-5231f7727de2">
    </UnitTestResult>
    <UnitTestResult executionId="f1453bc1-00f1-4703-9670-75b0cddecb32" testId="6a52bd04-93c0-3f97-3dd3-da1b2d4c5d7d" testName="EqualsTest" computerName="LIL-MONEY-PIT" testType="13cdc9d9-ddb5-4fa4-a97d-d965ccfc6d4b" outcome="NotExecuted" testListId="8c84fa94-04c1-424b-9868-57a2d4851a1d" relativeResultsDirectory="f1453bc1-00f1-4703-9670-75b0cddecb32">
    </UnitTestResult>
    <UnitTestResult executionId="cd01ee98-9bf9-45f8-8a79-9bbd1aa003d9" testId="6c48ec72-9487-035f-80b3-d8b19112a2d9" testName="PostProcessorTest" computerName="LIL-MONEY-PIT" testType="13cdc9d9-ddb5-4fa4-a97d-d965ccfc6d4b" outcome="NotExecuted" testListId="8c84fa94-04c1-424b-9868-57a2d4851a1d" relativeResultsDirectory="cd01ee98-9bf9-45f8-8a79-9bbd1aa003d9">
    </UnitTestResult>
    <UnitTestResult executionId="ea252315-3d01-48d3-aebd-a7810965e5c7" testId="6d9bec79-b5da-bc4a-5a65-b5aeaeb99bc5" testName="HyperbolicTangentTest" computerName="LIL-MONEY-PIT" testType="13cdc9d9-ddb5-4fa4-a97d-d965ccfc6d4b" outcome="NotExecuted" testListId="8c84fa94-04c1-424b-9868-57a2d4851a1d" relativeResultsDirectory="ea252315-3d01-48d3-aebd-a7810965e5c7">
    </UnitTestResult>
    <UnitTestResult executionId="00abebe2-885f-4240-a35b-b9b38fcac943" testId="75f6c7d5-9e5a-8f55-82e3-7c8fe7e13944" testName="WeightsTest" computerName="LIL-MONEY-PIT" testType="13cdc9d9-ddb5-4fa4-a97d-d965ccfc6d4b" outcome="NotExecuted" testListId="8c84fa94-04c1-424b-9868-57a2d4851a1d" relativeResultsDirectory="00abebe2-885f-4240-a35b-b9b38fcac943">
    </UnitTestResult>
    <UnitTestResult executionId="582359d9-6a5d-4585-b82e-69fb2f6bdba9" testId="7d8ab741-01d2-0d2d-1e29-c0fcb83101fd" testName="LoadTextTest" computerName="LIL-MONEY-PIT" testType="13cdc9d9-ddb5-4fa4-a97d-d965ccfc6d4b" outcome="NotExecuted" testListId="8c84fa94-04c1-424b-9868-57a2d4851a1d" relativeResultsDirectory="582359d9-6a5d-4585-b82e-69fb2f6bdba9">
    </UnitTestResult>
    <UnitTestResult executionId="ee4af115-199b-4d74-83ce-4efa54f45a59" testId="7ddb6d66-d4cc-b85e-ceb4-dacdc7709908" testName="GetValueTest" computerName="LIL-MONEY-PIT" testType="13cdc9d9-ddb5-4fa4-a97d-d965ccfc6d4b" outcome="NotExecuted" testListId="8c84fa94-04c1-424b-9868-57a2d4851a1d" relativeResultsDirectory="ee4af115-199b-4d74-83ce-4efa54f45a59">
    </UnitTestResult>
    <UnitTestResult executionId="8344d5ab-798d-44bd-a66b-ac05b42f2837" testId="814adc11-a284-0739-1c15-5af3c44473d8" testName="CombinationFunctionsConstructorTest" computerName="LIL-MONEY-PIT" testType="13cdc9d9-ddb5-4fa4-a97d-d965ccfc6d4b" outcome="NotExecuted" testListId="8c84fa94-04c1-424b-9868-57a2d4851a1d" relativeResultsDirectory="8344d5ab-798d-44bd-a66b-ac05b42f2837">
    </UnitTestResult>
    <UnitTestResult executionId="0ab70422-9352-4aaf-b891-15f0976cb811" testId="855130ce-84bf-1161-1eee-aae8000252b2" testName="GetValueTest" computerName="LIL-MONEY-PIT" testType="13cdc9d9-ddb5-4fa4-a97d-d965ccfc6d4b" outcome="NotExecuted" testListId="8c84fa94-04c1-424b-9868-57a2d4851a1d" relativeResultsDirectory="0ab70422-9352-4aaf-b891-15f0976cb811">
    </UnitTestResult>
    <UnitTestResult executionId="82bd7f6f-b2ae-4b0e-be14-415fac3aba7b" testId="86183e70-5869-ac26-e602-fe6fdc8564f6" testName="CreateUserObjectTest" computerName="LIL-MONEY-PIT" testType="13cdc9d9-ddb5-4fa4-a97d-d965ccfc6d4b" outcome="NotExecuted" testListId="8c84fa94-04c1-424b-9868-57a2d4851a1d" relativeResultsDirectory="82bd7f6f-b2ae-4b0e-be14-415fac3aba7b">
    </UnitTestResult>
    <UnitTestResult executionId="6b615d1c-d701-48a9-a2ab-0113e25b0916" testId="895e1ad2-9637-1929-bdca-2e13d6ecdf33" testName="LoadText" computerName="LIL-MONEY-PIT" testType="13cdc9d9-ddb5-4fa4-a97d-d965ccfc6d4b" outcome="NotExecuted" testListId="8c84fa94-04c1-424b-9868-57a2d4851a1d" relativeResultsDirectory="6b615d1c-d701-48a9-a2ab-0113e25b0916">
    </UnitTestResult>
    <UnitTestResult executionId="0993c5d9-aeaf-4aa4-b785-487d7f95a53a" testId="8c397046-78ee-c33d-3e4c-44a5719d553d" testName="TrainingAccuracyTest" computerName="LIL-MONEY-PIT" testType="13cdc9d9-ddb5-4fa4-a97d-d965ccfc6d4b" outcome="NotExecuted" testListId="8c84fa94-04c1-424b-9868-57a2d4851a1d" relativeResultsDirectory="0993c5d9-aeaf-4aa4-b785-487d7f95a53a">
    </UnitTestResult>
    <UnitTestResult executionId="dcc1c9da-8492-4472-8bbb-7a00080aa96a" testId="8de660a6-a5b4-4a08-e168-84d6a8847c2d" testName="EqualsTest" computerName="LIL-MONEY-PIT" testType="13cdc9d9-ddb5-4fa4-a97d-d965ccfc6d4b" outcome="NotExecuted" testListId="8c84fa94-04c1-424b-9868-57a2d4851a1d" relativeResultsDirectory="dcc1c9da-8492-4472-8bbb-7a00080aa96a">
    </UnitTestResult>
    <UnitTestResult executionId="c71ee720-da05-4684-98ac-2ac47bccbb4e" testId="8fa4a54a-bae6-94d8-d573-1647c12d4824" testName="ModeTest" computerName="LIL-MONEY-PIT" testType="13cdc9d9-ddb5-4fa4-a97d-d965ccfc6d4b" outcome="NotExecuted" testListId="8c84fa94-04c1-424b-9868-57a2d4851a1d" relativeResultsDirectory="c71ee720-da05-4684-98ac-2ac47bccbb4e">
    </UnitTestResult>
    <UnitTestResult executionId="4ab81635-843e-4d97-a308-db77240c6a36" testId="90d4d793-c175-7e4f-a953-2c15482e9127" testName="NetworkTopologyConstructorTest" computerName="LIL-MONEY-PIT" testType="13cdc9d9-ddb5-4fa4-a97d-d965ccfc6d4b" outcome="NotExecuted" testListId="8c84fa94-04c1-424b-9868-57a2d4851a1d" relativeResultsDirectory="4ab81635-843e-4d97-a308-db77240c6a36">
    </UnitTestResult>
    <UnitTestResult executionId="55f0778b-db2c-4dd6-a94c-52e5ebf35356" testId="919fcb5c-9129-e4af-6da8-58234650b9d0" testName="GetValuesTest" computerName="LIL-MONEY-PIT" testType="13cdc9d9-ddb5-4fa4-a97d-d965ccfc6d4b" outcome="NotExecuted" testListId="8c84fa94-04c1-424b-9868-57a2d4851a1d" relativeResultsDirectory="55f0778b-db2c-4dd6-a94c-52e5ebf35356">
    </UnitTestResult>
    <UnitTestResult executionId="a5bd710f-b63d-4b8d-b313-f74d3872c119" testId="99f0b5b4-0a2a-3205-9152-e1a3e644b886" testName="OutputLayerTest" computerName="LIL-MONEY-PIT" testType="13cdc9d9-ddb5-4fa4-a97d-d965ccfc6d4b" outcome="NotExecuted" testListId="8c84fa94-04c1-424b-9868-57a2d4851a1d" relativeResultsDirectory="a5bd710f-b63d-4b8d-b313-f74d3872c119">
    </UnitTestResult>
    <UnitTestResult executionId="29366ff0-3c7f-459a-b19e-b1e18b4fae6d" testId="a1ceb0d7-e762-54e4-c7d1-02628c8188ab" testName="NetworkTypeTest" computerName="LIL-MONEY-PIT" testType="13cdc9d9-ddb5-4fa4-a97d-d965ccfc6d4b" outcome="NotExecuted" testListId="8c84fa94-04c1-424b-9868-57a2d4851a1d" relativeResultsDirectory="29366ff0-3c7f-459a-b19e-b1e18b4fae6d">
    </UnitTestResult>
    <UnitTestResult executionId="7fd877ca-7016-47af-95d0-bae4272a0f45" testId="a8823d1a-dea7-22d8-3b80-cec046111d72" testName="DefaultOutputLayerTest" computerName="LIL-MONEY-PIT" testType="13cdc9d9-ddb5-4fa4-a97d-d965ccfc6d4b" outcome="NotExecuted" testListId="8c84fa94-04c1-424b-9868-57a2d4851a1d" relativeResultsDirectory="7fd877ca-7016-47af-95d0-bae4272a0f45">
    </UnitTestResult>
    <UnitTestResult executionId="1ca7d590-237b-4b26-aae2-57f074ec05c1" testId="aff7f15c-9745-8d57-d62e-e6de87a6f68c" testName="InputLayerTest" computerName="LIL-MONEY-PIT" testType="13cdc9d9-ddb5-4fa4-a97d-d965ccfc6d4b" outcome="NotExecuted" testListId="8c84fa94-04c1-424b-9868-57a2d4851a1d" relativeResultsDirectory="1ca7d590-237b-4b26-aae2-57f074ec05c1">
    </UnitTestResult>
    <UnitTestResult executionId="49cb07a1-588a-45e1-8d69-53261426833c" testId="b4ff2759-93e7-a8a5-d6b3-d10da4893f5a" testName="DefaultFactoryTest" computerName="LIL-MONEY-PIT" testType="13cdc9d9-ddb5-4fa4-a97d-d965ccfc6d4b" outcome="NotExecuted" testListId="8c84fa94-04c1-424b-9868-57a2d4851a1d" relativeResultsDirectory="49cb07a1-588a-45e1-8d69-53261426833c">
    </UnitTestResult>
    <UnitTestResult executionId="d94f7ea0-ae80-4e72-ad75-4e05f2dd5d2f" testId="b5ae595f-7dca-73d7-1bda-f09e7ea52bd4" testName="ThreadedHiddenLayerConstructorTest" computerName="LIL-MONEY-PIT" testType="13cdc9d9-ddb5-4fa4-a97d-d965ccfc6d4b" outcome="NotExecuted" testListId="8c84fa94-04c1-424b-9868-57a2d4851a1d" relativeResultsDirectory="d94f7ea0-ae80-4e72-ad75-4e05f2dd5d2f">
    </UnitTestResult>
    <UnitTestResult executionId="d8daab77-c50c-4828-9ec5-004a3d2fde46" testId="b5af2dd1-ef3f-eec7-b120-54c52453cde4" testName="EqualsTest" computerName="LIL-MONEY-PIT" testType="13cdc9d9-ddb5-4fa4-a97d-d965ccfc6d4b" outcome="NotExecuted" testListId="8c84fa94-04c1-424b-9868-57a2d4851a1d" relativeResultsDirectory="d8daab77-c50c-4828-9ec5-004a3d2fde46">
    </UnitTestResult>
    <UnitTestResult executionId="bbfde38a-7ad8-4708-b351-8acdff701c7d" testId="b5e3a755-a2ab-152d-aa80-c4911fd65e0b" testName="OtherTest" computerName="LIL-MONEY-PIT" testType="13cdc9d9-ddb5-4fa4-a97d-d965ccfc6d4b" outcome="NotExecuted" testListId="8c84fa94-04c1-424b-9868-57a2d4851a1d" relativeResultsDirectory="bbfde38a-7ad8-4708-b351-8acdff701c7d">
    </UnitTestResult>
    <UnitTestResult executionId="521fce0c-adc8-4a49-8c82-08ca0ecfb459" testId="b6e27dc1-3f73-d482-30bb-5034e06d0f49" testName="ComputeDecisionTest" computerName="LIL-MONEY-PIT" testType="13cdc9d9-ddb5-4fa4-a97d-d965ccfc6d4b" outcome="NotExecuted" testListId="8c84fa94-04c1-424b-9868-57a2d4851a1d" relativeResultsDirectory="521fce0c-adc8-4a49-8c82-08ca0ecfb459">
    </UnitTestResult>
    <UnitTestResult executionId="b1d5fdfd-d3e0-49e6-acb7-31b6a2dca160" testId="b956f179-a280-645c-1bae-ce922e14d496" testName="SaveLoadBinary" computerName="LIL-MONEY-PIT" testType="13cdc9d9-ddb5-4fa4-a97d-d965ccfc6d4b" outcome="NotExecuted" testListId="8c84fa94-04c1-424b-9868-57a2d4851a1d" relativeResultsDirectory="b1d5fdfd-d3e0-49e6-acb7-31b6a2dca160">
    </UnitTestResult>
    <UnitTestResult executionId="f71c87bc-3ad0-4be7-8854-67535d82d6a4" testId="ba1cb5ab-f487-d922-92d1-b5c0b8d6512f" testName="HiddenLayersTest" computerName="LIL-MONEY-PIT" testType="13cdc9d9-ddb5-4fa4-a97d-d965ccfc6d4b" outcome="NotExecuted" testListId="8c84fa94-04c1-424b-9868-57a2d4851a1d" relativeResultsDirectory="f71c87bc-3ad0-4be7-8854-67535d82d6a4">
    </UnitTestResult>
    <UnitTestResult executionId="917e5a8a-8944-4d11-bcaf-6bafb4404a1d" testId="bd6134f3-8c29-55c3-d0c7-c2fb216d01d4" testName="HillClimbAlgoConstructorTest" computerName="LIL-MONEY-PIT" testType="13cdc9d9-ddb5-4fa4-a97d-d965ccfc6d4b" outcome="NotExecuted" testListId="8c84fa94-04c1-424b-9868-57a2d4851a1d" relativeResultsDirectory="917e5a8a-8944-4d11-bcaf-6bafb4404a1d">
    </UnitTestResult>
    <UnitTestResult executionId="e872b763-db66-4bbf-9570-2666c2c6b95e" testId="c598b3e8-9ef4-dda5-2cbb-7eb6dc003da3" testName="TrainingIterationsTest" computerName="LIL-MONEY-PIT" testType="13cdc9d9-ddb5-4fa4-a97d-d965ccfc6d4b" outcome="NotExecuted" testListId="8c84fa94-04c1-424b-9868-57a2d4851a1d" relativeResultsDirectory="e872b763-db66-4bbf-9570-2666c2c6b95e">
    </UnitTestResult>
    <UnitTestResult executionId="21e00474-b062-4290-a48f-a121a31b666f" testId="ca9b7ca8-ec0a-3d74-80eb-bb3fce3380f1" testName="LogisticTest" computerName="LIL-MONEY-PIT" testType="13cdc9d9-ddb5-4fa4-a97d-d965ccfc6d4b" outcome="NotExecuted" testListId="8c84fa94-04c1-424b-9868-57a2d4851a1d" relativeResultsDirectory="21e00474-b062-4290-a48f-a121a31b666f">
    </UnitTestResult>
    <UnitTestResult executionId="3b5ebc3f-482a-41ed-944e-dad289a2f939" testId="cf73ff44-a6c5-1e64-628c-f9b7f15247dd" testName="NeuralNetworkConstructorTest" computerName="LIL-MONEY-PIT" testType="13cdc9d9-ddb5-4fa4-a97d-d965ccfc6d4b" outcome="NotExecuted" testListId="8c84fa94-04c1-424b-9868-57a2d4851a1d" relativeResultsDirectory="3b5ebc3f-482a-41ed-944e-dad289a2f939">
    </UnitTestResult>
    <UnitTestResult executionId="1f9e6963-9f00-4df2-a1e3-fc837f586210" testId="d1aa1e04-5762-55e7-0a3f-f25ed3746b8e" testName="GeneralizedLogisticTest" computerName="LIL-MONEY-PIT" testType="13cdc9d9-ddb5-4fa4-a97d-d965ccfc6d4b" outcome="NotExecuted" testListId="8c84fa94-04c1-424b-9868-57a2d4851a1d" relativeResultsDirectory="1f9e6963-9f00-4df2-a1e3-fc837f586210">
    </UnitTestResult>
    <UnitTestResult executionId="b750bf12-9b75-48cf-bd45-d24f2e175909" testId="d60f0c70-680a-f2a7-be96-723443b7d4dc" testName="TrainNetworkTest" computerName="LIL-MONEY-PIT" testType="13cdc9d9-ddb5-4fa4-a97d-d965ccfc6d4b" outcome="NotExecuted" testListId="8c84fa94-04c1-424b-9868-57a2d4851a1d" relativeResultsDirectory="b750bf12-9b75-48cf-bd45-d24f2e175909">
    </UnitTestResult>
    <UnitTestResult executionId="7fba8fbb-7ded-45f5-a70c-9de940d1622b" testId="d7de268d-ad00-3d1a-9ef6-c7d7c6d2c881" testName="sumationTest" computerName="LIL-MONEY-PIT" testType="13cdc9d9-ddb5-4fa4-a97d-d965ccfc6d4b" outcome="NotExecuted" testListId="8c84fa94-04c1-424b-9868-57a2d4851a1d" relativeResultsDirectory="7fba8fbb-7ded-45f5-a70c-9de940d1622b">
    </UnitTestResult>
    <UnitTestResult executionId="4005c391-e231-47cd-92c3-9b8f2553297f" testId="dc7516d4-ea11-52ea-592a-675e802b27f3" testName="SaveText" computerName="LIL-MONEY-PIT" testType="13cdc9d9-ddb5-4fa4-a97d-d965ccfc6d4b" outcome="NotExecuted" testListId="8c84fa94-04c1-424b-9868-57a2d4851a1d" relativeResultsDirectory="4005c391-e231-47cd-92c3-9b8f2553297f">
    </UnitTestResult>
    <UnitTestResult executionId="63e901f8-7609-4228-93e0-932e3664227e" testId="e000e601-a400-b77b-7cbe-e16a1fb8bf43" testName="ToStringTest" computerName="LIL-MONEY-PIT" testType="13cdc9d9-ddb5-4fa4-a97d-d965ccfc6d4b" outcome="NotExecuted" testListId="8c84fa94-04c1-424b-9868-57a2d4851a1d" relativeResultsDirectory="63e901f8-7609-4228-93e0-932e3664227e">
    </UnitTestResult>
    <UnitTestResult executionId="214da1a6-0838-46e6-b60b-c46619afc911" testId="e28af217-9e05-374a-b589-3e0e31013f06" testName="ParseListTest" computerName="LIL-MONEY-PIT" testType="13cdc9d9-ddb5-4fa4-a97d-d965ccfc6d4b" outcome="NotExecuted" testListId="8c84fa94-04c1-424b-9868-57a2d4851a1d" relativeResultsDirectory="214da1a6-0838-46e6-b60b-c46619afc911">
    </UnitTestResult>
    <UnitTestResult executionId="1df0520d-e6d1-4702-b062-f2bc07a09596" testId="ea95e44c-ad70-2fd7-0521-02dea5e03db6" testName="ToStringTest" computerName="LIL-MONEY-PIT" testType="13cdc9d9-ddb5-4fa4-a97d-d965ccfc6d4b" outcome="NotExecuted" testListId="8c84fa94-04c1-424b-9868-57a2d4851a1d" relativeResultsDirectory="1df0520d-e6d1-4702-b062-f2bc07a09596">
    </UnitTestResult>
    <UnitTestResult executionId="4778dd03-4f78-436a-b8ec-1ba86d8a08ae" testId="ed6cbf7c-1892-3c38-82a7-ffa09ec69e5a" testName="GetValueTest" computerName="LIL-MONEY-PIT" testType="13cdc9d9-ddb5-4fa4-a97d-d965ccfc6d4b" outcome="NotExecuted" testListId="8c84fa94-04c1-424b-9868-57a2d4851a1d" relativeResultsDirectory="4778dd03-4f78-436a-b8ec-1ba86d8a08ae">
    </UnitTestResult>
    <UnitTestResult executionId="07a229ba-a38d-4432-a6fc-63bb44ee67ce" testId="f053d416-9380-8069-ef40-6a7789ba8040" testName="GetValuesTest" computerName="LIL-MONEY-PIT" testType="13cdc9d9-ddb5-4fa4-a97d-d965ccfc6d4b" outcome="NotExecuted" testListId="8c84fa94-04c1-424b-9868-57a2d4851a1d" relativeResultsDirectory="07a229ba-a38d-4432-a6fc-63bb44ee67ce">
    </UnitTestResult>
    <UnitTestResult executionId="b3417620-d76e-47d9-96e7-cfbcaf4df871" testId="f1ce82b4-23b4-e9e2-a855-4dfbf8340573" testName="TrainingPreProcessorTest" computerName="LIL-MONEY-PIT" testType="13cdc9d9-ddb5-4fa4-a97d-d965ccfc6d4b" outcome="NotExecuted" testListId="8c84fa94-04c1-424b-9868-57a2d4851a1d" relativeResultsDirectory="b3417620-d76e-47d9-96e7-cfbcaf4df871">
    </UnitTestResult>
    <UnitTestResult executionId="4653cfc3-a734-4181-849b-d8e1c4ae67ec" testId="f8957ebd-9c0b-9da1-0906-83765d4b5fea" testName="MetaDataTest" computerName="LIL-MONEY-PIT" testType="13cdc9d9-ddb5-4fa4-a97d-d965ccfc6d4b" outcome="NotExecuted" testListId="8c84fa94-04c1-424b-9868-57a2d4851a1d" relativeResultsDirectory="4653cfc3-a734-4181-849b-d8e1c4ae67ec">
    </UnitTestResult>
  </Results>
</TestRun>