<?xml version="1.0" encoding="UTF-8"?>
<TestRun id="2b123b9b-947e-40bb-823f-2b9d3c1f8550" name="skynryd9@LIL-MONEY-PIT 2012-01-26 23:55:42" runUser="Lil-Money-Pit\skynryd9" xmlns="http://microsoft.com/schemas/VisualStudio/TeamTest/2010">
  <TestSettings name="Local" id="edb481bb-0340-4d08-a79e-041a6ff1b069">
    <Description>These are default test settings for a local test run.</Description>
    <Deployment enabled="false" runDeploymentRoot="skynryd9_LIL-MONEY-PIT 2012-01-26 23_55_42">
      <DeploymentItem filename="C:\Development Projects\ENN\ENN\bin\Debug\UserBin\TestUserBinary.dll" />
      <DeploymentItem filename="C:\Development Projects\ENN\ENN.Framework\bin\Debug\ENN.Framework.dll" />
    </Deployment>
    <Execution>
      <TestTypeSpecific />
      <AgentRule name="Execution Agents">
      </AgentRule>
    </Execution>
  </TestSettings>
  <Times creation="2012-01-26T23:55:42.9204838-05:00" queuing="2012-01-26T23:55:43.7145292-05:00" start="2012-01-26T23:55:43.8495369-05:00" finish="2012-01-26T23:55:58.5763793-05:00" />
  <ResultSummary outcome="Failed">
    <Counters total="1" executed="1" error="0" failed="1" timeout="0" aborted="0" inconclusive="0" passedButRunAborted="0" notRunnable="0" notExecuted="0" disconnected="0" warning="0" passed="0" completed="0" inProgress="0" pending="0" />
  </ResultSummary>
  <TestDefinitions>
    <UnitTest name="LoadText" storage="c:\development projects\enn\testsuite\bin\debug\testsuite.dll" id="251000d6-201c-3225-045e-6c6286bebe71">
      <Execution id="654923b1-56bb-4251-aa19-ea24499c6356" />
      <TestMethod codeBase="C:/Development Projects/ENN/TestSuite/bin/Debug/TestSuite.DLL" adapterTypeName="Microsoft.VisualStudio.TestTools.TestTypes.Unit.UnitTestAdapter, Microsoft.VisualStudio.QualityTools.Tips.UnitTest.Adapter, Version=10.0.0.0, Culture=neutral, PublicKeyToken=b03f5f7f11d50a3a" className="TestSuite.Runtime.Tools.SettingsTest, TestSuite, Version=1.0.0.0, Culture=neutral, PublicKeyToken=null" name="LoadText" />
    </UnitTest>
  </TestDefinitions>
  <TestLists>
    <TestList name="Results Not in a List" id="8c84fa94-04c1-424b-9868-57a2d4851a1d" />
    <TestList name="All Loaded Results" id="19431567-8539-422a-85d7-44ee4e166bda" />
  </TestLists>
  <TestEntries>
    <TestEntry testId="251000d6-201c-3225-045e-6c6286bebe71" executionId="654923b1-56bb-4251-aa19-ea24499c6356" testListId="8c84fa94-04c1-424b-9868-57a2d4851a1d" />
  </TestEntries>
  <Results>
    <UnitTestResult executionId="654923b1-56bb-4251-aa19-ea24499c6356" testId="251000d6-201c-3225-045e-6c6286bebe71" testName="LoadText" computerName="LIL-MONEY-PIT" duration="00:00:13.6264715" startTime="2012-01-26T23:55:43.9885449-05:00" endTime="2012-01-26T23:55:58.5313767-05:00" testType="13cdc9d9-ddb5-4fa4-a97d-d965ccfc6d4b" outcome="Failed" testListId="8c84fa94-04c1-424b-9868-57a2d4851a1d" relativeResultsDirectory="654923b1-56bb-4251-aa19-ea24499c6356">
      <Output>
        <ErrorInfo>
          <Message>Test method TestSuite.Runtime.Tools.SettingsTest.LoadText threw exception: 
System.IndexOutOfRangeException: Index was outside the bounds of the array.</Message>
          <StackTrace>    at System.String.get_Chars(Int32 index)
   at ENN.Framework.Tools.Settings.rawText(String filePath) in C:\Development Projects\ENN\ENN.Framework\Tools\Settings.cs:line 195
   at ENN.Framework.Tools.Settings.LoadText(String filePath) in C:\Development Projects\ENN\ENN.Framework\Tools\Settings.cs:line 49
   at ENN.Framework.Tools.Settings.Load(String filePath, Boolean binary) in C:\Development Projects\ENN\ENN.Framework\Tools\Settings.cs:line 43
   at TestSuite.Runtime.Tools.SettingsTest.LoadText() in C:\Development Projects\ENN\TestSuite\Runtime\Tools\SettingsTest.cs:line 46
</StackTrace>
        </ErrorInfo>
      </Output>
    </UnitTestResult>
  </Results>
</TestRun>