<?xml version="1.0" encoding="UTF-8"?>
<TestRun id="9fe161a5-5d50-4b3d-a849-f572939f61e6" name="skynryd9@LIL-MONEY-PIT 2012-02-01 16:29:35" runUser="Lil-Money-Pit\skynryd9" xmlns="http://microsoft.com/schemas/VisualStudio/TeamTest/2010">
  <TestSettings name="Local" id="edb481bb-0340-4d08-a79e-041a6ff1b069">
    <Description>These are default test settings for a local test run.</Description>
    <Deployment userDeploymentRoot="C:\Development Projects\ENN\TestResults" useDefaultDeploymentRoot="false" enabled="false" runDeploymentRoot="skynryd9_LIL-MONEY-PIT 2012-02-01 16_29_35">
      <DeploymentItem filename="C:\Development Projects\ENN\ENN\bin\Debug\UserBin\TestUserBinary.dll" />
      <DeploymentItem filename="C:\Development Projects\ENN\ENN.Framework\bin\Debug\ENN.Framework.dll" />
    </Deployment>
    <Execution>
      <TestTypeSpecific />
      <AgentRule name="Execution Agents">
      </AgentRule>
    </Execution>
  </TestSettings>
  <Times creation="2012-02-01T16:29:35.2673164-05:00" queuing="2012-02-01T16:29:35.5463324-05:00" start="2012-02-01T16:29:35.5773341-05:00" finish="2012-02-01T16:29:35.8843517-05:00" />
  <ResultSummary outcome="Failed">
    <Counters total="1" executed="1" error="0" failed="1" timeout="0" aborted="0" inconclusive="0" passedButRunAborted="0" notRunnable="0" notExecuted="0" disconnected="0" warning="0" passed="0" completed="0" inProgress="0" pending="0" />
  </ResultSummary>
  <TestDefinitions>
    <UnitTest name="GeneralizedLogisticTest1" storage="c:\development projects\enn\testsuite\bin\debug\testsuite.dll" id="ff4ad6f6-4cbb-7229-fbd4-444874289508">
      <Execution id="9ff749c4-27ad-4530-86ea-7e87fd4823aa" />
      <TestMethod codeBase="C:/Development Projects/ENN/TestSuite/bin/Debug/TestSuite.DLL" adapterTypeName="Microsoft.VisualStudio.TestTools.TestTypes.Unit.UnitTestAdapter, Microsoft.VisualStudio.QualityTools.Tips.UnitTest.Adapter, Version=10.0.0.0, Culture=neutral, PublicKeyToken=b03f5f7f11d50a3a" className="TestSuite.Runtime.SigmoidFunctionsTest, TestSuite, Version=1.0.0.0, Culture=neutral, PublicKeyToken=null" name="GeneralizedLogisticTest1" />
    </UnitTest>
  </TestDefinitions>
  <TestLists>
    <TestList name="Results Not in a List" id="8c84fa94-04c1-424b-9868-57a2d4851a1d" />
    <TestList name="All Loaded Results" id="19431567-8539-422a-85d7-44ee4e166bda" />
  </TestLists>
  <TestEntries>
    <TestEntry testId="ff4ad6f6-4cbb-7229-fbd4-444874289508" executionId="9ff749c4-27ad-4530-86ea-7e87fd4823aa" testListId="8c84fa94-04c1-424b-9868-57a2d4851a1d" />
  </TestEntries>
  <Results>
    <UnitTestResult executionId="9ff749c4-27ad-4530-86ea-7e87fd4823aa" testId="ff4ad6f6-4cbb-7229-fbd4-444874289508" testName="GeneralizedLogisticTest1" computerName="LIL-MONEY-PIT" duration="00:00:00.0291342" startTime="2012-02-01T16:29:35.5873347-05:00" endTime="2012-02-01T16:29:35.8513498-05:00" testType="13cdc9d9-ddb5-4fa4-a97d-d965ccfc6d4b" outcome="Failed" testListId="8c84fa94-04c1-424b-9868-57a2d4851a1d" relativeResultsDirectory="9ff749c4-27ad-4530-86ea-7e87fd4823aa">
      <Output>
        <ErrorInfo>
          <Message>Assert.AreEqual failed. Expected a difference no greater than &lt;0.01&gt; between expected value &lt;0&gt; and actual value &lt;0.3990911&gt;. </Message>
          <StackTrace>   at TestSuite.Runtime.SigmoidFunctionsTest.GeneralizedLogisticTest1() in C:\Development Projects\ENN\TestSuite\Runtime\SigmoidFunctionsTest.cs:line 42
</StackTrace>
        </ErrorInfo>
      </Output>
    </UnitTestResult>
  </Results>
</TestRun>