<?xml version="1.0" encoding="UTF-8"?>
<TestRun id="41ce1ab8-8752-4b2a-9a03-2fcd996fc908" name="skynryd9@LIL-MONEY-PIT 2012-01-26 23:56:13" runUser="Lil-Money-Pit\skynryd9" xmlns="http://microsoft.com/schemas/VisualStudio/TeamTest/2010">
  <TestSettings name="Local" id="edb481bb-0340-4d08-a79e-041a6ff1b069">
    <Description>These are default test settings for a local test run.</Description>
    <Deployment enabled="false" runDeploymentRoot="skynryd9_LIL-MONEY-PIT 2012-01-26 23_56_13">
      <DeploymentItem filename="C:\Development Projects\ENN\ENN\bin\Debug\UserBin\TestUserBinary.dll" />
      <DeploymentItem filename="C:\Development Projects\ENN\ENN.Framework\bin\Debug\ENN.Framework.dll" />
    </Deployment>
    <Execution>
      <TestTypeSpecific />
      <AgentRule name="Execution Agents">
      </AgentRule>
    </Execution>
  </TestSettings>
  <Times creation="2012-01-26T23:56:13.4112278-05:00" queuing="2012-01-26T23:56:14.2102735-05:00" start="2012-01-26T23:56:14.3642823-05:00" finish="2012-01-26T23:56:46.7001318-05:00" />
  <ResultSummary outcome="Error">
    <Counters total="1" executed="1" error="0" failed="0" timeout="0" aborted="1" inconclusive="0" passedButRunAborted="0" notRunnable="0" notExecuted="0" disconnected="0" warning="0" passed="0" completed="0" inProgress="0" pending="0" />
    <RunInfos>
      <RunInfo computerName="LIL-MONEY-PIT" outcome="Error" timestamp="2012-01-26T23:56:46.6981317-05:00">
        <Text>Test host process exited unexpectedly.</Text>
      </RunInfo>
    </RunInfos>
  </ResultSummary>
  <TestDefinitions>
    <UnitTest name="LoadText" storage="c:\development projects\enn\testsuite\bin\debug\testsuite.dll" id="251000d6-201c-3225-045e-6c6286bebe71">
      <Execution id="423f8b80-a0b4-46f0-b0b3-62aee2b42e11" />
      <TestMethod codeBase="C:/Development Projects/ENN/TestSuite/bin/Debug/TestSuite.DLL" adapterTypeName="Microsoft.VisualStudio.TestTools.TestTypes.Unit.UnitTestAdapter, Microsoft.VisualStudio.QualityTools.Tips.UnitTest.Adapter, Version=10.0.0.0, Culture=neutral, PublicKeyToken=b03f5f7f11d50a3a" className="TestSuite.Runtime.Tools.SettingsTest, TestSuite, Version=1.0.0.0, Culture=neutral, PublicKeyToken=null" name="LoadText" />
    </UnitTest>
  </TestDefinitions>
  <TestLists>
    <TestList name="Results Not in a List" id="8c84fa94-04c1-424b-9868-57a2d4851a1d" />
    <TestList name="All Loaded Results" id="19431567-8539-422a-85d7-44ee4e166bda" />
  </TestLists>
  <TestEntries>
    <TestEntry testId="251000d6-201c-3225-045e-6c6286bebe71" executionId="423f8b80-a0b4-46f0-b0b3-62aee2b42e11" testListId="8c84fa94-04c1-424b-9868-57a2d4851a1d" />
  </TestEntries>
  <Results>
    <UnitTestResult executionId="423f8b80-a0b4-46f0-b0b3-62aee2b42e11" testId="251000d6-201c-3225-045e-6c6286bebe71" testName="LoadText" computerName="LIL-MONEY-PIT" duration="00:00:32.1978416" startTime="2012-01-26T23:56:14.5022902-05:00" endTime="2012-01-26T23:56:46.7001318-05:00" testType="13cdc9d9-ddb5-4fa4-a97d-d965ccfc6d4b" outcome="Aborted" testListId="8c84fa94-04c1-424b-9868-57a2d4851a1d" relativeResultsDirectory="423f8b80-a0b4-46f0-b0b3-62aee2b42e11">
    </UnitTestResult>
  </Results>
</TestRun>