<?xml version="1.0" encoding="UTF-8"?>
<TestRun id="e65a7948-e183-404e-b229-bcff2f5635c6" name="skynryd9@LIL-MONEY-PIT 2012-03-18 20:10:38" runUser="Lil-Money-Pit\skynryd9" xmlns="http://microsoft.com/schemas/VisualStudio/TeamTest/2010">
  <TestSettings name="Local" id="edb481bb-0340-4d08-a79e-041a6ff1b069">
    <Description>These are default test settings for a local test run.</Description>
    <Deployment enabled="false" runDeploymentRoot="skynryd9_LIL-MONEY-PIT 2012-03-18 20_10_38">
      <DeploymentItem filename="C:\Development Projects\ENN\ENN\bin\Debug\UserBin\TestUserBinary.dll" />
      <DeploymentItem filename="C:\Development Projects\ENN\ENN.Framework\bin\Debug\ENN.Framework.dll" />
    </Deployment>
    <Execution hostProcessPlatform="MSIL">
      <Hosts skipUnhostableTests="false" />
      <TestTypeSpecific>
        <UnitTestRunConfig testTypeId="13cdc9d9-ddb5-4fa4-a97d-d965ccfc6d4b">
          <AssemblyResolution>
            <TestDirectory useLoadContext="true" />
          </AssemblyResolution>
        </UnitTestRunConfig>
      </TestTypeSpecific>
      <AgentRule name="Execution Agents">
      </AgentRule>
    </Execution>
  </TestSettings>
  <Times creation="2012-03-18T20:10:38.9651043-04:00" queuing="2012-03-18T20:10:39.0331081-04:00" start="2012-03-18T20:10:39.0501091-04:00" finish="2012-03-18T20:10:39.5451374-04:00" />
  <ResultSummary outcome="Failed">
    <Counters total="1" executed="1" error="0" failed="1" timeout="0" aborted="0" inconclusive="0" passedButRunAborted="0" notRunnable="0" notExecuted="0" disconnected="0" warning="0" passed="0" completed="0" inProgress="0" pending="0" />
  </ResultSummary>
  <TestDefinitions>
    <UnitTest name="LoadText" storage="c:\development projects\enn\testsuite\bin\debug\testsuite.dll" id="895e1ad2-9637-1929-bdca-2e13d6ecdf33">
      <Execution id="945f052e-5a19-490d-a61f-fc364e278d62" />
      <TestMethod codeBase="C:/Development Projects/ENN/TestSuite/bin/Debug/TestSuite.DLL" adapterTypeName="Microsoft.VisualStudio.TestTools.TestTypes.Unit.UnitTestAdapter, Microsoft.VisualStudio.QualityTools.Tips.UnitTest.Adapter, Version=10.0.0.0, Culture=neutral, PublicKeyToken=b03f5f7f11d50a3a" className="TestSuite.Framework.Tools.SettingsTest, TestSuite, Version=1.0.0.0, Culture=neutral, PublicKeyToken=null" name="LoadText" />
    </UnitTest>
  </TestDefinitions>
  <TestLists>
    <TestList name="Results Not in a List" id="8c84fa94-04c1-424b-9868-57a2d4851a1d" />
    <TestList name="All Loaded Results" id="19431567-8539-422a-85d7-44ee4e166bda" />
  </TestLists>
  <TestEntries>
    <TestEntry testId="895e1ad2-9637-1929-bdca-2e13d6ecdf33" executionId="945f052e-5a19-490d-a61f-fc364e278d62" testListId="8c84fa94-04c1-424b-9868-57a2d4851a1d" />
  </TestEntries>
  <Results>
    <UnitTestResult executionId="945f052e-5a19-490d-a61f-fc364e278d62" testId="895e1ad2-9637-1929-bdca-2e13d6ecdf33" testName="LoadText" computerName="LIL-MONEY-PIT" duration="00:00:00.0681991" startTime="2012-03-18T20:10:39.0501091-04:00" endTime="2012-03-18T20:10:39.3841282-04:00" testType="13cdc9d9-ddb5-4fa4-a97d-d965ccfc6d4b" outcome="Failed" testListId="8c84fa94-04c1-424b-9868-57a2d4851a1d" relativeResultsDirectory="945f052e-5a19-490d-a61f-fc364e278d62">
      <Output>
        <ErrorInfo>
          <Message>Test method TestSuite.Framework.Tools.SettingsTest.LoadText threw exception: 
System.ArgumentException: An item with the same key has already been added.</Message>
          <StackTrace>    at System.Collections.Generic.Dictionary`2.Insert(TKey key, TValue value, Boolean add)
   at TestSuite.Framework.Tools.SettingsTest.SetBaseSetting() in C:\Development Projects\ENN\TestSuite\Framework\Tools\SettingsTest.cs:line 89
   at TestSuite.Framework.Tools.SettingsTest.LoadText() in C:\Development Projects\ENN\TestSuite\Framework\Tools\SettingsTest.cs:line 46
</StackTrace>
        </ErrorInfo>
      </Output>
    </UnitTestResult>
  </Results>
</TestRun>