<?xml version="1.0" encoding="UTF-8"?>
<TestRun id="962be8e6-253c-45c4-a31b-243524452e2f" name="skynryd9@LIL-MONEY-PIT 2012-01-26 23:32:48" runUser="Lil-Money-Pit\skynryd9" xmlns="http://microsoft.com/schemas/VisualStudio/TeamTest/2010">
  <TestSettings name="Local" id="edb481bb-0340-4d08-a79e-041a6ff1b069">
    <Description>These are default test settings for a local test run.</Description>
    <Deployment enabled="false" runDeploymentRoot="skynryd9_LIL-MONEY-PIT 2012-01-26 23_32_48">
      <DeploymentItem filename="C:\Development Projects\ENN\ENN\bin\Debug\UserBin\TestUserBinary.dll" />
      <DeploymentItem filename="C:\Development Projects\ENN\ENN.Framework\bin\Debug\ENN.Framework.dll" />
    </Deployment>
    <Execution>
      <TestTypeSpecific />
      <AgentRule name="Execution Agents">
      </AgentRule>
    </Execution>
  </TestSettings>
  <Times creation="2012-01-26T23:32:48.9348963-05:00" queuing="2012-01-26T23:32:49.7539432-05:00" start="2012-01-26T23:32:49.8769502-05:00" finish="2012-01-26T23:33:02.4446690-05:00" />
  <ResultSummary outcome="Completed">
    <Counters total="3" executed="3" passed="3" error="0" failed="0" timeout="0" aborted="0" inconclusive="0" passedButRunAborted="0" notRunnable="0" notExecuted="0" disconnected="0" warning="0" completed="0" inProgress="0" pending="0" />
  </ResultSummary>
  <TestDefinitions>
    <UnitTest name="LoadTextTest" storage="c:\development projects\enn\testsuite\bin\debug\testsuite.dll" id="91413c2e-76dd-9dca-f643-52fa9133df7b">
      <Execution id="b742d8b5-8d72-4bcf-9d5d-893251ae3ff5" />
      <TestMethod codeBase="C:/Development Projects/ENN/TestSuite/bin/Debug/TestSuite.DLL" adapterTypeName="Microsoft.VisualStudio.TestTools.TestTypes.Unit.UnitTestAdapter, Microsoft.VisualStudio.QualityTools.Tips.UnitTest.Adapter, Version=10.0.0.0, Culture=neutral, PublicKeyToken=b03f5f7f11d50a3a" className="TestSuite.Runtime.Tools.TopologyTest, TestSuite, Version=1.0.0.0, Culture=neutral, PublicKeyToken=null" name="LoadTextTest" />
    </UnitTest>
    <UnitTest name="SaveLoadBinaryTest" storage="c:\development projects\enn\testsuite\bin\debug\testsuite.dll" id="7809094d-33f4-45e7-b7ae-cef1ad197ec5">
      <Execution id="3bc42828-eca3-4103-867c-f6f33fd70a19" />
      <TestMethod codeBase="C:/Development Projects/ENN/TestSuite/bin/Debug/TestSuite.DLL" adapterTypeName="Microsoft.VisualStudio.TestTools.TestTypes.Unit.UnitTestAdapter, Microsoft.VisualStudio.QualityTools.Tips.UnitTest.Adapter, Version=10.0.0.0, Culture=neutral, PublicKeyToken=b03f5f7f11d50a3a" className="TestSuite.Runtime.Tools.TopologyTest, TestSuite, Version=1.0.0.0, Culture=neutral, PublicKeyToken=null" name="SaveLoadBinaryTest" />
    </UnitTest>
    <UnitTest name="SaveTextTest" storage="c:\development projects\enn\testsuite\bin\debug\testsuite.dll" id="5fe0a59d-da3d-e0ca-00f1-7f42f1b72b3d">
      <Execution id="272c1048-288c-4046-b973-204b28be77a2" />
      <TestMethod codeBase="C:/Development Projects/ENN/TestSuite/bin/Debug/TestSuite.DLL" adapterTypeName="Microsoft.VisualStudio.TestTools.TestTypes.Unit.UnitTestAdapter, Microsoft.VisualStudio.QualityTools.Tips.UnitTest.Adapter, Version=10.0.0.0, Culture=neutral, PublicKeyToken=b03f5f7f11d50a3a" className="TestSuite.Runtime.Tools.TopologyTest, TestSuite, Version=1.0.0.0, Culture=neutral, PublicKeyToken=null" name="SaveTextTest" />
    </UnitTest>
  </TestDefinitions>
  <TestLists>
    <TestList name="Results Not in a List" id="8c84fa94-04c1-424b-9868-57a2d4851a1d" />
    <TestList name="All Loaded Results" id="19431567-8539-422a-85d7-44ee4e166bda" />
  </TestLists>
  <TestEntries>
    <TestEntry testId="5fe0a59d-da3d-e0ca-00f1-7f42f1b72b3d" executionId="272c1048-288c-4046-b973-204b28be77a2" testListId="8c84fa94-04c1-424b-9868-57a2d4851a1d" />
    <TestEntry testId="7809094d-33f4-45e7-b7ae-cef1ad197ec5" executionId="3bc42828-eca3-4103-867c-f6f33fd70a19" testListId="8c84fa94-04c1-424b-9868-57a2d4851a1d" />
    <TestEntry testId="91413c2e-76dd-9dca-f643-52fa9133df7b" executionId="b742d8b5-8d72-4bcf-9d5d-893251ae3ff5" testListId="8c84fa94-04c1-424b-9868-57a2d4851a1d" />
  </TestEntries>
  <Results>
    <UnitTestResult executionId="272c1048-288c-4046-b973-204b28be77a2" testId="5fe0a59d-da3d-e0ca-00f1-7f42f1b72b3d" testName="SaveTextTest" computerName="LIL-MONEY-PIT" duration="00:00:00.1171915" startTime="2012-01-26T23:32:49.9769559-05:00" endTime="2012-01-26T23:32:50.8780075-05:00" testType="13cdc9d9-ddb5-4fa4-a97d-d965ccfc6d4b" outcome="Passed" testListId="8c84fa94-04c1-424b-9868-57a2d4851a1d" relativeResultsDirectory="272c1048-288c-4046-b973-204b28be77a2">
    </UnitTestResult>
    <UnitTestResult executionId="3bc42828-eca3-4103-867c-f6f33fd70a19" testId="7809094d-33f4-45e7-b7ae-cef1ad197ec5" testName="SaveLoadBinaryTest" computerName="LIL-MONEY-PIT" duration="00:00:11.4565193" startTime="2012-01-26T23:32:50.8890081-05:00" endTime="2012-01-26T23:33:02.3516637-05:00" testType="13cdc9d9-ddb5-4fa4-a97d-d965ccfc6d4b" outcome="Passed" testListId="8c84fa94-04c1-424b-9868-57a2d4851a1d" relativeResultsDirectory="3bc42828-eca3-4103-867c-f6f33fd70a19">
    </UnitTestResult>
    <UnitTestResult executionId="b742d8b5-8d72-4bcf-9d5d-893251ae3ff5" testId="91413c2e-76dd-9dca-f643-52fa9133df7b" testName="LoadTextTest" computerName="LIL-MONEY-PIT" duration="00:00:00.0008649" startTime="2012-01-26T23:33:02.3666646-05:00" endTime="2012-01-26T23:33:02.3776652-05:00" testType="13cdc9d9-ddb5-4fa4-a97d-d965ccfc6d4b" outcome="Passed" testListId="8c84fa94-04c1-424b-9868-57a2d4851a1d" relativeResultsDirectory="b742d8b5-8d72-4bcf-9d5d-893251ae3ff5">
    </UnitTestResult>
  </Results>
</TestRun>