<?xml version="1.0" encoding="UTF-8"?>
<TestRun id="fb678fe5-aa53-4263-86d0-0d25aa236b1d" name="skynryd9@LIL-MONEY-PIT 2012-02-01 16:26:23" runUser="Lil-Money-Pit\skynryd9" xmlns="http://microsoft.com/schemas/VisualStudio/TeamTest/2010">
  <TestSettings name="Local" id="edb481bb-0340-4d08-a79e-041a6ff1b069">
    <Description>These are default test settings for a local test run.</Description>
    <Deployment enabled="false" runDeploymentRoot="skynryd9_LIL-MONEY-PIT 2012-02-01 16_26_23">
      <DeploymentItem filename="C:\Development Projects\ENN\ENN\bin\Debug\UserBin\TestUserBinary.dll" />
      <DeploymentItem filename="C:\Development Projects\ENN\ENN.Framework\bin\Debug\ENN.Framework.dll" />
    </Deployment>
    <Execution>
      <TestTypeSpecific />
      <AgentRule name="Execution Agents">
      </AgentRule>
    </Execution>
  </TestSettings>
  <Times creation="2012-02-01T16:26:23.2253322-05:00" queuing="2012-02-01T16:26:23.4313440-05:00" start="2012-02-01T16:26:23.4723464-05:00" finish="2012-02-01T16:26:23.9293725-05:00" />
  <ResultSummary outcome="Failed">
    <Counters total="16" executed="16" passed="13" error="0" failed="3" timeout="0" aborted="0" inconclusive="0" passedButRunAborted="0" notRunnable="0" notExecuted="0" disconnected="0" warning="0" completed="0" inProgress="0" pending="0" />
  </ResultSummary>
  <TestDefinitions>
    <UnitTest name="SimpleAlgebraTest" storage="c:\development projects\enn\testsuite\bin\debug\testsuite.dll" id="792cef7e-de8b-0ac6-a844-fe24d4cd88a7">
      <Execution id="1f32364f-fbcc-40ae-9009-cb088c9a60a2" />
      <TestMethod codeBase="C:/Development Projects/ENN/TestSuite/bin/Debug/TestSuite.DLL" adapterTypeName="Microsoft.VisualStudio.TestTools.TestTypes.Unit.UnitTestAdapter, Microsoft.VisualStudio.QualityTools.Tips.UnitTest.Adapter, Version=10.0.0.0, Culture=neutral, PublicKeyToken=b03f5f7f11d50a3a" className="TestSuite.Runtime.SigmoidFunctionsTest, TestSuite, Version=1.0.0.0, Culture=neutral, PublicKeyToken=null" name="SimpleAlgebraTest" />
    </UnitTest>
    <UnitTest name="GeneralizedLogisticTest" storage="c:\development projects\enn\testsuite\bin\debug\testsuite.dll" id="0e6d1b38-b06d-0bf7-032c-34acbd831cfe">
      <Execution id="cdd7eb40-09fd-4bdf-86c7-8b8996dadda3" />
      <TestMethod codeBase="C:/Development Projects/ENN/TestSuite/bin/Debug/TestSuite.DLL" adapterTypeName="Microsoft.VisualStudio.TestTools.TestTypes.Unit.UnitTestAdapter, Microsoft.VisualStudio.QualityTools.Tips.UnitTest.Adapter, Version=10.0.0.0, Culture=neutral, PublicKeyToken=b03f5f7f11d50a3a" className="TestSuite.Runtime.SigmoidFunctionsTest, TestSuite, Version=1.0.0.0, Culture=neutral, PublicKeyToken=null" name="GeneralizedLogisticTest" />
    </UnitTest>
    <UnitTest name="LoadText" storage="c:\development projects\enn\testsuite\bin\debug\testsuite.dll" id="251000d6-201c-3225-045e-6c6286bebe71">
      <Execution id="478d8a0e-b44a-4033-bfa9-0ea4ac160a67" />
      <TestMethod codeBase="C:/Development Projects/ENN/TestSuite/bin/Debug/TestSuite.DLL" adapterTypeName="Microsoft.VisualStudio.TestTools.TestTypes.Unit.UnitTestAdapter, Microsoft.VisualStudio.QualityTools.Tips.UnitTest.Adapter, Version=10.0.0.0, Culture=neutral, PublicKeyToken=b03f5f7f11d50a3a" className="TestSuite.Runtime.Tools.SettingsTest, TestSuite, Version=1.0.0.0, Culture=neutral, PublicKeyToken=null" name="LoadText" />
    </UnitTest>
    <UnitTest name="SaveLoadBinaryTest" storage="c:\development projects\enn\testsuite\bin\debug\testsuite.dll" id="7809094d-33f4-45e7-b7ae-cef1ad197ec5">
      <Execution id="39bfb950-3099-4e7d-b0c7-2b89e51ec253" />
      <TestMethod codeBase="C:/Development Projects/ENN/TestSuite/bin/Debug/TestSuite.DLL" adapterTypeName="Microsoft.VisualStudio.TestTools.TestTypes.Unit.UnitTestAdapter, Microsoft.VisualStudio.QualityTools.Tips.UnitTest.Adapter, Version=10.0.0.0, Culture=neutral, PublicKeyToken=b03f5f7f11d50a3a" className="TestSuite.Runtime.Tools.TopologyTest, TestSuite, Version=1.0.0.0, Culture=neutral, PublicKeyToken=null" name="SaveLoadBinaryTest" />
    </UnitTest>
    <UnitTest name="SaveText" storage="c:\development projects\enn\testsuite\bin\debug\testsuite.dll" id="d1ed5f65-7462-12a5-4bb7-93f22baf2269">
      <Execution id="706de112-9378-4894-a36c-a979cd734b66" />
      <TestMethod codeBase="C:/Development Projects/ENN/TestSuite/bin/Debug/TestSuite.DLL" adapterTypeName="Microsoft.VisualStudio.TestTools.TestTypes.Unit.UnitTestAdapter, Microsoft.VisualStudio.QualityTools.Tips.UnitTest.Adapter, Version=10.0.0.0, Culture=neutral, PublicKeyToken=b03f5f7f11d50a3a" className="TestSuite.Runtime.Tools.SettingsTest, TestSuite, Version=1.0.0.0, Culture=neutral, PublicKeyToken=null" name="SaveText" />
    </UnitTest>
    <UnitTest name="WeightsTest" storage="c:\development projects\enn\testsuite\bin\debug\testsuite.dll" id="56505b5f-896b-db28-949a-5aa770ed8421">
      <Execution id="1183d933-b939-4f18-a7b9-f6efb7dd905e" />
      <TestMethod codeBase="C:/Development Projects/ENN/TestSuite/bin/Debug/TestSuite.DLL" adapterTypeName="Microsoft.VisualStudio.TestTools.TestTypes.Unit.UnitTestAdapter, Microsoft.VisualStudio.QualityTools.Tips.UnitTest.Adapter, Version=10.0.0.0, Culture=neutral, PublicKeyToken=b03f5f7f11d50a3a" className="TestSuite.Runtime.BasicNodeTest, TestSuite, Version=1.0.0.0, Culture=neutral, PublicKeyToken=null" name="WeightsTest" />
    </UnitTest>
    <UnitTest name="SaveLoadBinary" storage="c:\development projects\enn\testsuite\bin\debug\testsuite.dll" id="26cf318a-7fd7-86c5-b025-e6f47e9d78ca">
      <Execution id="2dadc328-4d5a-4c19-bf53-207a457b6ae5" />
      <TestMethod codeBase="C:/Development Projects/ENN/TestSuite/bin/Debug/TestSuite.DLL" adapterTypeName="Microsoft.VisualStudio.TestTools.TestTypes.Unit.UnitTestAdapter, Microsoft.VisualStudio.QualityTools.Tips.UnitTest.Adapter, Version=10.0.0.0, Culture=neutral, PublicKeyToken=b03f5f7f11d50a3a" className="TestSuite.Runtime.Tools.SettingsTest, TestSuite, Version=1.0.0.0, Culture=neutral, PublicKeyToken=null" name="SaveLoadBinary" />
    </UnitTest>
    <UnitTest name="LoadTextTest" storage="c:\development projects\enn\testsuite\bin\debug\testsuite.dll" id="91413c2e-76dd-9dca-f643-52fa9133df7b">
      <Execution id="f5665a61-5735-41fb-92e6-ad7a27bfcb3a" />
      <TestMethod codeBase="C:/Development Projects/ENN/TestSuite/bin/Debug/TestSuite.DLL" adapterTypeName="Microsoft.VisualStudio.TestTools.TestTypes.Unit.UnitTestAdapter, Microsoft.VisualStudio.QualityTools.Tips.UnitTest.Adapter, Version=10.0.0.0, Culture=neutral, PublicKeyToken=b03f5f7f11d50a3a" className="TestSuite.Runtime.Tools.TopologyTest, TestSuite, Version=1.0.0.0, Culture=neutral, PublicKeyToken=null" name="LoadTextTest" />
    </UnitTest>
    <UnitTest name="LogisticTest" storage="c:\development projects\enn\testsuite\bin\debug\testsuite.dll" id="7dd4e77c-7264-6ef4-1008-777f833c6760">
      <Execution id="642a198e-7b51-48fb-8ede-40640195aa06" />
      <TestMethod codeBase="C:/Development Projects/ENN/TestSuite/bin/Debug/TestSuite.DLL" adapterTypeName="Microsoft.VisualStudio.TestTools.TestTypes.Unit.UnitTestAdapter, Microsoft.VisualStudio.QualityTools.Tips.UnitTest.Adapter, Version=10.0.0.0, Culture=neutral, PublicKeyToken=b03f5f7f11d50a3a" className="TestSuite.Runtime.SigmoidFunctionsTest, TestSuite, Version=1.0.0.0, Culture=neutral, PublicKeyToken=null" name="LogisticTest" />
    </UnitTest>
    <UnitTest name="GetValueTest" storage="c:\development projects\enn\testsuite\bin\debug\testsuite.dll" id="2319df9d-0e3d-4e3b-170c-489339715346">
      <Execution id="58b5b70f-b0d1-4733-9876-389ad9e07e23" />
      <TestMethod codeBase="C:/Development Projects/ENN/TestSuite/bin/Debug/TestSuite.DLL" adapterTypeName="Microsoft.VisualStudio.TestTools.TestTypes.Unit.UnitTestAdapter, Microsoft.VisualStudio.QualityTools.Tips.UnitTest.Adapter, Version=10.0.0.0, Culture=neutral, PublicKeyToken=b03f5f7f11d50a3a" className="TestSuite.Runtime.BasicNodeTest, TestSuite, Version=1.0.0.0, Culture=neutral, PublicKeyToken=null" name="GetValueTest" />
    </UnitTest>
    <UnitTest name="ModifiedLogisticTest" storage="c:\development projects\enn\testsuite\bin\debug\testsuite.dll" id="f590dcde-57c2-4844-9cad-2fe602dec5de">
      <Execution id="0388e828-3472-4445-b6b3-614e8bb1270f" />
      <TestMethod codeBase="C:/Development Projects/ENN/TestSuite/bin/Debug/TestSuite.DLL" adapterTypeName="Microsoft.VisualStudio.TestTools.TestTypes.Unit.UnitTestAdapter, Microsoft.VisualStudio.QualityTools.Tips.UnitTest.Adapter, Version=10.0.0.0, Culture=neutral, PublicKeyToken=b03f5f7f11d50a3a" className="TestSuite.Runtime.SigmoidFunctionsTest, TestSuite, Version=1.0.0.0, Culture=neutral, PublicKeyToken=null" name="ModifiedLogisticTest" />
    </UnitTest>
    <UnitTest name="GeneralizedLogisticTest1" storage="c:\development projects\enn\testsuite\bin\debug\testsuite.dll" id="ff4ad6f6-4cbb-7229-fbd4-444874289508">
      <Execution id="023af173-9bde-4ffb-b15e-1d2b68672df3" />
      <TestMethod codeBase="C:/Development Projects/ENN/TestSuite/bin/Debug/TestSuite.DLL" adapterTypeName="Microsoft.VisualStudio.TestTools.TestTypes.Unit.UnitTestAdapter, Microsoft.VisualStudio.QualityTools.Tips.UnitTest.Adapter, Version=10.0.0.0, Culture=neutral, PublicKeyToken=b03f5f7f11d50a3a" className="TestSuite.Runtime.SigmoidFunctionsTest, TestSuite, Version=1.0.0.0, Culture=neutral, PublicKeyToken=null" name="GeneralizedLogisticTest1" />
    </UnitTest>
    <UnitTest name="MetaDataTest" storage="c:\development projects\enn\testsuite\bin\debug\testsuite.dll" id="84139ec4-03ef-0b1f-410c-ed34ad1e61a7">
      <Execution id="feb41981-9a18-4b8e-bf0f-ed4b57e8cf32" />
      <TestMethod codeBase="C:/Development Projects/ENN/TestSuite/bin/Debug/TestSuite.DLL" adapterTypeName="Microsoft.VisualStudio.TestTools.TestTypes.Unit.UnitTestAdapter, Microsoft.VisualStudio.QualityTools.Tips.UnitTest.Adapter, Version=10.0.0.0, Culture=neutral, PublicKeyToken=b03f5f7f11d50a3a" className="TestSuite.Runtime.BasicNodeTest, TestSuite, Version=1.0.0.0, Culture=neutral, PublicKeyToken=null" name="MetaDataTest" />
    </UnitTest>
    <UnitTest name="EqualsTest" storage="c:\development projects\enn\testsuite\bin\debug\testsuite.dll" id="771f593f-e636-6035-a459-8163b178bcfa">
      <Execution id="6bb50fdc-43d5-452c-b505-b4271db3c7f9" />
      <TestMethod codeBase="C:/Development Projects/ENN/TestSuite/bin/Debug/TestSuite.DLL" adapterTypeName="Microsoft.VisualStudio.TestTools.TestTypes.Unit.UnitTestAdapter, Microsoft.VisualStudio.QualityTools.Tips.UnitTest.Adapter, Version=10.0.0.0, Culture=neutral, PublicKeyToken=b03f5f7f11d50a3a" className="TestSuite.Runtime.BasicNodeTest, TestSuite, Version=1.0.0.0, Culture=neutral, PublicKeyToken=null" name="EqualsTest" />
    </UnitTest>
    <UnitTest name="HyperbolicTangentTest" storage="c:\development projects\enn\testsuite\bin\debug\testsuite.dll" id="dd120e22-c30c-9c60-6bde-948198bc12d2">
      <Execution id="6785c673-c2b1-4746-8c76-586a878e3271" />
      <TestMethod codeBase="C:/Development Projects/ENN/TestSuite/bin/Debug/TestSuite.DLL" adapterTypeName="Microsoft.VisualStudio.TestTools.TestTypes.Unit.UnitTestAdapter, Microsoft.VisualStudio.QualityTools.Tips.UnitTest.Adapter, Version=10.0.0.0, Culture=neutral, PublicKeyToken=b03f5f7f11d50a3a" className="TestSuite.Runtime.SigmoidFunctionsTest, TestSuite, Version=1.0.0.0, Culture=neutral, PublicKeyToken=null" name="HyperbolicTangentTest" />
    </UnitTest>
    <UnitTest name="SaveTextTest" storage="c:\development projects\enn\testsuite\bin\debug\testsuite.dll" id="5fe0a59d-da3d-e0ca-00f1-7f42f1b72b3d">
      <Execution id="c49cb447-d076-461c-9e7f-092ba1f245d6" />
      <TestMethod codeBase="C:/Development Projects/ENN/TestSuite/bin/Debug/TestSuite.DLL" adapterTypeName="Microsoft.VisualStudio.TestTools.TestTypes.Unit.UnitTestAdapter, Microsoft.VisualStudio.QualityTools.Tips.UnitTest.Adapter, Version=10.0.0.0, Culture=neutral, PublicKeyToken=b03f5f7f11d50a3a" className="TestSuite.Runtime.Tools.TopologyTest, TestSuite, Version=1.0.0.0, Culture=neutral, PublicKeyToken=null" name="SaveTextTest" />
    </UnitTest>
  </TestDefinitions>
  <TestLists>
    <TestList name="Results Not in a List" id="8c84fa94-04c1-424b-9868-57a2d4851a1d" />
    <TestList name="All Loaded Results" id="19431567-8539-422a-85d7-44ee4e166bda" />
  </TestLists>
  <TestEntries>
    <TestEntry testId="0e6d1b38-b06d-0bf7-032c-34acbd831cfe" executionId="cdd7eb40-09fd-4bdf-86c7-8b8996dadda3" testListId="8c84fa94-04c1-424b-9868-57a2d4851a1d" />
    <TestEntry testId="2319df9d-0e3d-4e3b-170c-489339715346" executionId="58b5b70f-b0d1-4733-9876-389ad9e07e23" testListId="8c84fa94-04c1-424b-9868-57a2d4851a1d" />
    <TestEntry testId="251000d6-201c-3225-045e-6c6286bebe71" executionId="478d8a0e-b44a-4033-bfa9-0ea4ac160a67" testListId="8c84fa94-04c1-424b-9868-57a2d4851a1d" />
    <TestEntry testId="26cf318a-7fd7-86c5-b025-e6f47e9d78ca" executionId="2dadc328-4d5a-4c19-bf53-207a457b6ae5" testListId="8c84fa94-04c1-424b-9868-57a2d4851a1d" />
    <TestEntry testId="56505b5f-896b-db28-949a-5aa770ed8421" executionId="1183d933-b939-4f18-a7b9-f6efb7dd905e" testListId="8c84fa94-04c1-424b-9868-57a2d4851a1d" />
    <TestEntry testId="5fe0a59d-da3d-e0ca-00f1-7f42f1b72b3d" executionId="c49cb447-d076-461c-9e7f-092ba1f245d6" testListId="8c84fa94-04c1-424b-9868-57a2d4851a1d" />
    <TestEntry testId="771f593f-e636-6035-a459-8163b178bcfa" executionId="6bb50fdc-43d5-452c-b505-b4271db3c7f9" testListId="8c84fa94-04c1-424b-9868-57a2d4851a1d" />
    <TestEntry testId="7809094d-33f4-45e7-b7ae-cef1ad197ec5" executionId="39bfb950-3099-4e7d-b0c7-2b89e51ec253" testListId="8c84fa94-04c1-424b-9868-57a2d4851a1d" />
    <TestEntry testId="792cef7e-de8b-0ac6-a844-fe24d4cd88a7" executionId="1f32364f-fbcc-40ae-9009-cb088c9a60a2" testListId="8c84fa94-04c1-424b-9868-57a2d4851a1d" />
    <TestEntry testId="7dd4e77c-7264-6ef4-1008-777f833c6760" executionId="642a198e-7b51-48fb-8ede-40640195aa06" testListId="8c84fa94-04c1-424b-9868-57a2d4851a1d" />
    <TestEntry testId="84139ec4-03ef-0b1f-410c-ed34ad1e61a7" executionId="feb41981-9a18-4b8e-bf0f-ed4b57e8cf32" testListId="8c84fa94-04c1-424b-9868-57a2d4851a1d" />
    <TestEntry testId="91413c2e-76dd-9dca-f643-52fa9133df7b" executionId="f5665a61-5735-41fb-92e6-ad7a27bfcb3a" testListId="8c84fa94-04c1-424b-9868-57a2d4851a1d" />
    <TestEntry testId="d1ed5f65-7462-12a5-4bb7-93f22baf2269" executionId="706de112-9378-4894-a36c-a979cd734b66" testListId="8c84fa94-04c1-424b-9868-57a2d4851a1d" />
    <TestEntry testId="dd120e22-c30c-9c60-6bde-948198bc12d2" executionId="6785c673-c2b1-4746-8c76-586a878e3271" testListId="8c84fa94-04c1-424b-9868-57a2d4851a1d" />
    <TestEntry testId="f590dcde-57c2-4844-9cad-2fe602dec5de" executionId="0388e828-3472-4445-b6b3-614e8bb1270f" testListId="8c84fa94-04c1-424b-9868-57a2d4851a1d" />
    <TestEntry testId="ff4ad6f6-4cbb-7229-fbd4-444874289508" executionId="023af173-9bde-4ffb-b15e-1d2b68672df3" testListId="8c84fa94-04c1-424b-9868-57a2d4851a1d" />
  </TestEntries>
  <Results>
    <UnitTestResult executionId="cdd7eb40-09fd-4bdf-86c7-8b8996dadda3" testId="0e6d1b38-b06d-0bf7-032c-34acbd831cfe" testName="GeneralizedLogisticTest" computerName="LIL-MONEY-PIT" duration="00:00:00.0304277" startTime="2012-02-01T16:26:23.4833470-05:00" endTime="2012-02-01T16:26:23.7323612-05:00" testType="13cdc9d9-ddb5-4fa4-a97d-d965ccfc6d4b" outcome="Failed" testListId="8c84fa94-04c1-424b-9868-57a2d4851a1d" relativeResultsDirectory="cdd7eb40-09fd-4bdf-86c7-8b8996dadda3">
      <Output>
        <ErrorInfo>
          <Message>Assert.AreEqual failed. Expected a difference no greater than &lt;0.01&gt; between expected value &lt;0&gt; and actual value &lt;0.3990911&gt;. </Message>
          <StackTrace>   at TestSuite.Runtime.SigmoidFunctionsTest.GeneralizedLogisticTest() in C:\Development Projects\ENN\TestSuite\Runtime\SigmoidFunctionsTest.cs:line 29
</StackTrace>
        </ErrorInfo>
      </Output>
    </UnitTestResult>
    <UnitTestResult executionId="58b5b70f-b0d1-4733-9876-389ad9e07e23" testId="2319df9d-0e3d-4e3b-170c-489339715346" testName="GetValueTest" computerName="LIL-MONEY-PIT" duration="00:00:00.0009808" startTime="2012-02-01T16:26:23.7343613-05:00" endTime="2012-02-01T16:26:23.7383616-05:00" testType="13cdc9d9-ddb5-4fa4-a97d-d965ccfc6d4b" outcome="Passed" testListId="8c84fa94-04c1-424b-9868-57a2d4851a1d" relativeResultsDirectory="58b5b70f-b0d1-4733-9876-389ad9e07e23">
    </UnitTestResult>
    <UnitTestResult executionId="478d8a0e-b44a-4033-bfa9-0ea4ac160a67" testId="251000d6-201c-3225-045e-6c6286bebe71" testName="LoadText" computerName="LIL-MONEY-PIT" duration="00:00:00.0052689" startTime="2012-02-01T16:26:23.7413617-05:00" endTime="2012-02-01T16:26:23.7493622-05:00" testType="13cdc9d9-ddb5-4fa4-a97d-d965ccfc6d4b" outcome="Passed" testListId="8c84fa94-04c1-424b-9868-57a2d4851a1d" relativeResultsDirectory="478d8a0e-b44a-4033-bfa9-0ea4ac160a67">
    </UnitTestResult>
    <UnitTestResult executionId="2dadc328-4d5a-4c19-bf53-207a457b6ae5" testId="26cf318a-7fd7-86c5-b025-e6f47e9d78ca" testName="SaveLoadBinary" computerName="LIL-MONEY-PIT" duration="00:00:00.0034311" startTime="2012-02-01T16:26:23.7513623-05:00" endTime="2012-02-01T16:26:23.7573627-05:00" testType="13cdc9d9-ddb5-4fa4-a97d-d965ccfc6d4b" outcome="Passed" testListId="8c84fa94-04c1-424b-9868-57a2d4851a1d" relativeResultsDirectory="2dadc328-4d5a-4c19-bf53-207a457b6ae5">
    </UnitTestResult>
    <UnitTestResult executionId="1183d933-b939-4f18-a7b9-f6efb7dd905e" testId="56505b5f-896b-db28-949a-5aa770ed8421" testName="WeightsTest" computerName="LIL-MONEY-PIT" duration="00:00:00.0006455" startTime="2012-02-01T16:26:23.7593628-05:00" endTime="2012-02-01T16:26:23.7623629-05:00" testType="13cdc9d9-ddb5-4fa4-a97d-d965ccfc6d4b" outcome="Passed" testListId="8c84fa94-04c1-424b-9868-57a2d4851a1d" relativeResultsDirectory="1183d933-b939-4f18-a7b9-f6efb7dd905e">
    </UnitTestResult>
    <UnitTestResult executionId="c49cb447-d076-461c-9e7f-092ba1f245d6" testId="5fe0a59d-da3d-e0ca-00f1-7f42f1b72b3d" testName="SaveTextTest" computerName="LIL-MONEY-PIT" duration="00:00:00.0250217" startTime="2012-02-01T16:26:23.7643631-05:00" endTime="2012-02-01T16:26:23.7923647-05:00" testType="13cdc9d9-ddb5-4fa4-a97d-d965ccfc6d4b" outcome="Passed" testListId="8c84fa94-04c1-424b-9868-57a2d4851a1d" relativeResultsDirectory="c49cb447-d076-461c-9e7f-092ba1f245d6">
    </UnitTestResult>
    <UnitTestResult executionId="6bb50fdc-43d5-452c-b505-b4271db3c7f9" testId="771f593f-e636-6035-a459-8163b178bcfa" testName="EqualsTest" computerName="LIL-MONEY-PIT" duration="00:00:00.0013103" startTime="2012-02-01T16:26:23.7943648-05:00" endTime="2012-02-01T16:26:23.7983650-05:00" testType="13cdc9d9-ddb5-4fa4-a97d-d965ccfc6d4b" outcome="Passed" testListId="8c84fa94-04c1-424b-9868-57a2d4851a1d" relativeResultsDirectory="6bb50fdc-43d5-452c-b505-b4271db3c7f9">
    </UnitTestResult>
    <UnitTestResult executionId="39bfb950-3099-4e7d-b0c7-2b89e51ec253" testId="7809094d-33f4-45e7-b7ae-cef1ad197ec5" testName="SaveLoadBinaryTest" computerName="LIL-MONEY-PIT" duration="00:00:00.0102109" startTime="2012-02-01T16:26:23.8013652-05:00" endTime="2012-02-01T16:26:23.8153660-05:00" testType="13cdc9d9-ddb5-4fa4-a97d-d965ccfc6d4b" outcome="Passed" testListId="8c84fa94-04c1-424b-9868-57a2d4851a1d" relativeResultsDirectory="39bfb950-3099-4e7d-b0c7-2b89e51ec253">
    </UnitTestResult>
    <UnitTestResult executionId="1f32364f-fbcc-40ae-9009-cb088c9a60a2" testId="792cef7e-de8b-0ac6-a844-fe24d4cd88a7" testName="SimpleAlgebraTest" computerName="LIL-MONEY-PIT" duration="00:00:00.0002991" startTime="2012-02-01T16:26:23.8173661-05:00" endTime="2012-02-01T16:26:23.8193662-05:00" testType="13cdc9d9-ddb5-4fa4-a97d-d965ccfc6d4b" outcome="Passed" testListId="8c84fa94-04c1-424b-9868-57a2d4851a1d" relativeResultsDirectory="1f32364f-fbcc-40ae-9009-cb088c9a60a2">
    </UnitTestResult>
    <UnitTestResult executionId="642a198e-7b51-48fb-8ede-40640195aa06" testId="7dd4e77c-7264-6ef4-1008-777f833c6760" testName="LogisticTest" computerName="LIL-MONEY-PIT" duration="00:00:00.0001786" startTime="2012-02-01T16:26:23.8223664-05:00" endTime="2012-02-01T16:26:23.8253665-05:00" testType="13cdc9d9-ddb5-4fa4-a97d-d965ccfc6d4b" outcome="Passed" testListId="8c84fa94-04c1-424b-9868-57a2d4851a1d" relativeResultsDirectory="642a198e-7b51-48fb-8ede-40640195aa06">
    </UnitTestResult>
    <UnitTestResult executionId="feb41981-9a18-4b8e-bf0f-ed4b57e8cf32" testId="84139ec4-03ef-0b1f-410c-ed34ad1e61a7" testName="MetaDataTest" computerName="LIL-MONEY-PIT" duration="00:00:00.0003772" startTime="2012-02-01T16:26:23.8273667-05:00" endTime="2012-02-01T16:26:23.8303668-05:00" testType="13cdc9d9-ddb5-4fa4-a97d-d965ccfc6d4b" outcome="Passed" testListId="8c84fa94-04c1-424b-9868-57a2d4851a1d" relativeResultsDirectory="feb41981-9a18-4b8e-bf0f-ed4b57e8cf32">
    </UnitTestResult>
    <UnitTestResult executionId="f5665a61-5735-41fb-92e6-ad7a27bfcb3a" testId="91413c2e-76dd-9dca-f643-52fa9133df7b" testName="LoadTextTest" computerName="LIL-MONEY-PIT" duration="00:00:00.0005951" startTime="2012-02-01T16:26:23.8323669-05:00" endTime="2012-02-01T16:26:23.8353671-05:00" testType="13cdc9d9-ddb5-4fa4-a97d-d965ccfc6d4b" outcome="Passed" testListId="8c84fa94-04c1-424b-9868-57a2d4851a1d" relativeResultsDirectory="f5665a61-5735-41fb-92e6-ad7a27bfcb3a">
    </UnitTestResult>
    <UnitTestResult executionId="706de112-9378-4894-a36c-a979cd734b66" testId="d1ed5f65-7462-12a5-4bb7-93f22baf2269" testName="SaveText" computerName="LIL-MONEY-PIT" duration="00:00:00.0021014" startTime="2012-02-01T16:26:23.8373672-05:00" endTime="2012-02-01T16:26:23.8423675-05:00" testType="13cdc9d9-ddb5-4fa4-a97d-d965ccfc6d4b" outcome="Passed" testListId="8c84fa94-04c1-424b-9868-57a2d4851a1d" relativeResultsDirectory="706de112-9378-4894-a36c-a979cd734b66">
    </UnitTestResult>
    <UnitTestResult executionId="6785c673-c2b1-4746-8c76-586a878e3271" testId="dd120e22-c30c-9c60-6bde-948198bc12d2" testName="HyperbolicTangentTest" computerName="LIL-MONEY-PIT" duration="00:00:00.0002663" startTime="2012-02-01T16:26:23.8433676-05:00" endTime="2012-02-01T16:26:23.8463677-05:00" testType="13cdc9d9-ddb5-4fa4-a97d-d965ccfc6d4b" outcome="Passed" testListId="8c84fa94-04c1-424b-9868-57a2d4851a1d" relativeResultsDirectory="6785c673-c2b1-4746-8c76-586a878e3271">
    </UnitTestResult>
    <UnitTestResult executionId="0388e828-3472-4445-b6b3-614e8bb1270f" testId="f590dcde-57c2-4844-9cad-2fe602dec5de" testName="ModifiedLogisticTest" computerName="LIL-MONEY-PIT" duration="00:00:00.0014008" startTime="2012-02-01T16:26:23.8483679-05:00" endTime="2012-02-01T16:26:23.8523681-05:00" testType="13cdc9d9-ddb5-4fa4-a97d-d965ccfc6d4b" outcome="Failed" testListId="8c84fa94-04c1-424b-9868-57a2d4851a1d" relativeResultsDirectory="0388e828-3472-4445-b6b3-614e8bb1270f">
      <Output>
        <ErrorInfo>
          <Message>Assert.AreEqual failed. Expected a difference no greater than &lt;0.01&gt; between expected value &lt;0&gt; and actual value &lt;2&gt;. </Message>
          <StackTrace>   at TestSuite.Runtime.SigmoidFunctionsTest.ModifiedLogisticTest() in C:\Development Projects\ENN\TestSuite\Runtime\SigmoidFunctionsTest.cs:line 81
</StackTrace>
        </ErrorInfo>
      </Output>
    </UnitTestResult>
    <UnitTestResult executionId="023af173-9bde-4ffb-b15e-1d2b68672df3" testId="ff4ad6f6-4cbb-7229-fbd4-444874289508" testName="GeneralizedLogisticTest1" computerName="LIL-MONEY-PIT" duration="00:00:00.0013384" startTime="2012-02-01T16:26:23.8553683-05:00" endTime="2012-02-01T16:26:23.8583684-05:00" testType="13cdc9d9-ddb5-4fa4-a97d-d965ccfc6d4b" outcome="Failed" testListId="8c84fa94-04c1-424b-9868-57a2d4851a1d" relativeResultsDirectory="023af173-9bde-4ffb-b15e-1d2b68672df3">
      <Output>
        <ErrorInfo>
          <Message>Assert.AreEqual failed. Expected a difference no greater than &lt;0.01&gt; between expected value &lt;0&gt; and actual value &lt;0.3990911&gt;. </Message>
          <StackTrace>   at TestSuite.Runtime.SigmoidFunctionsTest.GeneralizedLogisticTest1() in C:\Development Projects\ENN\TestSuite\Runtime\SigmoidFunctionsTest.cs:line 42
</StackTrace>
        </ErrorInfo>
      </Output>
    </UnitTestResult>
  </Results>
</TestRun>