<?xml version="1.0" encoding="UTF-8"?>
<TestRun id="af9cb723-17fb-4e53-b01e-92becced3648" name="skynryd9@LIL-MONEY-PIT 2012-01-27 00:08:44" runUser="Lil-Money-Pit\skynryd9" xmlns="http://microsoft.com/schemas/VisualStudio/TeamTest/2010">
  <TestSettings name="Local" id="edb481bb-0340-4d08-a79e-041a6ff1b069">
    <Description>These are default test settings for a local test run.</Description>
    <Deployment enabled="false" runDeploymentRoot="skynryd9_LIL-MONEY-PIT 2012-01-27 00_08_44">
      <DeploymentItem filename="C:\Development Projects\ENN\ENN\bin\Debug\UserBin\TestUserBinary.dll" />
      <DeploymentItem filename="C:\Development Projects\ENN\ENN.Framework\bin\Debug\ENN.Framework.dll" />
    </Deployment>
    <Execution>
      <TestTypeSpecific />
      <AgentRule name="Execution Agents">
      </AgentRule>
    </Execution>
  </TestSettings>
  <Times creation="2012-01-27T00:08:44.5511905-05:00" queuing="2012-01-27T00:08:44.5971932-05:00" start="2012-01-27T00:08:44.6051936-05:00" finish="2012-01-27T00:08:44.9322123-05:00" />
  <ResultSummary outcome="Failed">
    <Counters total="7" executed="7" passed="6" error="0" failed="1" timeout="0" aborted="0" inconclusive="0" passedButRunAborted="0" notRunnable="0" notExecuted="0" disconnected="0" warning="0" completed="0" inProgress="0" pending="0" />
  </ResultSummary>
  <TestDefinitions>
    <UnitTest name="SaveBinary" storage="c:\development projects\enn\testsuite\bin\debug\testsuite.dll" id="2b646a67-1fef-7913-755f-b25bbfd6c4ea">
      <Execution id="db172800-b29f-46ef-86ea-ed471642b1c5" />
      <TestMethod codeBase="C:/Development Projects/ENN/TestSuite/bin/Debug/TestSuite.DLL" adapterTypeName="Microsoft.VisualStudio.TestTools.TestTypes.Unit.UnitTestAdapter, Microsoft.VisualStudio.QualityTools.Tips.UnitTest.Adapter, Version=10.0.0.0, Culture=neutral, PublicKeyToken=b03f5f7f11d50a3a" className="TestSuite.Runtime.Tools.SettingsTest, TestSuite, Version=1.0.0.0, Culture=neutral, PublicKeyToken=null" name="SaveBinary" />
    </UnitTest>
    <UnitTest name="LoadText" storage="c:\development projects\enn\testsuite\bin\debug\testsuite.dll" id="251000d6-201c-3225-045e-6c6286bebe71">
      <Execution id="8a09e57d-0541-4feb-810a-b399d98baa6d" />
      <TestMethod codeBase="C:/Development Projects/ENN/TestSuite/bin/Debug/TestSuite.DLL" adapterTypeName="Microsoft.VisualStudio.TestTools.TestTypes.Unit.UnitTestAdapter, Microsoft.VisualStudio.QualityTools.Tips.UnitTest.Adapter, Version=10.0.0.0, Culture=neutral, PublicKeyToken=b03f5f7f11d50a3a" className="TestSuite.Runtime.Tools.SettingsTest, TestSuite, Version=1.0.0.0, Culture=neutral, PublicKeyToken=null" name="LoadText" />
    </UnitTest>
    <UnitTest name="LoadBinary" storage="c:\development projects\enn\testsuite\bin\debug\testsuite.dll" id="40106dd3-beba-9df5-cc22-1a96a2f12a80">
      <Execution id="bfa075d2-9353-4b4c-95c5-0eab3e0ec2b3" />
      <TestMethod codeBase="C:/Development Projects/ENN/TestSuite/bin/Debug/TestSuite.DLL" adapterTypeName="Microsoft.VisualStudio.TestTools.TestTypes.Unit.UnitTestAdapter, Microsoft.VisualStudio.QualityTools.Tips.UnitTest.Adapter, Version=10.0.0.0, Culture=neutral, PublicKeyToken=b03f5f7f11d50a3a" className="TestSuite.Runtime.Tools.SettingsTest, TestSuite, Version=1.0.0.0, Culture=neutral, PublicKeyToken=null" name="LoadBinary" />
    </UnitTest>
    <UnitTest name="SaveTextTest" storage="c:\development projects\enn\testsuite\bin\debug\testsuite.dll" id="5fe0a59d-da3d-e0ca-00f1-7f42f1b72b3d">
      <Execution id="393179cb-0b14-466b-9db9-baca5f3c641f" />
      <TestMethod codeBase="C:/Development Projects/ENN/TestSuite/bin/Debug/TestSuite.DLL" adapterTypeName="Microsoft.VisualStudio.TestTools.TestTypes.Unit.UnitTestAdapter, Microsoft.VisualStudio.QualityTools.Tips.UnitTest.Adapter, Version=10.0.0.0, Culture=neutral, PublicKeyToken=b03f5f7f11d50a3a" className="TestSuite.Runtime.Tools.TopologyTest, TestSuite, Version=1.0.0.0, Culture=neutral, PublicKeyToken=null" name="SaveTextTest" />
    </UnitTest>
    <UnitTest name="SaveLoadBinaryTest" storage="c:\development projects\enn\testsuite\bin\debug\testsuite.dll" id="7809094d-33f4-45e7-b7ae-cef1ad197ec5">
      <Execution id="0bef2367-9edc-49cf-8a89-0f0241ee4e04" />
      <TestMethod codeBase="C:/Development Projects/ENN/TestSuite/bin/Debug/TestSuite.DLL" adapterTypeName="Microsoft.VisualStudio.TestTools.TestTypes.Unit.UnitTestAdapter, Microsoft.VisualStudio.QualityTools.Tips.UnitTest.Adapter, Version=10.0.0.0, Culture=neutral, PublicKeyToken=b03f5f7f11d50a3a" className="TestSuite.Runtime.Tools.TopologyTest, TestSuite, Version=1.0.0.0, Culture=neutral, PublicKeyToken=null" name="SaveLoadBinaryTest" />
    </UnitTest>
    <UnitTest name="LoadTextTest" storage="c:\development projects\enn\testsuite\bin\debug\testsuite.dll" id="91413c2e-76dd-9dca-f643-52fa9133df7b">
      <Execution id="5fe2609b-5b27-479c-8df6-cff9586dcb53" />
      <TestMethod codeBase="C:/Development Projects/ENN/TestSuite/bin/Debug/TestSuite.DLL" adapterTypeName="Microsoft.VisualStudio.TestTools.TestTypes.Unit.UnitTestAdapter, Microsoft.VisualStudio.QualityTools.Tips.UnitTest.Adapter, Version=10.0.0.0, Culture=neutral, PublicKeyToken=b03f5f7f11d50a3a" className="TestSuite.Runtime.Tools.TopologyTest, TestSuite, Version=1.0.0.0, Culture=neutral, PublicKeyToken=null" name="LoadTextTest" />
    </UnitTest>
    <UnitTest name="SaveText" storage="c:\development projects\enn\testsuite\bin\debug\testsuite.dll" id="d1ed5f65-7462-12a5-4bb7-93f22baf2269">
      <Execution id="b4703bd9-c792-497b-975b-618468ab8402" />
      <TestMethod codeBase="C:/Development Projects/ENN/TestSuite/bin/Debug/TestSuite.DLL" adapterTypeName="Microsoft.VisualStudio.TestTools.TestTypes.Unit.UnitTestAdapter, Microsoft.VisualStudio.QualityTools.Tips.UnitTest.Adapter, Version=10.0.0.0, Culture=neutral, PublicKeyToken=b03f5f7f11d50a3a" className="TestSuite.Runtime.Tools.SettingsTest, TestSuite, Version=1.0.0.0, Culture=neutral, PublicKeyToken=null" name="SaveText" />
    </UnitTest>
  </TestDefinitions>
  <TestLists>
    <TestList name="Results Not in a List" id="8c84fa94-04c1-424b-9868-57a2d4851a1d" />
    <TestList name="All Loaded Results" id="19431567-8539-422a-85d7-44ee4e166bda" />
  </TestLists>
  <TestEntries>
    <TestEntry testId="251000d6-201c-3225-045e-6c6286bebe71" executionId="8a09e57d-0541-4feb-810a-b399d98baa6d" testListId="8c84fa94-04c1-424b-9868-57a2d4851a1d" />
    <TestEntry testId="2b646a67-1fef-7913-755f-b25bbfd6c4ea" executionId="db172800-b29f-46ef-86ea-ed471642b1c5" testListId="8c84fa94-04c1-424b-9868-57a2d4851a1d" />
    <TestEntry testId="40106dd3-beba-9df5-cc22-1a96a2f12a80" executionId="bfa075d2-9353-4b4c-95c5-0eab3e0ec2b3" testListId="8c84fa94-04c1-424b-9868-57a2d4851a1d" />
    <TestEntry testId="5fe0a59d-da3d-e0ca-00f1-7f42f1b72b3d" executionId="393179cb-0b14-466b-9db9-baca5f3c641f" testListId="8c84fa94-04c1-424b-9868-57a2d4851a1d" />
    <TestEntry testId="7809094d-33f4-45e7-b7ae-cef1ad197ec5" executionId="0bef2367-9edc-49cf-8a89-0f0241ee4e04" testListId="8c84fa94-04c1-424b-9868-57a2d4851a1d" />
    <TestEntry testId="91413c2e-76dd-9dca-f643-52fa9133df7b" executionId="5fe2609b-5b27-479c-8df6-cff9586dcb53" testListId="8c84fa94-04c1-424b-9868-57a2d4851a1d" />
    <TestEntry testId="d1ed5f65-7462-12a5-4bb7-93f22baf2269" executionId="b4703bd9-c792-497b-975b-618468ab8402" testListId="8c84fa94-04c1-424b-9868-57a2d4851a1d" />
  </TestEntries>
  <Results>
    <UnitTestResult executionId="8a09e57d-0541-4feb-810a-b399d98baa6d" testId="251000d6-201c-3225-045e-6c6286bebe71" testName="LoadText" computerName="LIL-MONEY-PIT" duration="00:00:00.0547262" startTime="2012-01-27T00:08:44.6181944-05:00" endTime="2012-01-27T00:08:44.8562080-05:00" testType="13cdc9d9-ddb5-4fa4-a97d-d965ccfc6d4b" outcome="Failed" testListId="8c84fa94-04c1-424b-9868-57a2d4851a1d" relativeResultsDirectory="8a09e57d-0541-4feb-810a-b399d98baa6d">
      <Output>
        <ErrorInfo>
          <Message>Assert.AreEqual failed. Expected:&lt;Mode: Computational
Network Type: Evolving
User Binary Location: UserBin\TestUserBinary.dll
User Binary Name: TestBinary
Use User Binary: True
Default Input Layer: BasicInputLayer
Default Node: BasicNode
Default Node Layer: BasicNodeLayer
Default OutputLayer: BasicOutputLayer
Timing Enabled: False
Training Iterations: 10000
Training Accuracy: 0.9
Training Point: 25
&gt;. Actual:&lt;Mode: Computational
Network Type: Evolving
User Binary Location: UserBin\TestUserBinary.dll
User Binary Name: TestBinary
Use User Binary: False
Default Input Layer: BasicInputLayer
Default Node: BasicNode
Default Node Layer: BasicNodeLayer
Default OutputLayer: BasicOutputLayer
Timing Enabled: True
Training Iterations: 10000
Training Accuracy: 0.9
Training Point: 25
useuserbinary: true
version: 1.0
&gt;. </Message>
          <StackTrace>   at TestSuite.Runtime.Tools.SettingsTest.LoadText() in C:\Development Projects\ENN\TestSuite\Runtime\Tools\SettingsTest.cs:line 47
</StackTrace>
        </ErrorInfo>
      </Output>
    </UnitTestResult>
    <UnitTestResult executionId="db172800-b29f-46ef-86ea-ed471642b1c5" testId="2b646a67-1fef-7913-755f-b25bbfd6c4ea" testName="SaveBinary" computerName="LIL-MONEY-PIT" duration="00:00:00.0001582" startTime="2012-01-27T00:08:44.8582081-05:00" endTime="2012-01-27T00:08:44.8612083-05:00" testType="13cdc9d9-ddb5-4fa4-a97d-d965ccfc6d4b" outcome="Passed" testListId="8c84fa94-04c1-424b-9868-57a2d4851a1d" relativeResultsDirectory="db172800-b29f-46ef-86ea-ed471642b1c5">
    </UnitTestResult>
    <UnitTestResult executionId="bfa075d2-9353-4b4c-95c5-0eab3e0ec2b3" testId="40106dd3-beba-9df5-cc22-1a96a2f12a80" testName="LoadBinary" computerName="LIL-MONEY-PIT" duration="00:00:00.0001362" startTime="2012-01-27T00:08:44.8632084-05:00" endTime="2012-01-27T00:08:44.8652085-05:00" testType="13cdc9d9-ddb5-4fa4-a97d-d965ccfc6d4b" outcome="Passed" testListId="8c84fa94-04c1-424b-9868-57a2d4851a1d" relativeResultsDirectory="bfa075d2-9353-4b4c-95c5-0eab3e0ec2b3">
    </UnitTestResult>
    <UnitTestResult executionId="393179cb-0b14-466b-9db9-baca5f3c641f" testId="5fe0a59d-da3d-e0ca-00f1-7f42f1b72b3d" testName="SaveTextTest" computerName="LIL-MONEY-PIT" duration="00:00:00.0209658" startTime="2012-01-27T00:08:44.8672086-05:00" endTime="2012-01-27T00:08:44.8912100-05:00" testType="13cdc9d9-ddb5-4fa4-a97d-d965ccfc6d4b" outcome="Passed" testListId="8c84fa94-04c1-424b-9868-57a2d4851a1d" relativeResultsDirectory="393179cb-0b14-466b-9db9-baca5f3c641f">
    </UnitTestResult>
    <UnitTestResult executionId="0bef2367-9edc-49cf-8a89-0f0241ee4e04" testId="7809094d-33f4-45e7-b7ae-cef1ad197ec5" testName="SaveLoadBinaryTest" computerName="LIL-MONEY-PIT" duration="00:00:00.0108245" startTime="2012-01-27T00:08:44.8932101-05:00" endTime="2012-01-27T00:08:44.9062108-05:00" testType="13cdc9d9-ddb5-4fa4-a97d-d965ccfc6d4b" outcome="Passed" testListId="8c84fa94-04c1-424b-9868-57a2d4851a1d" relativeResultsDirectory="0bef2367-9edc-49cf-8a89-0f0241ee4e04">
    </UnitTestResult>
    <UnitTestResult executionId="5fe2609b-5b27-479c-8df6-cff9586dcb53" testId="91413c2e-76dd-9dca-f643-52fa9133df7b" testName="LoadTextTest" computerName="LIL-MONEY-PIT" duration="00:00:00.0005870" startTime="2012-01-27T00:08:44.9082109-05:00" endTime="2012-01-27T00:08:44.9122112-05:00" testType="13cdc9d9-ddb5-4fa4-a97d-d965ccfc6d4b" outcome="Passed" testListId="8c84fa94-04c1-424b-9868-57a2d4851a1d" relativeResultsDirectory="5fe2609b-5b27-479c-8df6-cff9586dcb53">
    </UnitTestResult>
    <UnitTestResult executionId="b4703bd9-c792-497b-975b-618468ab8402" testId="d1ed5f65-7462-12a5-4bb7-93f22baf2269" testName="SaveText" computerName="LIL-MONEY-PIT" duration="00:00:00.0001420" startTime="2012-01-27T00:08:44.9142113-05:00" endTime="2012-01-27T00:08:44.9172115-05:00" testType="13cdc9d9-ddb5-4fa4-a97d-d965ccfc6d4b" outcome="Passed" testListId="8c84fa94-04c1-424b-9868-57a2d4851a1d" relativeResultsDirectory="b4703bd9-c792-497b-975b-618468ab8402">
    </UnitTestResult>
  </Results>
</TestRun>