<?xml version="1.0" encoding="UTF-8"?>
<TestRun id="d91d7800-9474-47b5-9669-ceb5a15ba86c" name="skynryd9@LIL-MONEY-PIT 2012-02-01 16:41:36" runUser="Lil-Money-Pit\skynryd9" xmlns="http://microsoft.com/schemas/VisualStudio/TeamTest/2010">
  <TestSettings name="Local" id="edb481bb-0340-4d08-a79e-041a6ff1b069">
    <Description>These are default test settings for a local test run.</Description>
    <Deployment enabled="false" runDeploymentRoot="skynryd9_LIL-MONEY-PIT 2012-02-01 16_41_36">
      <DeploymentItem filename="C:\Development Projects\ENN\ENN\bin\Debug\UserBin\TestUserBinary.dll" />
      <DeploymentItem filename="C:\Development Projects\ENN\ENN.Framework\bin\Debug\ENN.Framework.dll" />
    </Deployment>
    <Execution>
      <TestTypeSpecific />
      <AgentRule name="Execution Agents">
      </AgentRule>
    </Execution>
  </TestSettings>
  <Times creation="2012-02-01T16:41:36.6835790-05:00" queuing="2012-02-01T16:41:36.7745843-05:00" start="2012-02-01T16:41:36.7935853-05:00" finish="2012-02-01T16:41:37.2186096-05:00" />
  <ResultSummary outcome="Failed">
    <Counters total="16" executed="16" passed="15" error="0" failed="1" timeout="0" aborted="0" inconclusive="0" passedButRunAborted="0" notRunnable="0" notExecuted="0" disconnected="0" warning="0" completed="0" inProgress="0" pending="0" />
  </ResultSummary>
  <TestDefinitions>
    <UnitTest name="SimpleAlgebraTest" storage="c:\development projects\enn\testsuite\bin\debug\testsuite.dll" id="792cef7e-de8b-0ac6-a844-fe24d4cd88a7">
      <Execution id="10f923d0-7643-4ac9-ba8a-1ba7127b6b97" />
      <TestMethod codeBase="C:/Development Projects/ENN/TestSuite/bin/Debug/TestSuite.DLL" adapterTypeName="Microsoft.VisualStudio.TestTools.TestTypes.Unit.UnitTestAdapter, Microsoft.VisualStudio.QualityTools.Tips.UnitTest.Adapter, Version=10.0.0.0, Culture=neutral, PublicKeyToken=b03f5f7f11d50a3a" className="TestSuite.Runtime.SigmoidFunctionsTest, TestSuite, Version=1.0.0.0, Culture=neutral, PublicKeyToken=null" name="SimpleAlgebraTest" />
    </UnitTest>
    <UnitTest name="GeneralizedLogisticTest" storage="c:\development projects\enn\testsuite\bin\debug\testsuite.dll" id="0e6d1b38-b06d-0bf7-032c-34acbd831cfe">
      <Execution id="4e6e1c64-f589-46d9-ae68-6638879fc475" />
      <TestMethod codeBase="C:/Development Projects/ENN/TestSuite/bin/Debug/TestSuite.DLL" adapterTypeName="Microsoft.VisualStudio.TestTools.TestTypes.Unit.UnitTestAdapter, Microsoft.VisualStudio.QualityTools.Tips.UnitTest.Adapter, Version=10.0.0.0, Culture=neutral, PublicKeyToken=b03f5f7f11d50a3a" className="TestSuite.Runtime.SigmoidFunctionsTest, TestSuite, Version=1.0.0.0, Culture=neutral, PublicKeyToken=null" name="GeneralizedLogisticTest" />
    </UnitTest>
    <UnitTest name="LoadText" storage="c:\development projects\enn\testsuite\bin\debug\testsuite.dll" id="251000d6-201c-3225-045e-6c6286bebe71">
      <Execution id="962e2385-39db-48dc-abbb-cef7aa806bcf" />
      <TestMethod codeBase="C:/Development Projects/ENN/TestSuite/bin/Debug/TestSuite.DLL" adapterTypeName="Microsoft.VisualStudio.TestTools.TestTypes.Unit.UnitTestAdapter, Microsoft.VisualStudio.QualityTools.Tips.UnitTest.Adapter, Version=10.0.0.0, Culture=neutral, PublicKeyToken=b03f5f7f11d50a3a" className="TestSuite.Runtime.Tools.SettingsTest, TestSuite, Version=1.0.0.0, Culture=neutral, PublicKeyToken=null" name="LoadText" />
    </UnitTest>
    <UnitTest name="SaveLoadBinaryTest" storage="c:\development projects\enn\testsuite\bin\debug\testsuite.dll" id="7809094d-33f4-45e7-b7ae-cef1ad197ec5">
      <Execution id="80aa541e-53c7-4925-853b-799982d87541" />
      <TestMethod codeBase="C:/Development Projects/ENN/TestSuite/bin/Debug/TestSuite.DLL" adapterTypeName="Microsoft.VisualStudio.TestTools.TestTypes.Unit.UnitTestAdapter, Microsoft.VisualStudio.QualityTools.Tips.UnitTest.Adapter, Version=10.0.0.0, Culture=neutral, PublicKeyToken=b03f5f7f11d50a3a" className="TestSuite.Runtime.Tools.TopologyTest, TestSuite, Version=1.0.0.0, Culture=neutral, PublicKeyToken=null" name="SaveLoadBinaryTest" />
    </UnitTest>
    <UnitTest name="SaveText" storage="c:\development projects\enn\testsuite\bin\debug\testsuite.dll" id="d1ed5f65-7462-12a5-4bb7-93f22baf2269">
      <Execution id="1d749122-3658-4484-ab88-33f5615faa48" />
      <TestMethod codeBase="C:/Development Projects/ENN/TestSuite/bin/Debug/TestSuite.DLL" adapterTypeName="Microsoft.VisualStudio.TestTools.TestTypes.Unit.UnitTestAdapter, Microsoft.VisualStudio.QualityTools.Tips.UnitTest.Adapter, Version=10.0.0.0, Culture=neutral, PublicKeyToken=b03f5f7f11d50a3a" className="TestSuite.Runtime.Tools.SettingsTest, TestSuite, Version=1.0.0.0, Culture=neutral, PublicKeyToken=null" name="SaveText" />
    </UnitTest>
    <UnitTest name="WeightsTest" storage="c:\development projects\enn\testsuite\bin\debug\testsuite.dll" id="56505b5f-896b-db28-949a-5aa770ed8421">
      <Execution id="a6b32faf-0bdd-40e5-87f1-6bfee9cff57a" />
      <TestMethod codeBase="C:/Development Projects/ENN/TestSuite/bin/Debug/TestSuite.DLL" adapterTypeName="Microsoft.VisualStudio.TestTools.TestTypes.Unit.UnitTestAdapter, Microsoft.VisualStudio.QualityTools.Tips.UnitTest.Adapter, Version=10.0.0.0, Culture=neutral, PublicKeyToken=b03f5f7f11d50a3a" className="TestSuite.Runtime.BasicNodeTest, TestSuite, Version=1.0.0.0, Culture=neutral, PublicKeyToken=null" name="WeightsTest" />
    </UnitTest>
    <UnitTest name="SaveLoadBinary" storage="c:\development projects\enn\testsuite\bin\debug\testsuite.dll" id="26cf318a-7fd7-86c5-b025-e6f47e9d78ca">
      <Execution id="019498e9-8b53-40d0-babd-89139fd8f4f0" />
      <TestMethod codeBase="C:/Development Projects/ENN/TestSuite/bin/Debug/TestSuite.DLL" adapterTypeName="Microsoft.VisualStudio.TestTools.TestTypes.Unit.UnitTestAdapter, Microsoft.VisualStudio.QualityTools.Tips.UnitTest.Adapter, Version=10.0.0.0, Culture=neutral, PublicKeyToken=b03f5f7f11d50a3a" className="TestSuite.Runtime.Tools.SettingsTest, TestSuite, Version=1.0.0.0, Culture=neutral, PublicKeyToken=null" name="SaveLoadBinary" />
    </UnitTest>
    <UnitTest name="LoadTextTest" storage="c:\development projects\enn\testsuite\bin\debug\testsuite.dll" id="91413c2e-76dd-9dca-f643-52fa9133df7b">
      <Execution id="d32acf0e-7e6d-45f7-b1ba-b3ca18974a90" />
      <TestMethod codeBase="C:/Development Projects/ENN/TestSuite/bin/Debug/TestSuite.DLL" adapterTypeName="Microsoft.VisualStudio.TestTools.TestTypes.Unit.UnitTestAdapter, Microsoft.VisualStudio.QualityTools.Tips.UnitTest.Adapter, Version=10.0.0.0, Culture=neutral, PublicKeyToken=b03f5f7f11d50a3a" className="TestSuite.Runtime.Tools.TopologyTest, TestSuite, Version=1.0.0.0, Culture=neutral, PublicKeyToken=null" name="LoadTextTest" />
    </UnitTest>
    <UnitTest name="LogisticTest" storage="c:\development projects\enn\testsuite\bin\debug\testsuite.dll" id="7dd4e77c-7264-6ef4-1008-777f833c6760">
      <Execution id="4850cc6a-eabc-4ea5-b625-5f61bcc60d5f" />
      <TestMethod codeBase="C:/Development Projects/ENN/TestSuite/bin/Debug/TestSuite.DLL" adapterTypeName="Microsoft.VisualStudio.TestTools.TestTypes.Unit.UnitTestAdapter, Microsoft.VisualStudio.QualityTools.Tips.UnitTest.Adapter, Version=10.0.0.0, Culture=neutral, PublicKeyToken=b03f5f7f11d50a3a" className="TestSuite.Runtime.SigmoidFunctionsTest, TestSuite, Version=1.0.0.0, Culture=neutral, PublicKeyToken=null" name="LogisticTest" />
    </UnitTest>
    <UnitTest name="GetValueTest" storage="c:\development projects\enn\testsuite\bin\debug\testsuite.dll" id="2319df9d-0e3d-4e3b-170c-489339715346">
      <Execution id="08de5930-90a4-4ff2-9cd0-309b1bf19c11" />
      <TestMethod codeBase="C:/Development Projects/ENN/TestSuite/bin/Debug/TestSuite.DLL" adapterTypeName="Microsoft.VisualStudio.TestTools.TestTypes.Unit.UnitTestAdapter, Microsoft.VisualStudio.QualityTools.Tips.UnitTest.Adapter, Version=10.0.0.0, Culture=neutral, PublicKeyToken=b03f5f7f11d50a3a" className="TestSuite.Runtime.BasicNodeTest, TestSuite, Version=1.0.0.0, Culture=neutral, PublicKeyToken=null" name="GetValueTest" />
    </UnitTest>
    <UnitTest name="ModifiedLogisticTest" storage="c:\development projects\enn\testsuite\bin\debug\testsuite.dll" id="f590dcde-57c2-4844-9cad-2fe602dec5de">
      <Execution id="dabbe43c-a85f-406c-a2cd-b60ce38e5517" />
      <TestMethod codeBase="C:/Development Projects/ENN/TestSuite/bin/Debug/TestSuite.DLL" adapterTypeName="Microsoft.VisualStudio.TestTools.TestTypes.Unit.UnitTestAdapter, Microsoft.VisualStudio.QualityTools.Tips.UnitTest.Adapter, Version=10.0.0.0, Culture=neutral, PublicKeyToken=b03f5f7f11d50a3a" className="TestSuite.Runtime.SigmoidFunctionsTest, TestSuite, Version=1.0.0.0, Culture=neutral, PublicKeyToken=null" name="ModifiedLogisticTest" />
    </UnitTest>
    <UnitTest name="GeneralizedLogisticTest1" storage="c:\development projects\enn\testsuite\bin\debug\testsuite.dll" id="ff4ad6f6-4cbb-7229-fbd4-444874289508">
      <Execution id="27a786c5-23d3-4e85-91be-a7cc74065d7a" />
      <TestMethod codeBase="C:/Development Projects/ENN/TestSuite/bin/Debug/TestSuite.DLL" adapterTypeName="Microsoft.VisualStudio.TestTools.TestTypes.Unit.UnitTestAdapter, Microsoft.VisualStudio.QualityTools.Tips.UnitTest.Adapter, Version=10.0.0.0, Culture=neutral, PublicKeyToken=b03f5f7f11d50a3a" className="TestSuite.Runtime.SigmoidFunctionsTest, TestSuite, Version=1.0.0.0, Culture=neutral, PublicKeyToken=null" name="GeneralizedLogisticTest1" />
    </UnitTest>
    <UnitTest name="MetaDataTest" storage="c:\development projects\enn\testsuite\bin\debug\testsuite.dll" id="84139ec4-03ef-0b1f-410c-ed34ad1e61a7">
      <Execution id="5c3edae9-589f-46d6-87f5-ecf83232dd11" />
      <TestMethod codeBase="C:/Development Projects/ENN/TestSuite/bin/Debug/TestSuite.DLL" adapterTypeName="Microsoft.VisualStudio.TestTools.TestTypes.Unit.UnitTestAdapter, Microsoft.VisualStudio.QualityTools.Tips.UnitTest.Adapter, Version=10.0.0.0, Culture=neutral, PublicKeyToken=b03f5f7f11d50a3a" className="TestSuite.Runtime.BasicNodeTest, TestSuite, Version=1.0.0.0, Culture=neutral, PublicKeyToken=null" name="MetaDataTest" />
    </UnitTest>
    <UnitTest name="EqualsTest" storage="c:\development projects\enn\testsuite\bin\debug\testsuite.dll" id="771f593f-e636-6035-a459-8163b178bcfa">
      <Execution id="7aa2564b-9249-4b62-86d9-0d75f5615ab5" />
      <TestMethod codeBase="C:/Development Projects/ENN/TestSuite/bin/Debug/TestSuite.DLL" adapterTypeName="Microsoft.VisualStudio.TestTools.TestTypes.Unit.UnitTestAdapter, Microsoft.VisualStudio.QualityTools.Tips.UnitTest.Adapter, Version=10.0.0.0, Culture=neutral, PublicKeyToken=b03f5f7f11d50a3a" className="TestSuite.Runtime.BasicNodeTest, TestSuite, Version=1.0.0.0, Culture=neutral, PublicKeyToken=null" name="EqualsTest" />
    </UnitTest>
    <UnitTest name="HyperbolicTangentTest" storage="c:\development projects\enn\testsuite\bin\debug\testsuite.dll" id="dd120e22-c30c-9c60-6bde-948198bc12d2">
      <Execution id="c8cbcd4e-e0c3-4c6c-81bb-08960ef18adf" />
      <TestMethod codeBase="C:/Development Projects/ENN/TestSuite/bin/Debug/TestSuite.DLL" adapterTypeName="Microsoft.VisualStudio.TestTools.TestTypes.Unit.UnitTestAdapter, Microsoft.VisualStudio.QualityTools.Tips.UnitTest.Adapter, Version=10.0.0.0, Culture=neutral, PublicKeyToken=b03f5f7f11d50a3a" className="TestSuite.Runtime.SigmoidFunctionsTest, TestSuite, Version=1.0.0.0, Culture=neutral, PublicKeyToken=null" name="HyperbolicTangentTest" />
    </UnitTest>
    <UnitTest name="SaveTextTest" storage="c:\development projects\enn\testsuite\bin\debug\testsuite.dll" id="5fe0a59d-da3d-e0ca-00f1-7f42f1b72b3d">
      <Execution id="6a5f38b6-e8f9-439d-af28-f3acb4bffd62" />
      <TestMethod codeBase="C:/Development Projects/ENN/TestSuite/bin/Debug/TestSuite.DLL" adapterTypeName="Microsoft.VisualStudio.TestTools.TestTypes.Unit.UnitTestAdapter, Microsoft.VisualStudio.QualityTools.Tips.UnitTest.Adapter, Version=10.0.0.0, Culture=neutral, PublicKeyToken=b03f5f7f11d50a3a" className="TestSuite.Runtime.Tools.TopologyTest, TestSuite, Version=1.0.0.0, Culture=neutral, PublicKeyToken=null" name="SaveTextTest" />
    </UnitTest>
  </TestDefinitions>
  <TestLists>
    <TestList name="Results Not in a List" id="8c84fa94-04c1-424b-9868-57a2d4851a1d" />
    <TestList name="All Loaded Results" id="19431567-8539-422a-85d7-44ee4e166bda" />
  </TestLists>
  <TestEntries>
    <TestEntry testId="0e6d1b38-b06d-0bf7-032c-34acbd831cfe" executionId="4e6e1c64-f589-46d9-ae68-6638879fc475" testListId="8c84fa94-04c1-424b-9868-57a2d4851a1d" />
    <TestEntry testId="2319df9d-0e3d-4e3b-170c-489339715346" executionId="08de5930-90a4-4ff2-9cd0-309b1bf19c11" testListId="8c84fa94-04c1-424b-9868-57a2d4851a1d" />
    <TestEntry testId="251000d6-201c-3225-045e-6c6286bebe71" executionId="962e2385-39db-48dc-abbb-cef7aa806bcf" testListId="8c84fa94-04c1-424b-9868-57a2d4851a1d" />
    <TestEntry testId="26cf318a-7fd7-86c5-b025-e6f47e9d78ca" executionId="019498e9-8b53-40d0-babd-89139fd8f4f0" testListId="8c84fa94-04c1-424b-9868-57a2d4851a1d" />
    <TestEntry testId="56505b5f-896b-db28-949a-5aa770ed8421" executionId="a6b32faf-0bdd-40e5-87f1-6bfee9cff57a" testListId="8c84fa94-04c1-424b-9868-57a2d4851a1d" />
    <TestEntry testId="5fe0a59d-da3d-e0ca-00f1-7f42f1b72b3d" executionId="6a5f38b6-e8f9-439d-af28-f3acb4bffd62" testListId="8c84fa94-04c1-424b-9868-57a2d4851a1d" />
    <TestEntry testId="771f593f-e636-6035-a459-8163b178bcfa" executionId="7aa2564b-9249-4b62-86d9-0d75f5615ab5" testListId="8c84fa94-04c1-424b-9868-57a2d4851a1d" />
    <TestEntry testId="7809094d-33f4-45e7-b7ae-cef1ad197ec5" executionId="80aa541e-53c7-4925-853b-799982d87541" testListId="8c84fa94-04c1-424b-9868-57a2d4851a1d" />
    <TestEntry testId="792cef7e-de8b-0ac6-a844-fe24d4cd88a7" executionId="10f923d0-7643-4ac9-ba8a-1ba7127b6b97" testListId="8c84fa94-04c1-424b-9868-57a2d4851a1d" />
    <TestEntry testId="7dd4e77c-7264-6ef4-1008-777f833c6760" executionId="4850cc6a-eabc-4ea5-b625-5f61bcc60d5f" testListId="8c84fa94-04c1-424b-9868-57a2d4851a1d" />
    <TestEntry testId="84139ec4-03ef-0b1f-410c-ed34ad1e61a7" executionId="5c3edae9-589f-46d6-87f5-ecf83232dd11" testListId="8c84fa94-04c1-424b-9868-57a2d4851a1d" />
    <TestEntry testId="91413c2e-76dd-9dca-f643-52fa9133df7b" executionId="d32acf0e-7e6d-45f7-b1ba-b3ca18974a90" testListId="8c84fa94-04c1-424b-9868-57a2d4851a1d" />
    <TestEntry testId="d1ed5f65-7462-12a5-4bb7-93f22baf2269" executionId="1d749122-3658-4484-ab88-33f5615faa48" testListId="8c84fa94-04c1-424b-9868-57a2d4851a1d" />
    <TestEntry testId="dd120e22-c30c-9c60-6bde-948198bc12d2" executionId="c8cbcd4e-e0c3-4c6c-81bb-08960ef18adf" testListId="8c84fa94-04c1-424b-9868-57a2d4851a1d" />
    <TestEntry testId="f590dcde-57c2-4844-9cad-2fe602dec5de" executionId="dabbe43c-a85f-406c-a2cd-b60ce38e5517" testListId="8c84fa94-04c1-424b-9868-57a2d4851a1d" />
    <TestEntry testId="ff4ad6f6-4cbb-7229-fbd4-444874289508" executionId="27a786c5-23d3-4e85-91be-a7cc74065d7a" testListId="8c84fa94-04c1-424b-9868-57a2d4851a1d" />
  </TestEntries>
  <Results>
    <UnitTestResult executionId="4e6e1c64-f589-46d9-ae68-6638879fc475" testId="0e6d1b38-b06d-0bf7-032c-34acbd831cfe" testName="GeneralizedLogisticTest" computerName="LIL-MONEY-PIT" duration="00:00:00.0114559" startTime="2012-02-01T16:41:36.7965855-05:00" endTime="2012-02-01T16:41:37.0105978-05:00" testType="13cdc9d9-ddb5-4fa4-a97d-d965ccfc6d4b" outcome="Passed" testListId="8c84fa94-04c1-424b-9868-57a2d4851a1d" relativeResultsDirectory="4e6e1c64-f589-46d9-ae68-6638879fc475">
    </UnitTestResult>
    <UnitTestResult executionId="08de5930-90a4-4ff2-9cd0-309b1bf19c11" testId="2319df9d-0e3d-4e3b-170c-489339715346" testName="GetValueTest" computerName="LIL-MONEY-PIT" duration="00:00:00.0009546" startTime="2012-02-01T16:41:37.0145980-05:00" endTime="2012-02-01T16:41:37.0175982-05:00" testType="13cdc9d9-ddb5-4fa4-a97d-d965ccfc6d4b" outcome="Passed" testListId="8c84fa94-04c1-424b-9868-57a2d4851a1d" relativeResultsDirectory="08de5930-90a4-4ff2-9cd0-309b1bf19c11">
    </UnitTestResult>
    <UnitTestResult executionId="962e2385-39db-48dc-abbb-cef7aa806bcf" testId="251000d6-201c-3225-045e-6c6286bebe71" testName="LoadText" computerName="LIL-MONEY-PIT" duration="00:00:00.0051353" startTime="2012-02-01T16:41:37.0205983-05:00" endTime="2012-02-01T16:41:37.0285988-05:00" testType="13cdc9d9-ddb5-4fa4-a97d-d965ccfc6d4b" outcome="Passed" testListId="8c84fa94-04c1-424b-9868-57a2d4851a1d" relativeResultsDirectory="962e2385-39db-48dc-abbb-cef7aa806bcf">
    </UnitTestResult>
    <UnitTestResult executionId="019498e9-8b53-40d0-babd-89139fd8f4f0" testId="26cf318a-7fd7-86c5-b025-e6f47e9d78ca" testName="SaveLoadBinary" computerName="LIL-MONEY-PIT" duration="00:00:00.0041737" startTime="2012-02-01T16:41:37.0305989-05:00" endTime="2012-02-01T16:41:37.0375993-05:00" testType="13cdc9d9-ddb5-4fa4-a97d-d965ccfc6d4b" outcome="Passed" testListId="8c84fa94-04c1-424b-9868-57a2d4851a1d" relativeResultsDirectory="019498e9-8b53-40d0-babd-89139fd8f4f0">
    </UnitTestResult>
    <UnitTestResult executionId="a6b32faf-0bdd-40e5-87f1-6bfee9cff57a" testId="56505b5f-896b-db28-949a-5aa770ed8421" testName="WeightsTest" computerName="LIL-MONEY-PIT" duration="00:00:00.0005543" startTime="2012-02-01T16:41:37.0395994-05:00" endTime="2012-02-01T16:41:37.0415995-05:00" testType="13cdc9d9-ddb5-4fa4-a97d-d965ccfc6d4b" outcome="Passed" testListId="8c84fa94-04c1-424b-9868-57a2d4851a1d" relativeResultsDirectory="a6b32faf-0bdd-40e5-87f1-6bfee9cff57a">
    </UnitTestResult>
    <UnitTestResult executionId="6a5f38b6-e8f9-439d-af28-f3acb4bffd62" testId="5fe0a59d-da3d-e0ca-00f1-7f42f1b72b3d" testName="SaveTextTest" computerName="LIL-MONEY-PIT" duration="00:00:00.0209708" startTime="2012-02-01T16:41:37.0445997-05:00" endTime="2012-02-01T16:41:37.0676010-05:00" testType="13cdc9d9-ddb5-4fa4-a97d-d965ccfc6d4b" outcome="Passed" testListId="8c84fa94-04c1-424b-9868-57a2d4851a1d" relativeResultsDirectory="6a5f38b6-e8f9-439d-af28-f3acb4bffd62">
    </UnitTestResult>
    <UnitTestResult executionId="7aa2564b-9249-4b62-86d9-0d75f5615ab5" testId="771f593f-e636-6035-a459-8163b178bcfa" testName="EqualsTest" computerName="LIL-MONEY-PIT" duration="00:00:00.0005027" startTime="2012-02-01T16:41:37.0706012-05:00" endTime="2012-02-01T16:41:37.0736014-05:00" testType="13cdc9d9-ddb5-4fa4-a97d-d965ccfc6d4b" outcome="Passed" testListId="8c84fa94-04c1-424b-9868-57a2d4851a1d" relativeResultsDirectory="7aa2564b-9249-4b62-86d9-0d75f5615ab5">
    </UnitTestResult>
    <UnitTestResult executionId="80aa541e-53c7-4925-853b-799982d87541" testId="7809094d-33f4-45e7-b7ae-cef1ad197ec5" testName="SaveLoadBinaryTest" computerName="LIL-MONEY-PIT" duration="00:00:00.0094106" startTime="2012-02-01T16:41:37.0756015-05:00" endTime="2012-02-01T16:41:37.0876022-05:00" testType="13cdc9d9-ddb5-4fa4-a97d-d965ccfc6d4b" outcome="Passed" testListId="8c84fa94-04c1-424b-9868-57a2d4851a1d" relativeResultsDirectory="80aa541e-53c7-4925-853b-799982d87541">
    </UnitTestResult>
    <UnitTestResult executionId="10f923d0-7643-4ac9-ba8a-1ba7127b6b97" testId="792cef7e-de8b-0ac6-a844-fe24d4cd88a7" testName="SimpleAlgebraTest" computerName="LIL-MONEY-PIT" duration="00:00:00.0003811" startTime="2012-02-01T16:41:37.0906023-05:00" endTime="2012-02-01T16:41:37.0946026-05:00" testType="13cdc9d9-ddb5-4fa4-a97d-d965ccfc6d4b" outcome="Passed" testListId="8c84fa94-04c1-424b-9868-57a2d4851a1d" relativeResultsDirectory="10f923d0-7643-4ac9-ba8a-1ba7127b6b97">
    </UnitTestResult>
    <UnitTestResult executionId="4850cc6a-eabc-4ea5-b625-5f61bcc60d5f" testId="7dd4e77c-7264-6ef4-1008-777f833c6760" testName="LogisticTest" computerName="LIL-MONEY-PIT" duration="00:00:00.0001890" startTime="2012-02-01T16:41:37.0966027-05:00" endTime="2012-02-01T16:41:37.0996028-05:00" testType="13cdc9d9-ddb5-4fa4-a97d-d965ccfc6d4b" outcome="Passed" testListId="8c84fa94-04c1-424b-9868-57a2d4851a1d" relativeResultsDirectory="4850cc6a-eabc-4ea5-b625-5f61bcc60d5f">
    </UnitTestResult>
    <UnitTestResult executionId="5c3edae9-589f-46d6-87f5-ecf83232dd11" testId="84139ec4-03ef-0b1f-410c-ed34ad1e61a7" testName="MetaDataTest" computerName="LIL-MONEY-PIT" duration="00:00:00.0003422" startTime="2012-02-01T16:41:37.1016030-05:00" endTime="2012-02-01T16:41:37.1046031-05:00" testType="13cdc9d9-ddb5-4fa4-a97d-d965ccfc6d4b" outcome="Passed" testListId="8c84fa94-04c1-424b-9868-57a2d4851a1d" relativeResultsDirectory="5c3edae9-589f-46d6-87f5-ecf83232dd11">
    </UnitTestResult>
    <UnitTestResult executionId="d32acf0e-7e6d-45f7-b1ba-b3ca18974a90" testId="91413c2e-76dd-9dca-f643-52fa9133df7b" testName="LoadTextTest" computerName="LIL-MONEY-PIT" duration="00:00:00.0007726" startTime="2012-02-01T16:41:37.1076033-05:00" endTime="2012-02-01T16:41:37.1106035-05:00" testType="13cdc9d9-ddb5-4fa4-a97d-d965ccfc6d4b" outcome="Passed" testListId="8c84fa94-04c1-424b-9868-57a2d4851a1d" relativeResultsDirectory="d32acf0e-7e6d-45f7-b1ba-b3ca18974a90">
    </UnitTestResult>
    <UnitTestResult executionId="1d749122-3658-4484-ab88-33f5615faa48" testId="d1ed5f65-7462-12a5-4bb7-93f22baf2269" testName="SaveText" computerName="LIL-MONEY-PIT" duration="00:00:00.0658895" startTime="2012-02-01T16:41:37.1126036-05:00" endTime="2012-02-01T16:41:37.1816075-05:00" testType="13cdc9d9-ddb5-4fa4-a97d-d965ccfc6d4b" outcome="Failed" testListId="8c84fa94-04c1-424b-9868-57a2d4851a1d" relativeResultsDirectory="1d749122-3658-4484-ab88-33f5615faa48">
      <Output>
        <ErrorInfo>
          <Message>Test method TestSuite.Runtime.Tools.SettingsTest.SaveText threw exception: 
System.IO.IOException: The process cannot access the file 'C:\Development Projects\ENN\TestSuite\TestFiles\testSaveSettings.nns' because it is being used by another process.</Message>
          <StackTrace>    at System.IO.__Error.WinIOError(Int32 errorCode, String maybeFullPath)
   at System.IO.File.Delete(String path)
   at TestSuite.Runtime.Tools.SettingsTest.SaveText() in C:\Development Projects\ENN\TestSuite\Runtime\Tools\SettingsTest.cs:line 58
</StackTrace>
        </ErrorInfo>
      </Output>
    </UnitTestResult>
    <UnitTestResult executionId="c8cbcd4e-e0c3-4c6c-81bb-08960ef18adf" testId="dd120e22-c30c-9c60-6bde-948198bc12d2" testName="HyperbolicTangentTest" computerName="LIL-MONEY-PIT" duration="00:00:00.0003556" startTime="2012-02-01T16:41:37.1856078-05:00" endTime="2012-02-01T16:41:37.1896080-05:00" testType="13cdc9d9-ddb5-4fa4-a97d-d965ccfc6d4b" outcome="Passed" testListId="8c84fa94-04c1-424b-9868-57a2d4851a1d" relativeResultsDirectory="c8cbcd4e-e0c3-4c6c-81bb-08960ef18adf">
    </UnitTestResult>
    <UnitTestResult executionId="dabbe43c-a85f-406c-a2cd-b60ce38e5517" testId="f590dcde-57c2-4844-9cad-2fe602dec5de" testName="ModifiedLogisticTest" computerName="LIL-MONEY-PIT" duration="00:00:00.0003707" startTime="2012-02-01T16:41:37.1926082-05:00" endTime="2012-02-01T16:41:37.1966084-05:00" testType="13cdc9d9-ddb5-4fa4-a97d-d965ccfc6d4b" outcome="Passed" testListId="8c84fa94-04c1-424b-9868-57a2d4851a1d" relativeResultsDirectory="dabbe43c-a85f-406c-a2cd-b60ce38e5517">
    </UnitTestResult>
    <UnitTestResult executionId="27a786c5-23d3-4e85-91be-a7cc74065d7a" testId="ff4ad6f6-4cbb-7229-fbd4-444874289508" testName="GeneralizedLogisticTest1" computerName="LIL-MONEY-PIT" duration="00:00:00.0003426" startTime="2012-02-01T16:41:37.1996086-05:00" endTime="2012-02-01T16:41:37.2036088-05:00" testType="13cdc9d9-ddb5-4fa4-a97d-d965ccfc6d4b" outcome="Passed" testListId="8c84fa94-04c1-424b-9868-57a2d4851a1d" relativeResultsDirectory="27a786c5-23d3-4e85-91be-a7cc74065d7a">
    </UnitTestResult>
  </Results>
</TestRun>