<?xml version="1.0" encoding="UTF-8"?>
<TestRun id="4821ed7d-9a18-4c36-b671-fe9496da0f1e" name="skynryd9@LIL-MONEY-PIT 2012-02-01 20:35:07" runUser="Lil-Money-Pit\skynryd9" xmlns="http://microsoft.com/schemas/VisualStudio/TeamTest/2010">
  <TestSettings name="Local" id="edb481bb-0340-4d08-a79e-041a6ff1b069">
    <Description>These are default test settings for a local test run.</Description>
    <Deployment enabled="false" runDeploymentRoot="skynryd9_LIL-MONEY-PIT 2012-02-01 20_35_07">
      <DeploymentItem filename="C:\Development Projects\ENN\ENN\bin\Debug\UserBin\TestUserBinary.dll" />
      <DeploymentItem filename="C:\Development Projects\ENN\ENN.Framework\bin\Debug\ENN.Framework.dll" />
    </Deployment>
    <Execution>
      <TestTypeSpecific />
      <AgentRule name="Execution Agents">
      </AgentRule>
    </Execution>
  </TestSettings>
  <Times creation="2012-02-01T20:35:07.5369540-05:00" queuing="2012-02-01T20:35:07.6069580-05:00" start="2012-02-01T20:35:07.6119583-05:00" finish="2012-02-01T20:35:07.8829738-05:00" />
  <ResultSummary outcome="Failed">
    <Counters total="2" executed="2" passed="1" error="0" failed="1" timeout="0" aborted="0" inconclusive="0" passedButRunAborted="0" notRunnable="0" notExecuted="0" disconnected="0" warning="0" completed="0" inProgress="0" pending="0" />
  </ResultSummary>
  <TestDefinitions>
    <UnitTest name="EqualsTest" storage="c:\development projects\enn\testsuite\bin\debug\testsuite.dll" id="85d0cd34-7421-35fb-9a2f-0d638c92b910">
      <Execution id="6e0c9f24-56a2-4c68-bcbb-b86d1b10f39a" />
      <TestMethod codeBase="C:/Development Projects/ENN/TestSuite/bin/Debug/TestSuite.DLL" adapterTypeName="Microsoft.VisualStudio.TestTools.TestTypes.Unit.UnitTestAdapter, Microsoft.VisualStudio.QualityTools.Tips.UnitTest.Adapter, Version=10.0.0.0, Culture=neutral, PublicKeyToken=b03f5f7f11d50a3a" className="TestSuite.Runtime.BasicInputLayerTest, TestSuite, Version=1.0.0.0, Culture=neutral, PublicKeyToken=null" name="EqualsTest" />
    </UnitTest>
    <UnitTest name="GetValuesTest" storage="c:\development projects\enn\testsuite\bin\debug\testsuite.dll" id="54e0d563-4b58-59ab-2558-9128b3f4fd71">
      <Execution id="1e04ddb0-71f4-4d66-9f94-f5350f51bd40" />
      <TestMethod codeBase="C:/Development Projects/ENN/TestSuite/bin/Debug/TestSuite.DLL" adapterTypeName="Microsoft.VisualStudio.TestTools.TestTypes.Unit.UnitTestAdapter, Microsoft.VisualStudio.QualityTools.Tips.UnitTest.Adapter, Version=10.0.0.0, Culture=neutral, PublicKeyToken=b03f5f7f11d50a3a" className="TestSuite.Runtime.BasicInputLayerTest, TestSuite, Version=1.0.0.0, Culture=neutral, PublicKeyToken=null" name="GetValuesTest" />
    </UnitTest>
  </TestDefinitions>
  <TestLists>
    <TestList name="Results Not in a List" id="8c84fa94-04c1-424b-9868-57a2d4851a1d" />
    <TestList name="All Loaded Results" id="19431567-8539-422a-85d7-44ee4e166bda" />
  </TestLists>
  <TestEntries>
    <TestEntry testId="54e0d563-4b58-59ab-2558-9128b3f4fd71" executionId="1e04ddb0-71f4-4d66-9f94-f5350f51bd40" testListId="8c84fa94-04c1-424b-9868-57a2d4851a1d" />
    <TestEntry testId="85d0cd34-7421-35fb-9a2f-0d638c92b910" executionId="6e0c9f24-56a2-4c68-bcbb-b86d1b10f39a" testListId="8c84fa94-04c1-424b-9868-57a2d4851a1d" />
  </TestEntries>
  <Results>
    <UnitTestResult executionId="1e04ddb0-71f4-4d66-9f94-f5350f51bd40" testId="54e0d563-4b58-59ab-2558-9128b3f4fd71" testName="GetValuesTest" computerName="LIL-MONEY-PIT" duration="00:00:00.0284921" startTime="2012-02-01T20:35:07.6259591-05:00" endTime="2012-02-01T20:35:07.8599725-05:00" testType="13cdc9d9-ddb5-4fa4-a97d-d965ccfc6d4b" outcome="Failed" testListId="8c84fa94-04c1-424b-9868-57a2d4851a1d" relativeResultsDirectory="1e04ddb0-71f4-4d66-9f94-f5350f51bd40">
      <Output>
        <ErrorInfo>
          <Message>Assert.AreEqual failed. Expected:&lt;System.Single[]&gt;. Actual:&lt;System.Single[]&gt;. </Message>
          <StackTrace>   at TestSuite.Runtime.BasicInputLayerTest.GetValuesTest() in C:\Development Projects\ENN\TestSuite\Runtime\Layers\BasicInputLayerTest.cs:line 60
</StackTrace>
        </ErrorInfo>
      </Output>
    </UnitTestResult>
    <UnitTestResult executionId="6e0c9f24-56a2-4c68-bcbb-b86d1b10f39a" testId="85d0cd34-7421-35fb-9a2f-0d638c92b910" testName="EqualsTest" computerName="LIL-MONEY-PIT" duration="00:00:00.0006786" startTime="2012-02-01T20:35:07.8619726-05:00" endTime="2012-02-01T20:35:07.8659728-05:00" testType="13cdc9d9-ddb5-4fa4-a97d-d965ccfc6d4b" outcome="Passed" testListId="8c84fa94-04c1-424b-9868-57a2d4851a1d" relativeResultsDirectory="6e0c9f24-56a2-4c68-bcbb-b86d1b10f39a">
    </UnitTestResult>
  </Results>
</TestRun>