<?xml version="1.0" encoding="UTF-8"?>
<TestRun id="83813c92-ecb7-48e7-9aa5-fe2ac46e6407" name="skynryd9@LIL-MONEY-PIT 2012-03-18 20:06:56" runUser="Lil-Money-Pit\skynryd9" xmlns="http://microsoft.com/schemas/VisualStudio/TeamTest/2010">
  <TestSettings name="Local" id="edb481bb-0340-4d08-a79e-041a6ff1b069">
    <Description>These are default test settings for a local test run.</Description>
    <Deployment enabled="false" runDeploymentRoot="skynryd9_LIL-MONEY-PIT 2012-03-18 20_06_56">
      <DeploymentItem filename="C:\Development Projects\ENN\ENN\bin\Debug\UserBin\TestUserBinary.dll" />
      <DeploymentItem filename="C:\Development Projects\ENN\ENN.Framework\bin\Debug\ENN.Framework.dll" />
    </Deployment>
    <Execution hostProcessPlatform="MSIL">
      <Hosts skipUnhostableTests="false" />
      <TestTypeSpecific>
        <UnitTestRunConfig testTypeId="13cdc9d9-ddb5-4fa4-a97d-d965ccfc6d4b">
          <AssemblyResolution>
            <TestDirectory useLoadContext="true" />
          </AssemblyResolution>
        </UnitTestRunConfig>
      </TestTypeSpecific>
      <AgentRule name="Execution Agents">
      </AgentRule>
    </Execution>
  </TestSettings>
  <Times creation="2012-03-18T20:06:56.9002909-04:00" queuing="2012-03-18T20:06:57.0082971-04:00" start="2012-03-18T20:06:57.0192977-04:00" finish="2012-03-18T20:06:57.4433219-04:00" />
  <ResultSummary outcome="Completed">
    <Counters total="3" executed="3" passed="3" error="0" failed="0" timeout="0" aborted="0" inconclusive="0" passedButRunAborted="0" notRunnable="0" notExecuted="0" disconnected="0" warning="0" completed="0" inProgress="0" pending="0" />
  </ResultSummary>
  <TestDefinitions>
    <UnitTest name="ParseListTest" storage="c:\development projects\enn\testsuite\bin\debug\testsuite.dll" id="e28af217-9e05-374a-b589-3e0e31013f06">
      <Execution id="da8cab00-3a06-40d8-9b83-8f7f4a161916" />
      <TestMethod codeBase="C:/Development Projects/ENN/TestSuite/bin/Debug/TestSuite.DLL" adapterTypeName="Microsoft.VisualStudio.TestTools.TestTypes.Unit.UnitTestAdapter, Microsoft.VisualStudio.QualityTools.Tips.UnitTest.Adapter, Version=10.0.0.0, Culture=neutral, PublicKeyToken=b03f5f7f11d50a3a" className="TestSuite.Framework.StandLibFactoryTest, TestSuite, Version=1.0.0.0, Culture=neutral, PublicKeyToken=null" name="ParseListTest" />
    </UnitTest>
    <UnitTest name="getActivationFunctionTest" storage="c:\development projects\enn\testsuite\bin\debug\testsuite.dll" id="357b4346-32ed-acf9-652d-d83b6fab665a">
      <Execution id="c6d96c57-34fc-4c68-a0ab-4a83452d2118" />
      <TestMethod codeBase="C:/Development Projects/ENN/TestSuite/bin/Debug/TestSuite.DLL" adapterTypeName="Microsoft.VisualStudio.TestTools.TestTypes.Unit.UnitTestAdapter, Microsoft.VisualStudio.QualityTools.Tips.UnitTest.Adapter, Version=10.0.0.0, Culture=neutral, PublicKeyToken=b03f5f7f11d50a3a" className="TestSuite.Framework.StandLibFactoryTest, TestSuite, Version=1.0.0.0, Culture=neutral, PublicKeyToken=null" name="getActivationFunctionTest" />
    </UnitTest>
    <UnitTest name="getCombinationFunctionTest" storage="c:\development projects\enn\testsuite\bin\debug\testsuite.dll" id="349f5a51-cd4a-74bd-4680-47d19c2c213f">
      <Execution id="5ae2c1a3-e971-4af1-9cd6-d350faf1bb26" />
      <TestMethod codeBase="C:/Development Projects/ENN/TestSuite/bin/Debug/TestSuite.DLL" adapterTypeName="Microsoft.VisualStudio.TestTools.TestTypes.Unit.UnitTestAdapter, Microsoft.VisualStudio.QualityTools.Tips.UnitTest.Adapter, Version=10.0.0.0, Culture=neutral, PublicKeyToken=b03f5f7f11d50a3a" className="TestSuite.Framework.StandLibFactoryTest, TestSuite, Version=1.0.0.0, Culture=neutral, PublicKeyToken=null" name="getCombinationFunctionTest" />
    </UnitTest>
  </TestDefinitions>
  <TestLists>
    <TestList name="Results Not in a List" id="8c84fa94-04c1-424b-9868-57a2d4851a1d" />
    <TestList name="All Loaded Results" id="19431567-8539-422a-85d7-44ee4e166bda" />
  </TestLists>
  <TestEntries>
    <TestEntry testId="349f5a51-cd4a-74bd-4680-47d19c2c213f" executionId="5ae2c1a3-e971-4af1-9cd6-d350faf1bb26" testListId="8c84fa94-04c1-424b-9868-57a2d4851a1d" />
    <TestEntry testId="357b4346-32ed-acf9-652d-d83b6fab665a" executionId="c6d96c57-34fc-4c68-a0ab-4a83452d2118" testListId="8c84fa94-04c1-424b-9868-57a2d4851a1d" />
    <TestEntry testId="e28af217-9e05-374a-b589-3e0e31013f06" executionId="da8cab00-3a06-40d8-9b83-8f7f4a161916" testListId="8c84fa94-04c1-424b-9868-57a2d4851a1d" />
  </TestEntries>
  <Results>
    <UnitTestResult executionId="5ae2c1a3-e971-4af1-9cd6-d350faf1bb26" testId="349f5a51-cd4a-74bd-4680-47d19c2c213f" testName="getCombinationFunctionTest" computerName="LIL-MONEY-PIT" duration="00:00:00.0481615" startTime="2012-03-18T20:06:57.0302983-04:00" endTime="2012-03-18T20:06:57.3883188-04:00" testType="13cdc9d9-ddb5-4fa4-a97d-d965ccfc6d4b" outcome="Passed" testListId="8c84fa94-04c1-424b-9868-57a2d4851a1d" relativeResultsDirectory="5ae2c1a3-e971-4af1-9cd6-d350faf1bb26">
    </UnitTestResult>
    <UnitTestResult executionId="c6d96c57-34fc-4c68-a0ab-4a83452d2118" testId="357b4346-32ed-acf9-652d-d83b6fab665a" testName="getActivationFunctionTest" computerName="LIL-MONEY-PIT" duration="00:00:00.0017630" startTime="2012-03-18T20:06:57.3923190-04:00" endTime="2012-03-18T20:06:57.4003195-04:00" testType="13cdc9d9-ddb5-4fa4-a97d-d965ccfc6d4b" outcome="Passed" testListId="8c84fa94-04c1-424b-9868-57a2d4851a1d" relativeResultsDirectory="c6d96c57-34fc-4c68-a0ab-4a83452d2118">
    </UnitTestResult>
    <UnitTestResult executionId="da8cab00-3a06-40d8-9b83-8f7f4a161916" testId="e28af217-9e05-374a-b589-3e0e31013f06" testName="ParseListTest" computerName="LIL-MONEY-PIT" duration="00:00:00.0018631" startTime="2012-03-18T20:06:57.4043197-04:00" endTime="2012-03-18T20:06:57.4093200-04:00" testType="13cdc9d9-ddb5-4fa4-a97d-d965ccfc6d4b" outcome="Passed" testListId="8c84fa94-04c1-424b-9868-57a2d4851a1d" relativeResultsDirectory="da8cab00-3a06-40d8-9b83-8f7f4a161916">
    </UnitTestResult>
  </Results>
</TestRun>