<?xml version="1.0" encoding="UTF-8"?>
<TestRun id="df2119c1-3af2-4e8c-88df-5e58d1fdc2ef" name="skynryd9@LIL-MONEY-PIT 2012-02-01 16:32:30" runUser="Lil-Money-Pit\skynryd9" xmlns="http://microsoft.com/schemas/VisualStudio/TeamTest/2010">
  <TestSettings name="Local" id="edb481bb-0340-4d08-a79e-041a6ff1b069">
    <Description>These are default test settings for a local test run.</Description>
    <Deployment enabled="false" runDeploymentRoot="skynryd9_LIL-MONEY-PIT 2012-02-01 16_32_30">
      <DeploymentItem filename="C:\Development Projects\ENN\ENN\bin\Debug\UserBin\TestUserBinary.dll" />
      <DeploymentItem filename="C:\Development Projects\ENN\ENN.Framework\bin\Debug\ENN.Framework.dll" />
    </Deployment>
    <Execution>
      <TestTypeSpecific />
      <AgentRule name="Execution Agents">
      </AgentRule>
    </Execution>
  </TestSettings>
  <Times creation="2012-02-01T16:32:30.7433531-05:00" queuing="2012-02-01T16:32:30.8023564-05:00" start="2012-02-01T16:32:30.8113569-05:00" finish="2012-02-01T16:32:31.2183802-05:00" />
  <ResultSummary outcome="Failed">
    <Counters total="16" executed="16" passed="13" error="0" failed="3" timeout="0" aborted="0" inconclusive="0" passedButRunAborted="0" notRunnable="0" notExecuted="0" disconnected="0" warning="0" completed="0" inProgress="0" pending="0" />
  </ResultSummary>
  <TestDefinitions>
    <UnitTest name="SimpleAlgebraTest" storage="c:\development projects\enn\testsuite\bin\debug\testsuite.dll" id="792cef7e-de8b-0ac6-a844-fe24d4cd88a7">
      <Execution id="0c75e360-49e6-43be-bc8b-ab75bdf31b52" />
      <TestMethod codeBase="C:/Development Projects/ENN/TestSuite/bin/Debug/TestSuite.DLL" adapterTypeName="Microsoft.VisualStudio.TestTools.TestTypes.Unit.UnitTestAdapter, Microsoft.VisualStudio.QualityTools.Tips.UnitTest.Adapter, Version=10.0.0.0, Culture=neutral, PublicKeyToken=b03f5f7f11d50a3a" className="TestSuite.Runtime.SigmoidFunctionsTest, TestSuite, Version=1.0.0.0, Culture=neutral, PublicKeyToken=null" name="SimpleAlgebraTest" />
    </UnitTest>
    <UnitTest name="GeneralizedLogisticTest" storage="c:\development projects\enn\testsuite\bin\debug\testsuite.dll" id="0e6d1b38-b06d-0bf7-032c-34acbd831cfe">
      <Execution id="cdf1d85a-365e-4c5b-911d-8028e43f34d9" />
      <TestMethod codeBase="C:/Development Projects/ENN/TestSuite/bin/Debug/TestSuite.DLL" adapterTypeName="Microsoft.VisualStudio.TestTools.TestTypes.Unit.UnitTestAdapter, Microsoft.VisualStudio.QualityTools.Tips.UnitTest.Adapter, Version=10.0.0.0, Culture=neutral, PublicKeyToken=b03f5f7f11d50a3a" className="TestSuite.Runtime.SigmoidFunctionsTest, TestSuite, Version=1.0.0.0, Culture=neutral, PublicKeyToken=null" name="GeneralizedLogisticTest" />
    </UnitTest>
    <UnitTest name="LoadText" storage="c:\development projects\enn\testsuite\bin\debug\testsuite.dll" id="251000d6-201c-3225-045e-6c6286bebe71">
      <Execution id="1bbc5a2f-7884-4cb0-859d-e233f25750b2" />
      <TestMethod codeBase="C:/Development Projects/ENN/TestSuite/bin/Debug/TestSuite.DLL" adapterTypeName="Microsoft.VisualStudio.TestTools.TestTypes.Unit.UnitTestAdapter, Microsoft.VisualStudio.QualityTools.Tips.UnitTest.Adapter, Version=10.0.0.0, Culture=neutral, PublicKeyToken=b03f5f7f11d50a3a" className="TestSuite.Runtime.Tools.SettingsTest, TestSuite, Version=1.0.0.0, Culture=neutral, PublicKeyToken=null" name="LoadText" />
    </UnitTest>
    <UnitTest name="SaveLoadBinaryTest" storage="c:\development projects\enn\testsuite\bin\debug\testsuite.dll" id="7809094d-33f4-45e7-b7ae-cef1ad197ec5">
      <Execution id="1c2081c7-102d-4960-8e74-3f0314a6465b" />
      <TestMethod codeBase="C:/Development Projects/ENN/TestSuite/bin/Debug/TestSuite.DLL" adapterTypeName="Microsoft.VisualStudio.TestTools.TestTypes.Unit.UnitTestAdapter, Microsoft.VisualStudio.QualityTools.Tips.UnitTest.Adapter, Version=10.0.0.0, Culture=neutral, PublicKeyToken=b03f5f7f11d50a3a" className="TestSuite.Runtime.Tools.TopologyTest, TestSuite, Version=1.0.0.0, Culture=neutral, PublicKeyToken=null" name="SaveLoadBinaryTest" />
    </UnitTest>
    <UnitTest name="SaveText" storage="c:\development projects\enn\testsuite\bin\debug\testsuite.dll" id="d1ed5f65-7462-12a5-4bb7-93f22baf2269">
      <Execution id="50c264ef-a4c2-4ddc-adcd-1239c226713e" />
      <TestMethod codeBase="C:/Development Projects/ENN/TestSuite/bin/Debug/TestSuite.DLL" adapterTypeName="Microsoft.VisualStudio.TestTools.TestTypes.Unit.UnitTestAdapter, Microsoft.VisualStudio.QualityTools.Tips.UnitTest.Adapter, Version=10.0.0.0, Culture=neutral, PublicKeyToken=b03f5f7f11d50a3a" className="TestSuite.Runtime.Tools.SettingsTest, TestSuite, Version=1.0.0.0, Culture=neutral, PublicKeyToken=null" name="SaveText" />
    </UnitTest>
    <UnitTest name="WeightsTest" storage="c:\development projects\enn\testsuite\bin\debug\testsuite.dll" id="56505b5f-896b-db28-949a-5aa770ed8421">
      <Execution id="1a16b2a1-b01c-4d19-a9bf-91beba2ab541" />
      <TestMethod codeBase="C:/Development Projects/ENN/TestSuite/bin/Debug/TestSuite.DLL" adapterTypeName="Microsoft.VisualStudio.TestTools.TestTypes.Unit.UnitTestAdapter, Microsoft.VisualStudio.QualityTools.Tips.UnitTest.Adapter, Version=10.0.0.0, Culture=neutral, PublicKeyToken=b03f5f7f11d50a3a" className="TestSuite.Runtime.BasicNodeTest, TestSuite, Version=1.0.0.0, Culture=neutral, PublicKeyToken=null" name="WeightsTest" />
    </UnitTest>
    <UnitTest name="SaveLoadBinary" storage="c:\development projects\enn\testsuite\bin\debug\testsuite.dll" id="26cf318a-7fd7-86c5-b025-e6f47e9d78ca">
      <Execution id="69652fe0-ebc4-4be1-b22d-15dfc2d59d42" />
      <TestMethod codeBase="C:/Development Projects/ENN/TestSuite/bin/Debug/TestSuite.DLL" adapterTypeName="Microsoft.VisualStudio.TestTools.TestTypes.Unit.UnitTestAdapter, Microsoft.VisualStudio.QualityTools.Tips.UnitTest.Adapter, Version=10.0.0.0, Culture=neutral, PublicKeyToken=b03f5f7f11d50a3a" className="TestSuite.Runtime.Tools.SettingsTest, TestSuite, Version=1.0.0.0, Culture=neutral, PublicKeyToken=null" name="SaveLoadBinary" />
    </UnitTest>
    <UnitTest name="LoadTextTest" storage="c:\development projects\enn\testsuite\bin\debug\testsuite.dll" id="91413c2e-76dd-9dca-f643-52fa9133df7b">
      <Execution id="1fdf4ba1-8810-4438-a4f0-e6de2eaf9db1" />
      <TestMethod codeBase="C:/Development Projects/ENN/TestSuite/bin/Debug/TestSuite.DLL" adapterTypeName="Microsoft.VisualStudio.TestTools.TestTypes.Unit.UnitTestAdapter, Microsoft.VisualStudio.QualityTools.Tips.UnitTest.Adapter, Version=10.0.0.0, Culture=neutral, PublicKeyToken=b03f5f7f11d50a3a" className="TestSuite.Runtime.Tools.TopologyTest, TestSuite, Version=1.0.0.0, Culture=neutral, PublicKeyToken=null" name="LoadTextTest" />
    </UnitTest>
    <UnitTest name="LogisticTest" storage="c:\development projects\enn\testsuite\bin\debug\testsuite.dll" id="7dd4e77c-7264-6ef4-1008-777f833c6760">
      <Execution id="f27c1dc0-6993-41b0-b1cf-d3506c45e92a" />
      <TestMethod codeBase="C:/Development Projects/ENN/TestSuite/bin/Debug/TestSuite.DLL" adapterTypeName="Microsoft.VisualStudio.TestTools.TestTypes.Unit.UnitTestAdapter, Microsoft.VisualStudio.QualityTools.Tips.UnitTest.Adapter, Version=10.0.0.0, Culture=neutral, PublicKeyToken=b03f5f7f11d50a3a" className="TestSuite.Runtime.SigmoidFunctionsTest, TestSuite, Version=1.0.0.0, Culture=neutral, PublicKeyToken=null" name="LogisticTest" />
    </UnitTest>
    <UnitTest name="GetValueTest" storage="c:\development projects\enn\testsuite\bin\debug\testsuite.dll" id="2319df9d-0e3d-4e3b-170c-489339715346">
      <Execution id="38186ff1-6e58-4d60-902b-29b608d1b8f3" />
      <TestMethod codeBase="C:/Development Projects/ENN/TestSuite/bin/Debug/TestSuite.DLL" adapterTypeName="Microsoft.VisualStudio.TestTools.TestTypes.Unit.UnitTestAdapter, Microsoft.VisualStudio.QualityTools.Tips.UnitTest.Adapter, Version=10.0.0.0, Culture=neutral, PublicKeyToken=b03f5f7f11d50a3a" className="TestSuite.Runtime.BasicNodeTest, TestSuite, Version=1.0.0.0, Culture=neutral, PublicKeyToken=null" name="GetValueTest" />
    </UnitTest>
    <UnitTest name="ModifiedLogisticTest" storage="c:\development projects\enn\testsuite\bin\debug\testsuite.dll" id="f590dcde-57c2-4844-9cad-2fe602dec5de">
      <Execution id="4a2b53aa-bff4-4926-9f83-16826992f221" />
      <TestMethod codeBase="C:/Development Projects/ENN/TestSuite/bin/Debug/TestSuite.DLL" adapterTypeName="Microsoft.VisualStudio.TestTools.TestTypes.Unit.UnitTestAdapter, Microsoft.VisualStudio.QualityTools.Tips.UnitTest.Adapter, Version=10.0.0.0, Culture=neutral, PublicKeyToken=b03f5f7f11d50a3a" className="TestSuite.Runtime.SigmoidFunctionsTest, TestSuite, Version=1.0.0.0, Culture=neutral, PublicKeyToken=null" name="ModifiedLogisticTest" />
    </UnitTest>
    <UnitTest name="GeneralizedLogisticTest1" storage="c:\development projects\enn\testsuite\bin\debug\testsuite.dll" id="ff4ad6f6-4cbb-7229-fbd4-444874289508">
      <Execution id="ce4fba07-c9da-4423-a25d-87175b3d396c" />
      <TestMethod codeBase="C:/Development Projects/ENN/TestSuite/bin/Debug/TestSuite.DLL" adapterTypeName="Microsoft.VisualStudio.TestTools.TestTypes.Unit.UnitTestAdapter, Microsoft.VisualStudio.QualityTools.Tips.UnitTest.Adapter, Version=10.0.0.0, Culture=neutral, PublicKeyToken=b03f5f7f11d50a3a" className="TestSuite.Runtime.SigmoidFunctionsTest, TestSuite, Version=1.0.0.0, Culture=neutral, PublicKeyToken=null" name="GeneralizedLogisticTest1" />
    </UnitTest>
    <UnitTest name="MetaDataTest" storage="c:\development projects\enn\testsuite\bin\debug\testsuite.dll" id="84139ec4-03ef-0b1f-410c-ed34ad1e61a7">
      <Execution id="30370020-49cf-485b-88ed-5acd4f910ec4" />
      <TestMethod codeBase="C:/Development Projects/ENN/TestSuite/bin/Debug/TestSuite.DLL" adapterTypeName="Microsoft.VisualStudio.TestTools.TestTypes.Unit.UnitTestAdapter, Microsoft.VisualStudio.QualityTools.Tips.UnitTest.Adapter, Version=10.0.0.0, Culture=neutral, PublicKeyToken=b03f5f7f11d50a3a" className="TestSuite.Runtime.BasicNodeTest, TestSuite, Version=1.0.0.0, Culture=neutral, PublicKeyToken=null" name="MetaDataTest" />
    </UnitTest>
    <UnitTest name="EqualsTest" storage="c:\development projects\enn\testsuite\bin\debug\testsuite.dll" id="771f593f-e636-6035-a459-8163b178bcfa">
      <Execution id="d32b6c85-ce60-4de8-89bc-e421de28aad0" />
      <TestMethod codeBase="C:/Development Projects/ENN/TestSuite/bin/Debug/TestSuite.DLL" adapterTypeName="Microsoft.VisualStudio.TestTools.TestTypes.Unit.UnitTestAdapter, Microsoft.VisualStudio.QualityTools.Tips.UnitTest.Adapter, Version=10.0.0.0, Culture=neutral, PublicKeyToken=b03f5f7f11d50a3a" className="TestSuite.Runtime.BasicNodeTest, TestSuite, Version=1.0.0.0, Culture=neutral, PublicKeyToken=null" name="EqualsTest" />
    </UnitTest>
    <UnitTest name="HyperbolicTangentTest" storage="c:\development projects\enn\testsuite\bin\debug\testsuite.dll" id="dd120e22-c30c-9c60-6bde-948198bc12d2">
      <Execution id="829e75da-7bcc-4234-8ca9-bbb4f51204ee" />
      <TestMethod codeBase="C:/Development Projects/ENN/TestSuite/bin/Debug/TestSuite.DLL" adapterTypeName="Microsoft.VisualStudio.TestTools.TestTypes.Unit.UnitTestAdapter, Microsoft.VisualStudio.QualityTools.Tips.UnitTest.Adapter, Version=10.0.0.0, Culture=neutral, PublicKeyToken=b03f5f7f11d50a3a" className="TestSuite.Runtime.SigmoidFunctionsTest, TestSuite, Version=1.0.0.0, Culture=neutral, PublicKeyToken=null" name="HyperbolicTangentTest" />
    </UnitTest>
    <UnitTest name="SaveTextTest" storage="c:\development projects\enn\testsuite\bin\debug\testsuite.dll" id="5fe0a59d-da3d-e0ca-00f1-7f42f1b72b3d">
      <Execution id="913c3cac-5eef-4861-8929-90519aa4b876" />
      <TestMethod codeBase="C:/Development Projects/ENN/TestSuite/bin/Debug/TestSuite.DLL" adapterTypeName="Microsoft.VisualStudio.TestTools.TestTypes.Unit.UnitTestAdapter, Microsoft.VisualStudio.QualityTools.Tips.UnitTest.Adapter, Version=10.0.0.0, Culture=neutral, PublicKeyToken=b03f5f7f11d50a3a" className="TestSuite.Runtime.Tools.TopologyTest, TestSuite, Version=1.0.0.0, Culture=neutral, PublicKeyToken=null" name="SaveTextTest" />
    </UnitTest>
  </TestDefinitions>
  <TestLists>
    <TestList name="Results Not in a List" id="8c84fa94-04c1-424b-9868-57a2d4851a1d" />
    <TestList name="All Loaded Results" id="19431567-8539-422a-85d7-44ee4e166bda" />
  </TestLists>
  <TestEntries>
    <TestEntry testId="0e6d1b38-b06d-0bf7-032c-34acbd831cfe" executionId="cdf1d85a-365e-4c5b-911d-8028e43f34d9" testListId="8c84fa94-04c1-424b-9868-57a2d4851a1d" />
    <TestEntry testId="2319df9d-0e3d-4e3b-170c-489339715346" executionId="38186ff1-6e58-4d60-902b-29b608d1b8f3" testListId="8c84fa94-04c1-424b-9868-57a2d4851a1d" />
    <TestEntry testId="251000d6-201c-3225-045e-6c6286bebe71" executionId="1bbc5a2f-7884-4cb0-859d-e233f25750b2" testListId="8c84fa94-04c1-424b-9868-57a2d4851a1d" />
    <TestEntry testId="26cf318a-7fd7-86c5-b025-e6f47e9d78ca" executionId="69652fe0-ebc4-4be1-b22d-15dfc2d59d42" testListId="8c84fa94-04c1-424b-9868-57a2d4851a1d" />
    <TestEntry testId="56505b5f-896b-db28-949a-5aa770ed8421" executionId="1a16b2a1-b01c-4d19-a9bf-91beba2ab541" testListId="8c84fa94-04c1-424b-9868-57a2d4851a1d" />
    <TestEntry testId="5fe0a59d-da3d-e0ca-00f1-7f42f1b72b3d" executionId="913c3cac-5eef-4861-8929-90519aa4b876" testListId="8c84fa94-04c1-424b-9868-57a2d4851a1d" />
    <TestEntry testId="771f593f-e636-6035-a459-8163b178bcfa" executionId="d32b6c85-ce60-4de8-89bc-e421de28aad0" testListId="8c84fa94-04c1-424b-9868-57a2d4851a1d" />
    <TestEntry testId="7809094d-33f4-45e7-b7ae-cef1ad197ec5" executionId="1c2081c7-102d-4960-8e74-3f0314a6465b" testListId="8c84fa94-04c1-424b-9868-57a2d4851a1d" />
    <TestEntry testId="792cef7e-de8b-0ac6-a844-fe24d4cd88a7" executionId="0c75e360-49e6-43be-bc8b-ab75bdf31b52" testListId="8c84fa94-04c1-424b-9868-57a2d4851a1d" />
    <TestEntry testId="7dd4e77c-7264-6ef4-1008-777f833c6760" executionId="f27c1dc0-6993-41b0-b1cf-d3506c45e92a" testListId="8c84fa94-04c1-424b-9868-57a2d4851a1d" />
    <TestEntry testId="84139ec4-03ef-0b1f-410c-ed34ad1e61a7" executionId="30370020-49cf-485b-88ed-5acd4f910ec4" testListId="8c84fa94-04c1-424b-9868-57a2d4851a1d" />
    <TestEntry testId="91413c2e-76dd-9dca-f643-52fa9133df7b" executionId="1fdf4ba1-8810-4438-a4f0-e6de2eaf9db1" testListId="8c84fa94-04c1-424b-9868-57a2d4851a1d" />
    <TestEntry testId="d1ed5f65-7462-12a5-4bb7-93f22baf2269" executionId="50c264ef-a4c2-4ddc-adcd-1239c226713e" testListId="8c84fa94-04c1-424b-9868-57a2d4851a1d" />
    <TestEntry testId="dd120e22-c30c-9c60-6bde-948198bc12d2" executionId="829e75da-7bcc-4234-8ca9-bbb4f51204ee" testListId="8c84fa94-04c1-424b-9868-57a2d4851a1d" />
    <TestEntry testId="f590dcde-57c2-4844-9cad-2fe602dec5de" executionId="4a2b53aa-bff4-4926-9f83-16826992f221" testListId="8c84fa94-04c1-424b-9868-57a2d4851a1d" />
    <TestEntry testId="ff4ad6f6-4cbb-7229-fbd4-444874289508" executionId="ce4fba07-c9da-4423-a25d-87175b3d396c" testListId="8c84fa94-04c1-424b-9868-57a2d4851a1d" />
  </TestEntries>
  <Results>
    <UnitTestResult executionId="cdf1d85a-365e-4c5b-911d-8028e43f34d9" testId="0e6d1b38-b06d-0bf7-032c-34acbd831cfe" testName="GeneralizedLogisticTest" computerName="LIL-MONEY-PIT" duration="00:00:00.0445240" startTime="2012-02-01T16:32:30.8143571-05:00" endTime="2012-02-01T16:32:31.0633714-05:00" testType="13cdc9d9-ddb5-4fa4-a97d-d965ccfc6d4b" outcome="Failed" testListId="8c84fa94-04c1-424b-9868-57a2d4851a1d" relativeResultsDirectory="cdf1d85a-365e-4c5b-911d-8028e43f34d9">
      <Output>
        <ErrorInfo>
          <Message>Assert.AreEqual failed. Expected a difference no greater than &lt;0.01&gt; between expected value &lt;0&gt; and actual value &lt;0.3990911&gt;. </Message>
          <StackTrace>   at TestSuite.Runtime.SigmoidFunctionsTest.GeneralizedLogisticTest() in C:\Development Projects\ENN\TestSuite\Runtime\SigmoidFunctionsTest.cs:line 29
</StackTrace>
        </ErrorInfo>
      </Output>
    </UnitTestResult>
    <UnitTestResult executionId="38186ff1-6e58-4d60-902b-29b608d1b8f3" testId="2319df9d-0e3d-4e3b-170c-489339715346" testName="GetValueTest" computerName="LIL-MONEY-PIT" duration="00:00:00.0010540" startTime="2012-02-01T16:32:31.0653715-05:00" endTime="2012-02-01T16:32:31.0693717-05:00" testType="13cdc9d9-ddb5-4fa4-a97d-d965ccfc6d4b" outcome="Passed" testListId="8c84fa94-04c1-424b-9868-57a2d4851a1d" relativeResultsDirectory="38186ff1-6e58-4d60-902b-29b608d1b8f3">
    </UnitTestResult>
    <UnitTestResult executionId="1bbc5a2f-7884-4cb0-859d-e233f25750b2" testId="251000d6-201c-3225-045e-6c6286bebe71" testName="LoadText" computerName="LIL-MONEY-PIT" duration="00:00:00.0053431" startTime="2012-02-01T16:32:31.0793723-05:00" endTime="2012-02-01T16:32:31.0873727-05:00" testType="13cdc9d9-ddb5-4fa4-a97d-d965ccfc6d4b" outcome="Passed" testListId="8c84fa94-04c1-424b-9868-57a2d4851a1d" relativeResultsDirectory="1bbc5a2f-7884-4cb0-859d-e233f25750b2">
    </UnitTestResult>
    <UnitTestResult executionId="69652fe0-ebc4-4be1-b22d-15dfc2d59d42" testId="26cf318a-7fd7-86c5-b025-e6f47e9d78ca" testName="SaveLoadBinary" computerName="LIL-MONEY-PIT" duration="00:00:00.0033945" startTime="2012-02-01T16:32:31.0903729-05:00" endTime="2012-02-01T16:32:31.0963732-05:00" testType="13cdc9d9-ddb5-4fa4-a97d-d965ccfc6d4b" outcome="Passed" testListId="8c84fa94-04c1-424b-9868-57a2d4851a1d" relativeResultsDirectory="69652fe0-ebc4-4be1-b22d-15dfc2d59d42">
    </UnitTestResult>
    <UnitTestResult executionId="1a16b2a1-b01c-4d19-a9bf-91beba2ab541" testId="56505b5f-896b-db28-949a-5aa770ed8421" testName="WeightsTest" computerName="LIL-MONEY-PIT" duration="00:00:00.0005701" startTime="2012-02-01T16:32:31.0993734-05:00" endTime="2012-02-01T16:32:31.1023736-05:00" testType="13cdc9d9-ddb5-4fa4-a97d-d965ccfc6d4b" outcome="Passed" testListId="8c84fa94-04c1-424b-9868-57a2d4851a1d" relativeResultsDirectory="1a16b2a1-b01c-4d19-a9bf-91beba2ab541">
    </UnitTestResult>
    <UnitTestResult executionId="913c3cac-5eef-4861-8929-90519aa4b876" testId="5fe0a59d-da3d-e0ca-00f1-7f42f1b72b3d" testName="SaveTextTest" computerName="LIL-MONEY-PIT" duration="00:00:00.0190260" startTime="2012-02-01T16:32:31.1043737-05:00" endTime="2012-02-01T16:32:31.1263750-05:00" testType="13cdc9d9-ddb5-4fa4-a97d-d965ccfc6d4b" outcome="Passed" testListId="8c84fa94-04c1-424b-9868-57a2d4851a1d" relativeResultsDirectory="913c3cac-5eef-4861-8929-90519aa4b876">
    </UnitTestResult>
    <UnitTestResult executionId="d32b6c85-ce60-4de8-89bc-e421de28aad0" testId="771f593f-e636-6035-a459-8163b178bcfa" testName="EqualsTest" computerName="LIL-MONEY-PIT" duration="00:00:00.0005031" startTime="2012-02-01T16:32:31.1293751-05:00" endTime="2012-02-01T16:32:31.1323753-05:00" testType="13cdc9d9-ddb5-4fa4-a97d-d965ccfc6d4b" outcome="Passed" testListId="8c84fa94-04c1-424b-9868-57a2d4851a1d" relativeResultsDirectory="d32b6c85-ce60-4de8-89bc-e421de28aad0">
    </UnitTestResult>
    <UnitTestResult executionId="1c2081c7-102d-4960-8e74-3f0314a6465b" testId="7809094d-33f4-45e7-b7ae-cef1ad197ec5" testName="SaveLoadBinaryTest" computerName="LIL-MONEY-PIT" duration="00:00:00.0125110" startTime="2012-02-01T16:32:31.1353755-05:00" endTime="2012-02-01T16:32:31.1513764-05:00" testType="13cdc9d9-ddb5-4fa4-a97d-d965ccfc6d4b" outcome="Passed" testListId="8c84fa94-04c1-424b-9868-57a2d4851a1d" relativeResultsDirectory="1c2081c7-102d-4960-8e74-3f0314a6465b">
    </UnitTestResult>
    <UnitTestResult executionId="0c75e360-49e6-43be-bc8b-ab75bdf31b52" testId="792cef7e-de8b-0ac6-a844-fe24d4cd88a7" testName="SimpleAlgebraTest" computerName="LIL-MONEY-PIT" duration="00:00:00.0003980" startTime="2012-02-01T16:32:31.1533765-05:00" endTime="2012-02-01T16:32:31.1563767-05:00" testType="13cdc9d9-ddb5-4fa4-a97d-d965ccfc6d4b" outcome="Passed" testListId="8c84fa94-04c1-424b-9868-57a2d4851a1d" relativeResultsDirectory="0c75e360-49e6-43be-bc8b-ab75bdf31b52">
    </UnitTestResult>
    <UnitTestResult executionId="f27c1dc0-6993-41b0-b1cf-d3506c45e92a" testId="7dd4e77c-7264-6ef4-1008-777f833c6760" testName="LogisticTest" computerName="LIL-MONEY-PIT" duration="00:00:00.0002059" startTime="2012-02-01T16:32:31.1593768-05:00" endTime="2012-02-01T16:32:31.1633771-05:00" testType="13cdc9d9-ddb5-4fa4-a97d-d965ccfc6d4b" outcome="Passed" testListId="8c84fa94-04c1-424b-9868-57a2d4851a1d" relativeResultsDirectory="f27c1dc0-6993-41b0-b1cf-d3506c45e92a">
    </UnitTestResult>
    <UnitTestResult executionId="30370020-49cf-485b-88ed-5acd4f910ec4" testId="84139ec4-03ef-0b1f-410c-ed34ad1e61a7" testName="MetaDataTest" computerName="LIL-MONEY-PIT" duration="00:00:00.0003283" startTime="2012-02-01T16:32:31.1653772-05:00" endTime="2012-02-01T16:32:31.1683774-05:00" testType="13cdc9d9-ddb5-4fa4-a97d-d965ccfc6d4b" outcome="Passed" testListId="8c84fa94-04c1-424b-9868-57a2d4851a1d" relativeResultsDirectory="30370020-49cf-485b-88ed-5acd4f910ec4">
    </UnitTestResult>
    <UnitTestResult executionId="1fdf4ba1-8810-4438-a4f0-e6de2eaf9db1" testId="91413c2e-76dd-9dca-f643-52fa9133df7b" testName="LoadTextTest" computerName="LIL-MONEY-PIT" duration="00:00:00.0005824" startTime="2012-02-01T16:32:31.1713775-05:00" endTime="2012-02-01T16:32:31.1743777-05:00" testType="13cdc9d9-ddb5-4fa4-a97d-d965ccfc6d4b" outcome="Passed" testListId="8c84fa94-04c1-424b-9868-57a2d4851a1d" relativeResultsDirectory="1fdf4ba1-8810-4438-a4f0-e6de2eaf9db1">
    </UnitTestResult>
    <UnitTestResult executionId="50c264ef-a4c2-4ddc-adcd-1239c226713e" testId="d1ed5f65-7462-12a5-4bb7-93f22baf2269" testName="SaveText" computerName="LIL-MONEY-PIT" duration="00:00:00.0022208" startTime="2012-02-01T16:32:31.1773779-05:00" endTime="2012-02-01T16:32:31.1823782-05:00" testType="13cdc9d9-ddb5-4fa4-a97d-d965ccfc6d4b" outcome="Passed" testListId="8c84fa94-04c1-424b-9868-57a2d4851a1d" relativeResultsDirectory="50c264ef-a4c2-4ddc-adcd-1239c226713e">
    </UnitTestResult>
    <UnitTestResult executionId="829e75da-7bcc-4234-8ca9-bbb4f51204ee" testId="dd120e22-c30c-9c60-6bde-948198bc12d2" testName="HyperbolicTangentTest" computerName="LIL-MONEY-PIT" duration="00:00:00.0002787" startTime="2012-02-01T16:32:31.1843783-05:00" endTime="2012-02-01T16:32:31.1873784-05:00" testType="13cdc9d9-ddb5-4fa4-a97d-d965ccfc6d4b" outcome="Passed" testListId="8c84fa94-04c1-424b-9868-57a2d4851a1d" relativeResultsDirectory="829e75da-7bcc-4234-8ca9-bbb4f51204ee">
    </UnitTestResult>
    <UnitTestResult executionId="4a2b53aa-bff4-4926-9f83-16826992f221" testId="f590dcde-57c2-4844-9cad-2fe602dec5de" testName="ModifiedLogisticTest" computerName="LIL-MONEY-PIT" duration="00:00:00.0017430" startTime="2012-02-01T16:32:31.1893786-05:00" endTime="2012-02-01T16:32:31.1943788-05:00" testType="13cdc9d9-ddb5-4fa4-a97d-d965ccfc6d4b" outcome="Failed" testListId="8c84fa94-04c1-424b-9868-57a2d4851a1d" relativeResultsDirectory="4a2b53aa-bff4-4926-9f83-16826992f221">
      <Output>
        <ErrorInfo>
          <Message>Assert.AreEqual failed. Expected a difference no greater than &lt;0.01&gt; between expected value &lt;0&gt; and actual value &lt;2&gt;. </Message>
          <StackTrace>   at TestSuite.Runtime.SigmoidFunctionsTest.ModifiedLogisticTest() in C:\Development Projects\ENN\TestSuite\Runtime\SigmoidFunctionsTest.cs:line 81
</StackTrace>
        </ErrorInfo>
      </Output>
    </UnitTestResult>
    <UnitTestResult executionId="ce4fba07-c9da-4423-a25d-87175b3d396c" testId="ff4ad6f6-4cbb-7229-fbd4-444874289508" testName="GeneralizedLogisticTest1" computerName="LIL-MONEY-PIT" duration="00:00:00.0019097" startTime="2012-02-01T16:32:31.1963790-05:00" endTime="2012-02-01T16:32:31.2013793-05:00" testType="13cdc9d9-ddb5-4fa4-a97d-d965ccfc6d4b" outcome="Failed" testListId="8c84fa94-04c1-424b-9868-57a2d4851a1d" relativeResultsDirectory="ce4fba07-c9da-4423-a25d-87175b3d396c">
      <Output>
        <ErrorInfo>
          <Message>Assert.AreEqual failed. Expected a difference no greater than &lt;0.01&gt; between expected value &lt;0&gt; and actual value &lt;0.3990911&gt;. </Message>
          <StackTrace>   at TestSuite.Runtime.SigmoidFunctionsTest.GeneralizedLogisticTest1() in C:\Development Projects\ENN\TestSuite\Runtime\SigmoidFunctionsTest.cs:line 42
</StackTrace>
        </ErrorInfo>
      </Output>
    </UnitTestResult>
  </Results>
</TestRun>