<?xml version="1.0" encoding="UTF-8"?>
<TestRun id="6a160bae-b190-4dbd-bda7-862ce9614248" name="skynryd9@LIL-MONEY-PIT 2012-02-01 16:39:27" runUser="Lil-Money-Pit\skynryd9" xmlns="http://microsoft.com/schemas/VisualStudio/TeamTest/2010">
  <TestSettings name="Local" id="edb481bb-0340-4d08-a79e-041a6ff1b069">
    <Description>These are default test settings for a local test run.</Description>
    <Deployment enabled="false" runDeploymentRoot="skynryd9_LIL-MONEY-PIT 2012-02-01 16_39_27">
      <DeploymentItem filename="C:\Development Projects\ENN\ENN\bin\Debug\UserBin\TestUserBinary.dll" />
      <DeploymentItem filename="C:\Development Projects\ENN\ENN.Framework\bin\Debug\ENN.Framework.dll" />
    </Deployment>
    <Execution>
      <TestTypeSpecific />
      <AgentRule name="Execution Agents">
      </AgentRule>
    </Execution>
  </TestSettings>
  <Times creation="2012-02-01T16:39:27.4891896-05:00" queuing="2012-02-01T16:39:27.7292033-05:00" start="2012-02-01T16:39:27.7732058-05:00" finish="2012-02-01T16:39:28.2052305-05:00" />
  <ResultSummary outcome="Completed">
    <Counters total="16" executed="16" passed="16" error="0" failed="0" timeout="0" aborted="0" inconclusive="0" passedButRunAborted="0" notRunnable="0" notExecuted="0" disconnected="0" warning="0" completed="0" inProgress="0" pending="0" />
  </ResultSummary>
  <TestDefinitions>
    <UnitTest name="SimpleAlgebraTest" storage="c:\development projects\enn\testsuite\bin\debug\testsuite.dll" id="792cef7e-de8b-0ac6-a844-fe24d4cd88a7">
      <Execution id="9b9ef410-6de0-4a31-8b59-cdf86105a6c4" />
      <TestMethod codeBase="C:/Development Projects/ENN/TestSuite/bin/Debug/TestSuite.DLL" adapterTypeName="Microsoft.VisualStudio.TestTools.TestTypes.Unit.UnitTestAdapter, Microsoft.VisualStudio.QualityTools.Tips.UnitTest.Adapter, Version=10.0.0.0, Culture=neutral, PublicKeyToken=b03f5f7f11d50a3a" className="TestSuite.Runtime.SigmoidFunctionsTest, TestSuite, Version=1.0.0.0, Culture=neutral, PublicKeyToken=null" name="SimpleAlgebraTest" />
    </UnitTest>
    <UnitTest name="GeneralizedLogisticTest" storage="c:\development projects\enn\testsuite\bin\debug\testsuite.dll" id="0e6d1b38-b06d-0bf7-032c-34acbd831cfe">
      <Execution id="6f7fdfa9-5b42-4d83-85be-eb92f74d62de" />
      <TestMethod codeBase="C:/Development Projects/ENN/TestSuite/bin/Debug/TestSuite.DLL" adapterTypeName="Microsoft.VisualStudio.TestTools.TestTypes.Unit.UnitTestAdapter, Microsoft.VisualStudio.QualityTools.Tips.UnitTest.Adapter, Version=10.0.0.0, Culture=neutral, PublicKeyToken=b03f5f7f11d50a3a" className="TestSuite.Runtime.SigmoidFunctionsTest, TestSuite, Version=1.0.0.0, Culture=neutral, PublicKeyToken=null" name="GeneralizedLogisticTest" />
    </UnitTest>
    <UnitTest name="LoadText" storage="c:\development projects\enn\testsuite\bin\debug\testsuite.dll" id="251000d6-201c-3225-045e-6c6286bebe71">
      <Execution id="dc994786-4f8b-4a35-a5f9-4aad9b9ef314" />
      <TestMethod codeBase="C:/Development Projects/ENN/TestSuite/bin/Debug/TestSuite.DLL" adapterTypeName="Microsoft.VisualStudio.TestTools.TestTypes.Unit.UnitTestAdapter, Microsoft.VisualStudio.QualityTools.Tips.UnitTest.Adapter, Version=10.0.0.0, Culture=neutral, PublicKeyToken=b03f5f7f11d50a3a" className="TestSuite.Runtime.Tools.SettingsTest, TestSuite, Version=1.0.0.0, Culture=neutral, PublicKeyToken=null" name="LoadText" />
    </UnitTest>
    <UnitTest name="SaveLoadBinaryTest" storage="c:\development projects\enn\testsuite\bin\debug\testsuite.dll" id="7809094d-33f4-45e7-b7ae-cef1ad197ec5">
      <Execution id="e444820a-4b90-4ccc-b7cd-510bf48a86bb" />
      <TestMethod codeBase="C:/Development Projects/ENN/TestSuite/bin/Debug/TestSuite.DLL" adapterTypeName="Microsoft.VisualStudio.TestTools.TestTypes.Unit.UnitTestAdapter, Microsoft.VisualStudio.QualityTools.Tips.UnitTest.Adapter, Version=10.0.0.0, Culture=neutral, PublicKeyToken=b03f5f7f11d50a3a" className="TestSuite.Runtime.Tools.TopologyTest, TestSuite, Version=1.0.0.0, Culture=neutral, PublicKeyToken=null" name="SaveLoadBinaryTest" />
    </UnitTest>
    <UnitTest name="SaveText" storage="c:\development projects\enn\testsuite\bin\debug\testsuite.dll" id="d1ed5f65-7462-12a5-4bb7-93f22baf2269">
      <Execution id="15ae4d05-c604-4981-a058-cad23a7dfdd9" />
      <TestMethod codeBase="C:/Development Projects/ENN/TestSuite/bin/Debug/TestSuite.DLL" adapterTypeName="Microsoft.VisualStudio.TestTools.TestTypes.Unit.UnitTestAdapter, Microsoft.VisualStudio.QualityTools.Tips.UnitTest.Adapter, Version=10.0.0.0, Culture=neutral, PublicKeyToken=b03f5f7f11d50a3a" className="TestSuite.Runtime.Tools.SettingsTest, TestSuite, Version=1.0.0.0, Culture=neutral, PublicKeyToken=null" name="SaveText" />
    </UnitTest>
    <UnitTest name="WeightsTest" storage="c:\development projects\enn\testsuite\bin\debug\testsuite.dll" id="56505b5f-896b-db28-949a-5aa770ed8421">
      <Execution id="a2432b6f-9aba-4ec6-8fbc-df8c4d2b2517" />
      <TestMethod codeBase="C:/Development Projects/ENN/TestSuite/bin/Debug/TestSuite.DLL" adapterTypeName="Microsoft.VisualStudio.TestTools.TestTypes.Unit.UnitTestAdapter, Microsoft.VisualStudio.QualityTools.Tips.UnitTest.Adapter, Version=10.0.0.0, Culture=neutral, PublicKeyToken=b03f5f7f11d50a3a" className="TestSuite.Runtime.BasicNodeTest, TestSuite, Version=1.0.0.0, Culture=neutral, PublicKeyToken=null" name="WeightsTest" />
    </UnitTest>
    <UnitTest name="SaveLoadBinary" storage="c:\development projects\enn\testsuite\bin\debug\testsuite.dll" id="26cf318a-7fd7-86c5-b025-e6f47e9d78ca">
      <Execution id="10bfca31-8885-4889-bf11-758bf028b9c0" />
      <TestMethod codeBase="C:/Development Projects/ENN/TestSuite/bin/Debug/TestSuite.DLL" adapterTypeName="Microsoft.VisualStudio.TestTools.TestTypes.Unit.UnitTestAdapter, Microsoft.VisualStudio.QualityTools.Tips.UnitTest.Adapter, Version=10.0.0.0, Culture=neutral, PublicKeyToken=b03f5f7f11d50a3a" className="TestSuite.Runtime.Tools.SettingsTest, TestSuite, Version=1.0.0.0, Culture=neutral, PublicKeyToken=null" name="SaveLoadBinary" />
    </UnitTest>
    <UnitTest name="LoadTextTest" storage="c:\development projects\enn\testsuite\bin\debug\testsuite.dll" id="91413c2e-76dd-9dca-f643-52fa9133df7b">
      <Execution id="3cdc74c8-9409-4ca4-9769-29ebdd9aa23f" />
      <TestMethod codeBase="C:/Development Projects/ENN/TestSuite/bin/Debug/TestSuite.DLL" adapterTypeName="Microsoft.VisualStudio.TestTools.TestTypes.Unit.UnitTestAdapter, Microsoft.VisualStudio.QualityTools.Tips.UnitTest.Adapter, Version=10.0.0.0, Culture=neutral, PublicKeyToken=b03f5f7f11d50a3a" className="TestSuite.Runtime.Tools.TopologyTest, TestSuite, Version=1.0.0.0, Culture=neutral, PublicKeyToken=null" name="LoadTextTest" />
    </UnitTest>
    <UnitTest name="LogisticTest" storage="c:\development projects\enn\testsuite\bin\debug\testsuite.dll" id="7dd4e77c-7264-6ef4-1008-777f833c6760">
      <Execution id="c9f8ed1a-d159-4ca7-a60b-7f81d8575e6d" />
      <TestMethod codeBase="C:/Development Projects/ENN/TestSuite/bin/Debug/TestSuite.DLL" adapterTypeName="Microsoft.VisualStudio.TestTools.TestTypes.Unit.UnitTestAdapter, Microsoft.VisualStudio.QualityTools.Tips.UnitTest.Adapter, Version=10.0.0.0, Culture=neutral, PublicKeyToken=b03f5f7f11d50a3a" className="TestSuite.Runtime.SigmoidFunctionsTest, TestSuite, Version=1.0.0.0, Culture=neutral, PublicKeyToken=null" name="LogisticTest" />
    </UnitTest>
    <UnitTest name="GetValueTest" storage="c:\development projects\enn\testsuite\bin\debug\testsuite.dll" id="2319df9d-0e3d-4e3b-170c-489339715346">
      <Execution id="9d725746-1e7d-4bfc-8638-d69e4fa4bb4f" />
      <TestMethod codeBase="C:/Development Projects/ENN/TestSuite/bin/Debug/TestSuite.DLL" adapterTypeName="Microsoft.VisualStudio.TestTools.TestTypes.Unit.UnitTestAdapter, Microsoft.VisualStudio.QualityTools.Tips.UnitTest.Adapter, Version=10.0.0.0, Culture=neutral, PublicKeyToken=b03f5f7f11d50a3a" className="TestSuite.Runtime.BasicNodeTest, TestSuite, Version=1.0.0.0, Culture=neutral, PublicKeyToken=null" name="GetValueTest" />
    </UnitTest>
    <UnitTest name="ModifiedLogisticTest" storage="c:\development projects\enn\testsuite\bin\debug\testsuite.dll" id="f590dcde-57c2-4844-9cad-2fe602dec5de">
      <Execution id="1869c006-aace-4f25-a398-7a29d357539c" />
      <TestMethod codeBase="C:/Development Projects/ENN/TestSuite/bin/Debug/TestSuite.DLL" adapterTypeName="Microsoft.VisualStudio.TestTools.TestTypes.Unit.UnitTestAdapter, Microsoft.VisualStudio.QualityTools.Tips.UnitTest.Adapter, Version=10.0.0.0, Culture=neutral, PublicKeyToken=b03f5f7f11d50a3a" className="TestSuite.Runtime.SigmoidFunctionsTest, TestSuite, Version=1.0.0.0, Culture=neutral, PublicKeyToken=null" name="ModifiedLogisticTest" />
    </UnitTest>
    <UnitTest name="GeneralizedLogisticTest1" storage="c:\development projects\enn\testsuite\bin\debug\testsuite.dll" id="ff4ad6f6-4cbb-7229-fbd4-444874289508">
      <Execution id="3873c1c1-8115-4ffc-8fd9-6dd31b01b520" />
      <TestMethod codeBase="C:/Development Projects/ENN/TestSuite/bin/Debug/TestSuite.DLL" adapterTypeName="Microsoft.VisualStudio.TestTools.TestTypes.Unit.UnitTestAdapter, Microsoft.VisualStudio.QualityTools.Tips.UnitTest.Adapter, Version=10.0.0.0, Culture=neutral, PublicKeyToken=b03f5f7f11d50a3a" className="TestSuite.Runtime.SigmoidFunctionsTest, TestSuite, Version=1.0.0.0, Culture=neutral, PublicKeyToken=null" name="GeneralizedLogisticTest1" />
    </UnitTest>
    <UnitTest name="MetaDataTest" storage="c:\development projects\enn\testsuite\bin\debug\testsuite.dll" id="84139ec4-03ef-0b1f-410c-ed34ad1e61a7">
      <Execution id="9edf513f-62fc-4b23-a66f-ab4c4602b50b" />
      <TestMethod codeBase="C:/Development Projects/ENN/TestSuite/bin/Debug/TestSuite.DLL" adapterTypeName="Microsoft.VisualStudio.TestTools.TestTypes.Unit.UnitTestAdapter, Microsoft.VisualStudio.QualityTools.Tips.UnitTest.Adapter, Version=10.0.0.0, Culture=neutral, PublicKeyToken=b03f5f7f11d50a3a" className="TestSuite.Runtime.BasicNodeTest, TestSuite, Version=1.0.0.0, Culture=neutral, PublicKeyToken=null" name="MetaDataTest" />
    </UnitTest>
    <UnitTest name="EqualsTest" storage="c:\development projects\enn\testsuite\bin\debug\testsuite.dll" id="771f593f-e636-6035-a459-8163b178bcfa">
      <Execution id="72b62535-b780-48dd-8dc0-185f55b007a4" />
      <TestMethod codeBase="C:/Development Projects/ENN/TestSuite/bin/Debug/TestSuite.DLL" adapterTypeName="Microsoft.VisualStudio.TestTools.TestTypes.Unit.UnitTestAdapter, Microsoft.VisualStudio.QualityTools.Tips.UnitTest.Adapter, Version=10.0.0.0, Culture=neutral, PublicKeyToken=b03f5f7f11d50a3a" className="TestSuite.Runtime.BasicNodeTest, TestSuite, Version=1.0.0.0, Culture=neutral, PublicKeyToken=null" name="EqualsTest" />
    </UnitTest>
    <UnitTest name="HyperbolicTangentTest" storage="c:\development projects\enn\testsuite\bin\debug\testsuite.dll" id="dd120e22-c30c-9c60-6bde-948198bc12d2">
      <Execution id="b249e5cb-7b49-418e-9242-9cbf0d8aa761" />
      <TestMethod codeBase="C:/Development Projects/ENN/TestSuite/bin/Debug/TestSuite.DLL" adapterTypeName="Microsoft.VisualStudio.TestTools.TestTypes.Unit.UnitTestAdapter, Microsoft.VisualStudio.QualityTools.Tips.UnitTest.Adapter, Version=10.0.0.0, Culture=neutral, PublicKeyToken=b03f5f7f11d50a3a" className="TestSuite.Runtime.SigmoidFunctionsTest, TestSuite, Version=1.0.0.0, Culture=neutral, PublicKeyToken=null" name="HyperbolicTangentTest" />
    </UnitTest>
    <UnitTest name="SaveTextTest" storage="c:\development projects\enn\testsuite\bin\debug\testsuite.dll" id="5fe0a59d-da3d-e0ca-00f1-7f42f1b72b3d">
      <Execution id="ed4eff35-bfbf-468e-82ae-1527edc39410" />
      <TestMethod codeBase="C:/Development Projects/ENN/TestSuite/bin/Debug/TestSuite.DLL" adapterTypeName="Microsoft.VisualStudio.TestTools.TestTypes.Unit.UnitTestAdapter, Microsoft.VisualStudio.QualityTools.Tips.UnitTest.Adapter, Version=10.0.0.0, Culture=neutral, PublicKeyToken=b03f5f7f11d50a3a" className="TestSuite.Runtime.Tools.TopologyTest, TestSuite, Version=1.0.0.0, Culture=neutral, PublicKeyToken=null" name="SaveTextTest" />
    </UnitTest>
  </TestDefinitions>
  <TestLists>
    <TestList name="Results Not in a List" id="8c84fa94-04c1-424b-9868-57a2d4851a1d" />
    <TestList name="All Loaded Results" id="19431567-8539-422a-85d7-44ee4e166bda" />
  </TestLists>
  <TestEntries>
    <TestEntry testId="0e6d1b38-b06d-0bf7-032c-34acbd831cfe" executionId="6f7fdfa9-5b42-4d83-85be-eb92f74d62de" testListId="8c84fa94-04c1-424b-9868-57a2d4851a1d" />
    <TestEntry testId="2319df9d-0e3d-4e3b-170c-489339715346" executionId="9d725746-1e7d-4bfc-8638-d69e4fa4bb4f" testListId="8c84fa94-04c1-424b-9868-57a2d4851a1d" />
    <TestEntry testId="251000d6-201c-3225-045e-6c6286bebe71" executionId="dc994786-4f8b-4a35-a5f9-4aad9b9ef314" testListId="8c84fa94-04c1-424b-9868-57a2d4851a1d" />
    <TestEntry testId="26cf318a-7fd7-86c5-b025-e6f47e9d78ca" executionId="10bfca31-8885-4889-bf11-758bf028b9c0" testListId="8c84fa94-04c1-424b-9868-57a2d4851a1d" />
    <TestEntry testId="56505b5f-896b-db28-949a-5aa770ed8421" executionId="a2432b6f-9aba-4ec6-8fbc-df8c4d2b2517" testListId="8c84fa94-04c1-424b-9868-57a2d4851a1d" />
    <TestEntry testId="5fe0a59d-da3d-e0ca-00f1-7f42f1b72b3d" executionId="ed4eff35-bfbf-468e-82ae-1527edc39410" testListId="8c84fa94-04c1-424b-9868-57a2d4851a1d" />
    <TestEntry testId="771f593f-e636-6035-a459-8163b178bcfa" executionId="72b62535-b780-48dd-8dc0-185f55b007a4" testListId="8c84fa94-04c1-424b-9868-57a2d4851a1d" />
    <TestEntry testId="7809094d-33f4-45e7-b7ae-cef1ad197ec5" executionId="e444820a-4b90-4ccc-b7cd-510bf48a86bb" testListId="8c84fa94-04c1-424b-9868-57a2d4851a1d" />
    <TestEntry testId="792cef7e-de8b-0ac6-a844-fe24d4cd88a7" executionId="9b9ef410-6de0-4a31-8b59-cdf86105a6c4" testListId="8c84fa94-04c1-424b-9868-57a2d4851a1d" />
    <TestEntry testId="7dd4e77c-7264-6ef4-1008-777f833c6760" executionId="c9f8ed1a-d159-4ca7-a60b-7f81d8575e6d" testListId="8c84fa94-04c1-424b-9868-57a2d4851a1d" />
    <TestEntry testId="84139ec4-03ef-0b1f-410c-ed34ad1e61a7" executionId="9edf513f-62fc-4b23-a66f-ab4c4602b50b" testListId="8c84fa94-04c1-424b-9868-57a2d4851a1d" />
    <TestEntry testId="91413c2e-76dd-9dca-f643-52fa9133df7b" executionId="3cdc74c8-9409-4ca4-9769-29ebdd9aa23f" testListId="8c84fa94-04c1-424b-9868-57a2d4851a1d" />
    <TestEntry testId="d1ed5f65-7462-12a5-4bb7-93f22baf2269" executionId="15ae4d05-c604-4981-a058-cad23a7dfdd9" testListId="8c84fa94-04c1-424b-9868-57a2d4851a1d" />
    <TestEntry testId="dd120e22-c30c-9c60-6bde-948198bc12d2" executionId="b249e5cb-7b49-418e-9242-9cbf0d8aa761" testListId="8c84fa94-04c1-424b-9868-57a2d4851a1d" />
    <TestEntry testId="f590dcde-57c2-4844-9cad-2fe602dec5de" executionId="1869c006-aace-4f25-a398-7a29d357539c" testListId="8c84fa94-04c1-424b-9868-57a2d4851a1d" />
    <TestEntry testId="ff4ad6f6-4cbb-7229-fbd4-444874289508" executionId="3873c1c1-8115-4ffc-8fd9-6dd31b01b520" testListId="8c84fa94-04c1-424b-9868-57a2d4851a1d" />
  </TestEntries>
  <Results>
    <UnitTestResult executionId="6f7fdfa9-5b42-4d83-85be-eb92f74d62de" testId="0e6d1b38-b06d-0bf7-032c-34acbd831cfe" testName="GeneralizedLogisticTest" computerName="LIL-MONEY-PIT" duration="00:00:00.0253216" startTime="2012-02-01T16:39:27.7842064-05:00" endTime="2012-02-01T16:39:28.0522218-05:00" testType="13cdc9d9-ddb5-4fa4-a97d-d965ccfc6d4b" outcome="Passed" testListId="8c84fa94-04c1-424b-9868-57a2d4851a1d" relativeResultsDirectory="6f7fdfa9-5b42-4d83-85be-eb92f74d62de">
    </UnitTestResult>
    <UnitTestResult executionId="9d725746-1e7d-4bfc-8638-d69e4fa4bb4f" testId="2319df9d-0e3d-4e3b-170c-489339715346" testName="GetValueTest" computerName="LIL-MONEY-PIT" duration="00:00:00.0012938" startTime="2012-02-01T16:39:28.0542219-05:00" endTime="2012-02-01T16:39:28.0602222-05:00" testType="13cdc9d9-ddb5-4fa4-a97d-d965ccfc6d4b" outcome="Passed" testListId="8c84fa94-04c1-424b-9868-57a2d4851a1d" relativeResultsDirectory="9d725746-1e7d-4bfc-8638-d69e4fa4bb4f">
    </UnitTestResult>
    <UnitTestResult executionId="dc994786-4f8b-4a35-a5f9-4aad9b9ef314" testId="251000d6-201c-3225-045e-6c6286bebe71" testName="LoadText" computerName="LIL-MONEY-PIT" duration="00:00:00.0060207" startTime="2012-02-01T16:39:28.0622223-05:00" endTime="2012-02-01T16:39:28.0722229-05:00" testType="13cdc9d9-ddb5-4fa4-a97d-d965ccfc6d4b" outcome="Passed" testListId="8c84fa94-04c1-424b-9868-57a2d4851a1d" relativeResultsDirectory="dc994786-4f8b-4a35-a5f9-4aad9b9ef314">
    </UnitTestResult>
    <UnitTestResult executionId="10bfca31-8885-4889-bf11-758bf028b9c0" testId="26cf318a-7fd7-86c5-b025-e6f47e9d78ca" testName="SaveLoadBinary" computerName="LIL-MONEY-PIT" duration="00:00:00.0046579" startTime="2012-02-01T16:39:28.0752231-05:00" endTime="2012-02-01T16:39:28.0822235-05:00" testType="13cdc9d9-ddb5-4fa4-a97d-d965ccfc6d4b" outcome="Passed" testListId="8c84fa94-04c1-424b-9868-57a2d4851a1d" relativeResultsDirectory="10bfca31-8885-4889-bf11-758bf028b9c0">
    </UnitTestResult>
    <UnitTestResult executionId="a2432b6f-9aba-4ec6-8fbc-df8c4d2b2517" testId="56505b5f-896b-db28-949a-5aa770ed8421" testName="WeightsTest" computerName="LIL-MONEY-PIT" duration="00:00:00.0007210" startTime="2012-02-01T16:39:28.0852236-05:00" endTime="2012-02-01T16:39:28.0892239-05:00" testType="13cdc9d9-ddb5-4fa4-a97d-d965ccfc6d4b" outcome="Passed" testListId="8c84fa94-04c1-424b-9868-57a2d4851a1d" relativeResultsDirectory="a2432b6f-9aba-4ec6-8fbc-df8c4d2b2517">
    </UnitTestResult>
    <UnitTestResult executionId="ed4eff35-bfbf-468e-82ae-1527edc39410" testId="5fe0a59d-da3d-e0ca-00f1-7f42f1b72b3d" testName="SaveTextTest" computerName="LIL-MONEY-PIT" duration="00:00:00.0258278" startTime="2012-02-01T16:39:28.0912240-05:00" endTime="2012-02-01T16:39:28.1202256-05:00" testType="13cdc9d9-ddb5-4fa4-a97d-d965ccfc6d4b" outcome="Passed" testListId="8c84fa94-04c1-424b-9868-57a2d4851a1d" relativeResultsDirectory="ed4eff35-bfbf-468e-82ae-1527edc39410">
    </UnitTestResult>
    <UnitTestResult executionId="72b62535-b780-48dd-8dc0-185f55b007a4" testId="771f593f-e636-6035-a459-8163b178bcfa" testName="EqualsTest" computerName="LIL-MONEY-PIT" duration="00:00:00.0012430" startTime="2012-02-01T16:39:28.1222258-05:00" endTime="2012-02-01T16:39:28.1262260-05:00" testType="13cdc9d9-ddb5-4fa4-a97d-d965ccfc6d4b" outcome="Passed" testListId="8c84fa94-04c1-424b-9868-57a2d4851a1d" relativeResultsDirectory="72b62535-b780-48dd-8dc0-185f55b007a4">
    </UnitTestResult>
    <UnitTestResult executionId="e444820a-4b90-4ccc-b7cd-510bf48a86bb" testId="7809094d-33f4-45e7-b7ae-cef1ad197ec5" testName="SaveLoadBinaryTest" computerName="LIL-MONEY-PIT" duration="00:00:00.0097051" startTime="2012-02-01T16:39:28.1282261-05:00" endTime="2012-02-01T16:39:28.1402268-05:00" testType="13cdc9d9-ddb5-4fa4-a97d-d965ccfc6d4b" outcome="Passed" testListId="8c84fa94-04c1-424b-9868-57a2d4851a1d" relativeResultsDirectory="e444820a-4b90-4ccc-b7cd-510bf48a86bb">
    </UnitTestResult>
    <UnitTestResult executionId="9b9ef410-6de0-4a31-8b59-cdf86105a6c4" testId="792cef7e-de8b-0ac6-a844-fe24d4cd88a7" testName="SimpleAlgebraTest" computerName="LIL-MONEY-PIT" duration="00:00:00.0002860" startTime="2012-02-01T16:39:28.1432270-05:00" endTime="2012-02-01T16:39:28.1452271-05:00" testType="13cdc9d9-ddb5-4fa4-a97d-d965ccfc6d4b" outcome="Passed" testListId="8c84fa94-04c1-424b-9868-57a2d4851a1d" relativeResultsDirectory="9b9ef410-6de0-4a31-8b59-cdf86105a6c4">
    </UnitTestResult>
    <UnitTestResult executionId="c9f8ed1a-d159-4ca7-a60b-7f81d8575e6d" testId="7dd4e77c-7264-6ef4-1008-777f833c6760" testName="LogisticTest" computerName="LIL-MONEY-PIT" duration="00:00:00.0001820" startTime="2012-02-01T16:39:28.1482272-05:00" endTime="2012-02-01T16:39:28.1502274-05:00" testType="13cdc9d9-ddb5-4fa4-a97d-d965ccfc6d4b" outcome="Passed" testListId="8c84fa94-04c1-424b-9868-57a2d4851a1d" relativeResultsDirectory="c9f8ed1a-d159-4ca7-a60b-7f81d8575e6d">
    </UnitTestResult>
    <UnitTestResult executionId="9edf513f-62fc-4b23-a66f-ab4c4602b50b" testId="84139ec4-03ef-0b1f-410c-ed34ad1e61a7" testName="MetaDataTest" computerName="LIL-MONEY-PIT" duration="00:00:00.0003510" startTime="2012-02-01T16:39:28.1522275-05:00" endTime="2012-02-01T16:39:28.1552276-05:00" testType="13cdc9d9-ddb5-4fa4-a97d-d965ccfc6d4b" outcome="Passed" testListId="8c84fa94-04c1-424b-9868-57a2d4851a1d" relativeResultsDirectory="9edf513f-62fc-4b23-a66f-ab4c4602b50b">
    </UnitTestResult>
    <UnitTestResult executionId="3cdc74c8-9409-4ca4-9769-29ebdd9aa23f" testId="91413c2e-76dd-9dca-f643-52fa9133df7b" testName="LoadTextTest" computerName="LIL-MONEY-PIT" duration="00:00:00.0006505" startTime="2012-02-01T16:39:28.1562277-05:00" endTime="2012-02-01T16:39:28.1602279-05:00" testType="13cdc9d9-ddb5-4fa4-a97d-d965ccfc6d4b" outcome="Passed" testListId="8c84fa94-04c1-424b-9868-57a2d4851a1d" relativeResultsDirectory="3cdc74c8-9409-4ca4-9769-29ebdd9aa23f">
    </UnitTestResult>
    <UnitTestResult executionId="15ae4d05-c604-4981-a058-cad23a7dfdd9" testId="d1ed5f65-7462-12a5-4bb7-93f22baf2269" testName="SaveText" computerName="LIL-MONEY-PIT" duration="00:00:00.0030811" startTime="2012-02-01T16:39:28.1642282-05:00" endTime="2012-02-01T16:39:28.1702285-05:00" testType="13cdc9d9-ddb5-4fa4-a97d-d965ccfc6d4b" outcome="Passed" testListId="8c84fa94-04c1-424b-9868-57a2d4851a1d" relativeResultsDirectory="15ae4d05-c604-4981-a058-cad23a7dfdd9">
    </UnitTestResult>
    <UnitTestResult executionId="b249e5cb-7b49-418e-9242-9cbf0d8aa761" testId="dd120e22-c30c-9c60-6bde-948198bc12d2" testName="HyperbolicTangentTest" computerName="LIL-MONEY-PIT" duration="00:00:00.0002979" startTime="2012-02-01T16:39:28.1722286-05:00" endTime="2012-02-01T16:39:28.1752288-05:00" testType="13cdc9d9-ddb5-4fa4-a97d-d965ccfc6d4b" outcome="Passed" testListId="8c84fa94-04c1-424b-9868-57a2d4851a1d" relativeResultsDirectory="b249e5cb-7b49-418e-9242-9cbf0d8aa761">
    </UnitTestResult>
    <UnitTestResult executionId="1869c006-aace-4f25-a398-7a29d357539c" testId="f590dcde-57c2-4844-9cad-2fe602dec5de" testName="ModifiedLogisticTest" computerName="LIL-MONEY-PIT" duration="00:00:00.0002621" startTime="2012-02-01T16:39:28.1772289-05:00" endTime="2012-02-01T16:39:28.1792290-05:00" testType="13cdc9d9-ddb5-4fa4-a97d-d965ccfc6d4b" outcome="Passed" testListId="8c84fa94-04c1-424b-9868-57a2d4851a1d" relativeResultsDirectory="1869c006-aace-4f25-a398-7a29d357539c">
    </UnitTestResult>
    <UnitTestResult executionId="3873c1c1-8115-4ffc-8fd9-6dd31b01b520" testId="ff4ad6f6-4cbb-7229-fbd4-444874289508" testName="GeneralizedLogisticTest1" computerName="LIL-MONEY-PIT" duration="00:00:00.0002975" startTime="2012-02-01T16:39:28.1812291-05:00" endTime="2012-02-01T16:39:28.1852294-05:00" testType="13cdc9d9-ddb5-4fa4-a97d-d965ccfc6d4b" outcome="Passed" testListId="8c84fa94-04c1-424b-9868-57a2d4851a1d" relativeResultsDirectory="3873c1c1-8115-4ffc-8fd9-6dd31b01b520">
    </UnitTestResult>
  </Results>
</TestRun>